(node:2725309) Warning: Accessing non-existent property 'padLevels' of module exports inside circular dependency
(Use `node --trace-warnings ...` to show where the warning was created)
Started with the following options:
{
  debug: true,
  mitmIp: '10.0.3.1',
  autoAccess: true,
  autoAccessCache: 5000,
  maxAttemptsPerConnection: 6,
  sshServerIdentifier: 'SSH-2.0-OpenSSH_6.6.1p1 Ubuntu-2ubuntu2',
  containerMountPathPrefix: '/var/lib/lxc',
  containerMountPathSuffix: 'rootfs/',
  loggingAttackerStreams: '/home/student/MITM/logs/session_streams',
  loggingAuthenticationAttempts: '/home/student/MITM/logs/authentication_attempts',
  loggingLogins: '/home/student/MITM/logs/logins',
  loggingLogouts: '/home/student/MITM/logs/logouts',
  loggingKeystrokes: '/home/student/MITM/logs/keystrokes',
  containerName: 'banner-nosession-44165',
  containerIp: '10.0.3.227',
  mitmPort: 44165,
  autoAccessFixed: 1
}
2024-11-13 04:26:25.353 - [Info] MITM Version: 2
2024-11-13 04:26:25.355 - [Info] Auto Access Enabled: true
2024-11-13 04:26:25.362 - [Debug] [Init] Auto Access Theshold Achieved: false
2024-11-13 04:26:25.383 - [Info] SSH man-in-the-middle server for 10.0.3.227 listening on 10.0.3.1:44165
2024-11-13 04:31:12.465 - [Debug] [Connection] Attacker connected: 120.78.150.45 | Client Identification: SSH-2.0-libssh_0.7.4
{"level":"error","message":"Forever detected script was killed by signal: SIGKILL"}
