(node:2864278) Warning: Accessing non-existent property 'padLevels' of module exports inside circular dependency
(Use `node --trace-warnings ...` to show where the warning was created)
Started with the following options:
{
  debug: true,
  mitmIp: '10.0.3.1',
  autoAccess: true,
  autoAccessCache: 5000,
  maxAttemptsPerConnection: 6,
  sshServerIdentifier: 'SSH-2.0-OpenSSH_6.6.1p1 Ubuntu-2ubuntu2',
  containerMountPathPrefix: '/var/lib/lxc',
  containerMountPathSuffix: 'rootfs/',
  loggingAttackerStreams: '/home/student/MITM/logs/session_streams',
  loggingAuthenticationAttempts: '/home/student/MITM/logs/authentication_attempts',
  loggingLogins: '/home/student/MITM/logs/logins',
  loggingLogouts: '/home/student/MITM/logs/logouts',
  loggingKeystrokes: '/home/student/MITM/logs/keystrokes',
  containerName: 'banner-nosession-44210',
  containerIp: '10.0.3.44',
  mitmPort: 44210,
  autoAccessFixed: 1
}
2024-11-13 05:26:47.376 - [Info] MITM Version: 2
2024-11-13 05:26:47.377 - [Info] Auto Access Enabled: true
2024-11-13 05:26:47.378 - [Debug] [Init] Auto Access Theshold Achieved: false
2024-11-13 05:26:47.397 - [Info] SSH man-in-the-middle server for 10.0.3.44 listening on 10.0.3.1:44210
2024-11-13 05:27:13.303 - [Debug] [Connection] Attacker connected: 122.33.247.112 | Client Identification: SSH-2.0-libssh2_1.11.0
2024-11-13 05:27:31.080 - [Debug] [Connection] Attacker closed the connection
{"level":"error","message":"Forever detected script was killed by signal: SIGKILL"}
