(node:287720) Warning: Accessing non-existent property 'padLevels' of module exports inside circular dependency
(Use `node --trace-warnings ...` to show where the warning was created)
Started with the following options:
{
  debug: true,
  mitmIp: '10.0.3.1',
  autoAccess: true,
  autoAccessCache: 5000,
  maxAttemptsPerConnection: 6,
  sshServerIdentifier: 'SSH-2.0-OpenSSH_6.6.1p1 Ubuntu-2ubuntu2',
  containerMountPathPrefix: '/var/lib/lxc',
  containerMountPathSuffix: 'rootfs/',
  loggingAttackerStreams: '/home/student/MITM/logs/session_streams',
  loggingAuthenticationAttempts: '/home/student/MITM/logs/authentication_attempts',
  loggingLogins: '/home/student/MITM/logs/logins',
  loggingLogouts: '/home/student/MITM/logs/logouts',
  loggingKeystrokes: '/home/student/MITM/logs/keystrokes',
  containerName: 'banner-nosession-42450',
  containerIp: '10.0.3.83',
  mitmPort: 42450,
  autoAccessFixed: 1
}
2024-11-08 16:18:05.127 - [Info] MITM Version: 2
2024-11-08 16:18:05.139 - [Info] Auto Access Enabled: true
2024-11-08 16:18:05.140 - [Debug] [Init] Auto Access Theshold Achieved: false
2024-11-08 16:18:05.161 - [Info] SSH man-in-the-middle server for 10.0.3.83 listening on 10.0.3.1:42450
2024-11-08 16:19:22.561 - [Debug] [Connection] Attacker connected: 121.128.115.50 | Client Identification: SSH-2.0-OpenSSH_7.4
2024-11-08 16:19:25.921 - [Debug] [Connection] Attacker closed the connection
{"level":"error","message":"Forever detected script was killed by signal: SIGKILL"}
