(node:845246) Warning: Accessing non-existent property 'padLevels' of module exports inside circular dependency
(Use `node --trace-warnings ...` to show where the warning was created)
Started with the following options:
{
  debug: true,
  mitmIp: '10.0.3.1',
  autoAccess: true,
  autoAccessCache: 5000,
  maxAttemptsPerConnection: 6,
  sshServerIdentifier: 'SSH-2.0-OpenSSH_6.6.1p1 Ubuntu-2ubuntu2',
  containerMountPathPrefix: '/var/lib/lxc',
  containerMountPathSuffix: 'rootfs/',
  loggingAttackerStreams: '/home/student/MITM/logs/session_streams',
  loggingAuthenticationAttempts: '/home/student/MITM/logs/authentication_attempts',
  loggingLogins: '/home/student/MITM/logs/logins',
  loggingLogouts: '/home/student/MITM/logs/logouts',
  loggingKeystrokes: '/home/student/MITM/logs/keystrokes',
  containerName: 'banner-nosession-41229',
  containerIp: '10.0.3.84',
  mitmPort: 41229,
  autoAccessFixed: 1
}
2024-11-07 03:10:28.880 - [Info] MITM Version: 2
2024-11-07 03:10:28.882 - [Info] Auto Access Enabled: true
2024-11-07 03:10:28.883 - [Debug] [Init] Auto Access Theshold Achieved: false
2024-11-07 03:10:28.895 - [Info] SSH man-in-the-middle server for 10.0.3.84 listening on 10.0.3.1:41229
2024-11-07 03:11:14.579 - [Debug] [Connection] Attacker connected: 220.77.62.95 | Client Identification: SSH-2.0-SSH-2.0-OpenSSH_6.6.1p1 Ubuntu-2ubuntu2
{"level":"error","message":"Forever detected script was killed by signal: SIGKILL"}
