(node:3509478) Warning: Accessing non-existent property 'padLevels' of module exports inside circular dependency
(Use `node --trace-warnings ...` to show where the warning was created)
Started with the following options:
{
  debug: true,
  mitmIp: '10.0.3.1',
  autoAccess: true,
  autoAccessCache: 5000,
  maxAttemptsPerConnection: 6,
  sshServerIdentifier: 'SSH-2.0-OpenSSH_6.6.1p1 Ubuntu-2ubuntu2',
  containerMountPathPrefix: '/var/lib/lxc',
  containerMountPathSuffix: 'rootfs/',
  loggingAttackerStreams: '/home/student/MITM/logs/session_streams',
  loggingAuthenticationAttempts: '/home/student/MITM/logs/authentication_attempts',
  loggingLogins: '/home/student/MITM/logs/logins',
  loggingLogouts: '/home/student/MITM/logs/logouts',
  loggingKeystrokes: '/home/student/MITM/logs/keystrokes',
  containerName: 'banner-nosession-40714',
  containerIp: '10.0.3.174',
  mitmPort: 40714,
  autoAccessFixed: 1
}
2024-11-06 11:20:09.163 - [Info] MITM Version: 2
2024-11-06 11:20:09.166 - [Info] Auto Access Enabled: true
2024-11-06 11:20:09.166 - [Debug] [Init] Auto Access Theshold Achieved: false
2024-11-06 11:20:09.179 - [Info] SSH man-in-the-middle server for 10.0.3.174 listening on 10.0.3.1:40714
2024-11-06 11:22:53.137 - [Debug] [Connection] Attacker connected: 52.189.75.166 | Client Identification: SSH-2.0-Go
2024-11-06 11:23:03.136 - [Debug] [Connection] Attacker closed the connection
{"level":"error","message":"Forever detected script was killed by signal: SIGKILL"}
