(node:1647263) Warning: Accessing non-existent property 'padLevels' of module exports inside circular dependency
(Use `node --trace-warnings ...` to show where the warning was created)
Started with the following options:
{
  debug: true,
  mitmIp: '10.0.3.1',
  autoAccess: true,
  autoAccessCache: 5000,
  maxAttemptsPerConnection: 6,
  sshServerIdentifier: 'SSH-2.0-OpenSSH_6.6.1p1 Ubuntu-2ubuntu2',
  containerMountPathPrefix: '/var/lib/lxc',
  containerMountPathSuffix: 'rootfs/',
  loggingAttackerStreams: '/home/student/MITM/logs/session_streams',
  loggingAuthenticationAttempts: '/home/student/MITM/logs/authentication_attempts',
  loggingLogins: '/home/student/MITM/logs/logins',
  loggingLogouts: '/home/student/MITM/logs/logouts',
  loggingKeystrokes: '/home/student/MITM/logs/keystrokes',
  containerName: 'banner-nosession-43822',
  containerIp: '10.0.3.166',
  mitmPort: 43822,
  autoAccessFixed: 1
}
2024-11-12 15:31:26.091 - [Info] MITM Version: 2
2024-11-12 15:31:26.093 - [Info] Auto Access Enabled: true
2024-11-12 15:31:26.094 - [Debug] [Init] Auto Access Theshold Achieved: false
2024-11-12 15:31:26.105 - [Info] SSH man-in-the-middle server for 10.0.3.166 listening on 10.0.3.1:43822
2024-11-12 15:35:15.475 - [Debug] [Connection] Attacker connected: 14.6.185.28 | Client Identification: SSH-2.0-SSH-2.0-OpenSSH_6.6.1p1 Ubuntu-2ubuntu2
2024-11-12 15:35:17.178 - [Debug] [Auth] Attacker 14.6.185.28 trying to authenticate with 'password'
2024-11-12 15:35:17.179 - [Debug] [Auto Access] Attacker: 14.6.185.28, Threshold: 1, Attempts: 1
2024-11-12 15:35:17.179 - [Debug] [Auto Access] Compromising the honeypot
2024-11-12 15:35:17.179 - [Debug] [Auto Access] Adding the following credentials: 'admin:admin'
2024-11-12 15:35:17.585 - [Debug] [Auto Access] Auto-access is now disabled for the remainder of this MITM server instance
2024-11-12 15:35:17.588 - [Debug] [Auth] Valid credentials - Password Authentication
2024-11-12 15:35:17.588 - [Debug] [LXC] Attempting to connect to the honeypot: 10.0.3.166
2024-11-12 15:35:17.697 - [Debug] [LXC-Auth] Attacker authenticated and is inside container
2024-11-12 15:35:19.006 - [Debug] [SHELL] Opened shell for attacker
2024-11-12 15:35:19.010 - [Debug] [LXC Streams] New Stream | Total Streams: 1
2024-11-12 15:35:19.358 - [Debug] [Connection] Attacker closed connection
2024-11-12 15:35:19.375 - [Debug] [LXC] Container's OpenSSH server ended connection
2024-11-12 15:35:19.376 - [Debug] [LXC] Container's OpenSSH server closed connection
2024-11-12 15:35:19.377 - [Debug] [LXC Streams] Removed Stream | Total streams: 0
2024-11-12 15:35:19.377 - [Debug] [SHELL] Honeypot ended shell
{"level":"error","message":"Forever detected script was killed by signal: SIGKILL"}
