(node:1283982) Warning: Accessing non-existent property 'padLevels' of module exports inside circular dependency
(Use `node --trace-warnings ...` to show where the warning was created)
Started with the following options:
{
  debug: true,
  mitmIp: '10.0.3.1',
  autoAccess: true,
  autoAccessCache: 5000,
  maxAttemptsPerConnection: 6,
  sshServerIdentifier: 'SSH-2.0-OpenSSH_6.6.1p1 Ubuntu-2ubuntu2',
  containerMountPathPrefix: '/var/lib/lxc',
  containerMountPathSuffix: 'rootfs/',
  loggingAttackerStreams: '/home/student/MITM/logs/session_streams',
  loggingAuthenticationAttempts: '/home/student/MITM/logs/authentication_attempts',
  loggingLogins: '/home/student/MITM/logs/logins',
  loggingLogouts: '/home/student/MITM/logs/logouts',
  loggingKeystrokes: '/home/student/MITM/logs/keystrokes',
  containerName: 'banner-nosession-41384',
  containerIp: '10.0.3.178',
  mitmPort: 41384,
  autoAccessFixed: 1
}
2024-11-07 07:06:12.767 - [Info] MITM Version: 2
2024-11-07 07:06:12.769 - [Info] Auto Access Enabled: true
2024-11-07 07:06:12.769 - [Debug] [Init] Auto Access Theshold Achieved: false
2024-11-07 07:06:12.781 - [Info] SSH man-in-the-middle server for 10.0.3.178 listening on 10.0.3.1:41384
2024-11-07 07:09:16.920 - [Debug] [Connection] Attacker connected: 113.25.250.81 | Client Identification: SSH-2.0-OpenSSH_7.4
2024-11-07 07:09:22.896 - [Debug] [Connection] Attacker closed the connection
{"level":"error","message":"Forever detected script was killed by signal: SIGKILL"}
