(node:1843798) Warning: Accessing non-existent property 'padLevels' of module exports inside circular dependency
(Use `node --trace-warnings ...` to show where the warning was created)
Started with the following options:
{
  debug: true,
  mitmIp: '10.0.3.1',
  autoAccess: true,
  autoAccessCache: 5000,
  maxAttemptsPerConnection: 6,
  sshServerIdentifier: 'SSH-2.0-OpenSSH_6.6.1p1 Ubuntu-2ubuntu2',
  containerMountPathPrefix: '/var/lib/lxc',
  containerMountPathSuffix: 'rootfs/',
  loggingAttackerStreams: '/home/student/MITM/logs/session_streams',
  loggingAuthenticationAttempts: '/home/student/MITM/logs/authentication_attempts',
  loggingLogins: '/home/student/MITM/logs/logins',
  loggingLogouts: '/home/student/MITM/logs/logouts',
  loggingKeystrokes: '/home/student/MITM/logs/keystrokes',
  containerName: 'banner-nosession-42970',
  containerIp: '10.0.3.197',
  mitmPort: 42970,
  autoAccessFixed: 1
}
2024-11-09 08:29:25.061 - [Info] MITM Version: 2
2024-11-09 08:29:25.063 - [Info] Auto Access Enabled: true
2024-11-09 08:29:25.063 - [Debug] [Init] Auto Access Theshold Achieved: false
2024-11-09 08:29:25.091 - [Info] SSH man-in-the-middle server for 10.0.3.197 listening on 10.0.3.1:42970
