(node:2377940) Warning: Accessing non-existent property 'padLevels' of module exports inside circular dependency
(Use `node --trace-warnings ...` to show where the warning was created)
Started with the following options:
{
  debug: true,
  mitmIp: '10.0.3.1',
  autoAccess: true,
  autoAccessCache: 5000,
  maxAttemptsPerConnection: 6,
  sshServerIdentifier: 'SSH-2.0-OpenSSH_6.6.1p1 Ubuntu-2ubuntu2',
  containerMountPathPrefix: '/var/lib/lxc',
  containerMountPathSuffix: 'rootfs/',
  loggingAttackerStreams: '/home/student/MITM/logs/session_streams',
  loggingAuthenticationAttempts: '/home/student/MITM/logs/authentication_attempts',
  loggingLogins: '/home/student/MITM/logs/logins',
  loggingLogouts: '/home/student/MITM/logs/logouts',
  loggingKeystrokes: '/home/student/MITM/logs/keystrokes',
  containerName: 'banner-nosession-45350',
  containerIp: '10.0.3.252',
  mitmPort: 45350,
  autoAccessFixed: 1
}
2024-11-14 10:42:31.536 - [Info] MITM Version: 2
2024-11-14 10:42:31.538 - [Info] Auto Access Enabled: true
2024-11-14 10:42:31.539 - [Debug] [Init] Auto Access Theshold Achieved: false
2024-11-14 10:42:31.550 - [Info] SSH man-in-the-middle server for 10.0.3.252 listening on 10.0.3.1:45350
2024-11-14 10:43:26.614 - [Debug] [Connection] Attacker connected: 49.231.192.36 | Client Identification: SSH-2.0-libssh_0.9.6
2024-11-14 10:43:31.698 - [Debug] [Connection] Attacker closed the connection
{"level":"error","message":"Forever detected script was killed by signal: SIGKILL"}
