(node:504684) Warning: Accessing non-existent property 'padLevels' of module exports inside circular dependency
(Use `node --trace-warnings ...` to show where the warning was created)
Started with the following options:
{
  debug: true,
  mitmIp: '10.0.3.1',
  autoAccess: true,
  autoAccessCache: 5000,
  maxAttemptsPerConnection: 6,
  sshServerIdentifier: 'SSH-2.0-OpenSSH_6.6.1p1 Ubuntu-2ubuntu2',
  containerMountPathPrefix: '/var/lib/lxc',
  containerMountPathSuffix: 'rootfs/',
  loggingAttackerStreams: '/home/student/MITM/logs/session_streams',
  loggingAuthenticationAttempts: '/home/student/MITM/logs/authentication_attempts',
  loggingLogins: '/home/student/MITM/logs/logins',
  loggingLogouts: '/home/student/MITM/logs/logouts',
  loggingKeystrokes: '/home/student/MITM/logs/keystrokes',
  containerName: 'banner-nosession-42524',
  containerIp: '10.0.3.17',
  mitmPort: 42524,
  autoAccessFixed: 1
}
2024-11-08 18:27:33.578 - [Info] MITM Version: 2
2024-11-08 18:27:33.580 - [Info] Auto Access Enabled: true
2024-11-08 18:27:33.581 - [Debug] [Init] Auto Access Theshold Achieved: false
2024-11-08 18:27:33.592 - [Info] SSH man-in-the-middle server for 10.0.3.17 listening on 10.0.3.1:42524
2024-11-08 18:28:32.534 - [Debug] [Connection] Attacker connected: 221.145.231.206 | Client Identification: SSH-2.0-SSH-2.0-OpenSSH_6.6.1p1 Ubuntu-2ubuntu2
2024-11-08 18:28:37.715 - [Debug] [Connection] Attacker closed the connection
{"level":"error","message":"Forever detected script was killed by signal: SIGKILL"}
