(node:2949293) Warning: Accessing non-existent property 'padLevels' of module exports inside circular dependency
(Use `node --trace-warnings ...` to show where the warning was created)
Started with the following options:
{
  debug: true,
  mitmIp: '10.0.3.1',
  autoAccess: true,
  autoAccessCache: 5000,
  maxAttemptsPerConnection: 6,
  sshServerIdentifier: 'SSH-2.0-OpenSSH_6.6.1p1 Ubuntu-2ubuntu2',
  containerMountPathPrefix: '/var/lib/lxc',
  containerMountPathSuffix: 'rootfs/',
  loggingAttackerStreams: '/home/student/MITM/logs/session_streams',
  loggingAuthenticationAttempts: '/home/student/MITM/logs/authentication_attempts',
  loggingLogins: '/home/student/MITM/logs/logins',
  loggingLogouts: '/home/student/MITM/logs/logouts',
  loggingKeystrokes: '/home/student/MITM/logs/keystrokes',
  containerName: 'banner-nosession-45517',
  containerIp: '10.0.3.35',
  mitmPort: 45517,
  autoAccessFixed: 1
}
2024-11-14 15:40:09.623 - [Info] MITM Version: 2
2024-11-14 15:40:09.625 - [Info] Auto Access Enabled: true
2024-11-14 15:40:09.625 - [Debug] [Init] Auto Access Theshold Achieved: false
2024-11-14 15:40:09.639 - [Info] SSH man-in-the-middle server for 10.0.3.35 listening on 10.0.3.1:45517
2024-11-14 15:42:21.226 - [Debug] [Connection] Attacker connected: 121.128.115.50 | Client Identification: SSH-2.0-OpenSSH_7.4
2024-11-14 15:42:24.225 - [Debug] [Connection] Attacker closed the connection
{"level":"error","message":"Forever detected script was killed by signal: SIGKILL"}
