(node:2551776) Warning: Accessing non-existent property 'padLevels' of module exports inside circular dependency
(Use `node --trace-warnings ...` to show where the warning was created)
Started with the following options:
{
  debug: true,
  mitmIp: '10.0.3.1',
  autoAccess: true,
  autoAccessCache: 5000,
  maxAttemptsPerConnection: 6,
  sshServerIdentifier: 'SSH-2.0-OpenSSH_6.6.1p1 Ubuntu-2ubuntu2',
  containerMountPathPrefix: '/var/lib/lxc',
  containerMountPathSuffix: 'rootfs/',
  loggingAttackerStreams: '/home/student/MITM/logs/session_streams',
  loggingAuthenticationAttempts: '/home/student/MITM/logs/authentication_attempts',
  loggingLogins: '/home/student/MITM/logs/logins',
  loggingLogouts: '/home/student/MITM/logs/logouts',
  loggingKeystrokes: '/home/student/MITM/logs/keystrokes',
  containerName: 'banner-nosession-40388',
  containerIp: '10.0.3.8',
  mitmPort: 40388,
  autoAccessFixed: 1
}
2024-11-06 01:54:23.185 - [Info] MITM Version: 2
2024-11-06 01:54:23.187 - [Info] Auto Access Enabled: true
2024-11-06 01:54:23.188 - [Debug] [Init] Auto Access Theshold Achieved: false
2024-11-06 01:54:23.198 - [Info] SSH man-in-the-middle server for 10.0.3.8 listening on 10.0.3.1:40388
2024-11-06 01:56:14.008 - [Debug] [Connection] Attacker connected: 51.154.34.214 | Client Identification: SSH-2.0-Go
2024-11-06 01:56:33.251 - [Debug] [Connection] Attacker closed the connection
{"level":"error","message":"Forever detected script was killed by signal: SIGKILL"}
