(node:3720253) Warning: Accessing non-existent property 'padLevels' of module exports inside circular dependency
(Use `node --trace-warnings ...` to show where the warning was created)
Started with the following options:
{
  debug: true,
  mitmIp: '10.0.3.1',
  autoAccess: true,
  autoAccessCache: 5000,
  maxAttemptsPerConnection: 6,
  sshServerIdentifier: 'SSH-2.0-OpenSSH_6.6.1p1 Ubuntu-2ubuntu2',
  containerMountPathPrefix: '/var/lib/lxc',
  containerMountPathSuffix: 'rootfs/',
  loggingAttackerStreams: '/home/student/MITM/logs/session_streams',
  loggingAuthenticationAttempts: '/home/student/MITM/logs/authentication_attempts',
  loggingLogins: '/home/student/MITM/logs/logins',
  loggingLogouts: '/home/student/MITM/logs/logouts',
  loggingKeystrokes: '/home/student/MITM/logs/keystrokes',
  containerName: 'banner-nosession-42198',
  containerIp: '10.0.3.110',
  mitmPort: 42198,
  autoAccessFixed: 1
}
2024-11-08 08:12:32.921 - [Info] MITM Version: 2
2024-11-08 08:12:32.923 - [Info] Auto Access Enabled: true
2024-11-08 08:12:32.923 - [Debug] [Init] Auto Access Theshold Achieved: false
2024-11-08 08:12:32.933 - [Info] SSH man-in-the-middle server for 10.0.3.110 listening on 10.0.3.1:42198
2024-11-08 08:12:42.645 - [Debug] [Connection] Attacker connected: 159.223.228.27 | Client Identification: SSH-2.0-Go
2024-11-08 08:12:52.640 - [Debug] [Connection] Attacker closed the connection
{"level":"error","message":"Forever detected script was killed by signal: SIGKILL"}
