(node:2116654) Warning: Accessing non-existent property 'padLevels' of module exports inside circular dependency
(Use `node --trace-warnings ...` to show where the warning was created)
Started with the following options:
{
  debug: true,
  mitmIp: '10.0.3.1',
  autoAccess: true,
  autoAccessCache: 5000,
  maxAttemptsPerConnection: 6,
  sshServerIdentifier: 'SSH-2.0-OpenSSH_6.6.1p1 Ubuntu-2ubuntu2',
  containerMountPathPrefix: '/var/lib/lxc',
  containerMountPathSuffix: 'rootfs/',
  loggingAttackerStreams: '/home/student/MITM/logs/session_streams',
  loggingAuthenticationAttempts: '/home/student/MITM/logs/authentication_attempts',
  loggingLogins: '/home/student/MITM/logs/logins',
  loggingLogouts: '/home/student/MITM/logs/logouts',
  loggingKeystrokes: '/home/student/MITM/logs/keystrokes',
  containerName: 'banner-nosession-40277',
  containerIp: '10.0.3.76',
  mitmPort: 40277,
  autoAccessFixed: 1
}
2024-11-05 19:11:16.998 - [Info] MITM Version: 2
2024-11-05 19:11:17.000 - [Info] Auto Access Enabled: true
2024-11-05 19:11:17.000 - [Debug] [Init] Auto Access Theshold Achieved: false
2024-11-05 19:11:17.013 - [Info] SSH man-in-the-middle server for 10.0.3.76 listening on 10.0.3.1:40277
2024-11-05 19:12:58.307 - [Debug] [Connection] Attacker connected: 71.244.139.120 | Client Identification: SSH-2.0-OpenSSH_9.7
2024-11-05 19:13:00.950 - [Debug] [Auth] Attacker 71.244.139.120 trying to authenticate with 'none'
2024-11-05 19:13:00.950 - [Debug] [Auth] Attacker authentication error: No authentication method provided
2024-11-05 19:13:03.839 - [Debug] [Auth] Attacker 71.244.139.120 trying to authenticate with 'password'
2024-11-05 19:13:03.840 - [Debug] [Auto Access] Attacker: 71.244.139.120, Threshold: 1, Attempts: 1
2024-11-05 19:13:03.840 - [Debug] [Auto Access] Compromising the honeypot
2024-11-05 19:13:03.840 - [Debug] [Auto Access] Adding the following credentials: 'saravsrini:1234'
2024-11-05 19:13:04.081 - [Debug] [Auto Access] Auto-access is now disabled for the remainder of this MITM server instance
2024-11-05 19:13:04.083 - [Debug] [Auth] Valid credentials - Password Authentication
2024-11-05 19:13:04.084 - [Debug] [LXC] Attempting to connect to the honeypot: 10.0.3.76
2024-11-05 19:13:04.156 - [Debug] [LXC-Auth] Attacker authenticated and is inside container
2024-11-05 19:13:04.332 - [Debug] [SHELL] Opened shell for attacker
2024-11-05 19:13:04.335 - [Debug] [LXC Streams] New Stream | Total Streams: 1
2024-11-05 19:13:07.782 - [Debug] [SHELL] Attacker Keystroke: l
2024-11-05 19:13:07.937 - [Debug] [SHELL] Attacker Keystroke: s
2024-11-05 19:13:08.093 - [Debug] [SHELL] Attacker Keystroke: [CR]
2024-11-05 19:13:08.095 - [Debug] [SHELL] line from reader: ls
2024-11-05 19:13:08.095 - [Debug] [SHELL] Keystroke buffer: 108,115,13
2024-11-05 19:13:08.838 - [Debug] [SHELL] Attacker Keystroke: w
2024-11-05 19:13:08.996 - [Debug] [SHELL] Attacker Keystroke: h
2024-11-05 19:13:09.162 - [Debug] [SHELL] Attacker Keystroke: o
2024-11-05 19:13:09.351 - [Debug] [SHELL] Attacker Keystroke: [Space]
2024-11-05 19:13:09.488 - [Debug] [SHELL] Attacker Keystroke: a
2024-11-05 19:13:09.629 - [Debug] [SHELL] Attacker Keystroke: m
2024-11-05 19:13:09.786 - [Debug] [SHELL] Attacker Keystroke: [Space]
2024-11-05 19:13:09.982 - [Debug] [SHELL] Attacker Keystroke: i
2024-11-05 19:13:10.308 - [Debug] [SHELL] Attacker Keystroke: [CR]
2024-11-05 19:13:10.309 - [Debug] [SHELL] line from reader: who am i
2024-11-05 19:13:10.309 - [Debug] [SHELL] Keystroke buffer: 119,104,111,32,97,109,32,105,13
2024-11-05 19:13:19.272 - [Debug] [SHELL] Attacker Keystroke: y
2024-11-05 19:13:19.836 - [Debug] [SHELL] Attacker Keystroke: u
2024-11-05 19:13:20.044 - [Debug] [SHELL] Attacker Keystroke: m
2024-11-05 19:13:20.211 - [Debug] [SHELL] Attacker Keystroke: [Space]
2024-11-05 19:13:20.429 - [Debug] [SHELL] Attacker Keystroke: u
2024-11-05 19:13:20.506 - [Debug] [SHELL] Attacker Keystroke: p
2024-11-05 19:13:20.763 - [Debug] [SHELL] Attacker Keystroke: a
2024-11-05 19:13:20.898 - [Debug] [SHELL] Attacker Keystroke: t
2024-11-05 19:13:20.966 - [Debug] [SHELL] Attacker Keystroke: e
2024-11-05 19:13:21.736 - [Debug] [SHELL] Attacker Keystroke: [DEL]
2024-11-05 19:13:21.918 - [Debug] [SHELL] Attacker Keystroke: [DEL]
2024-11-05 19:13:22.900 - [Debug] [SHELL] Attacker Keystroke: [DEL]
2024-11-05 19:13:23.188 - [Debug] [SHELL] Attacker Keystroke: d
2024-11-05 19:13:23.214 - [Debug] [SHELL] Attacker Keystroke: a
2024-11-05 19:13:23.425 - [Debug] [SHELL] Attacker Keystroke: t
2024-11-05 19:13:23.521 - [Debug] [SHELL] Attacker Keystroke: e
2024-11-05 19:13:24.065 - [Debug] [SHELL] Attacker Keystroke: [CR]
2024-11-05 19:13:24.066 - [Debug] [SHELL] line from reader: yum update
2024-11-05 19:13:24.066 - [Debug] [SHELL] Keystroke buffer: 121,117,109,32,117,112,97,116,101,127,127,127,100,97,116,101,13
2024-11-05 19:13:34.146 - [Debug] [SHELL] Attacker Keystroke: p
2024-11-05 19:13:34.279 - [Debug] [SHELL] Attacker Keystroke: w
2024-11-05 19:13:34.520 - [Debug] [SHELL] Attacker Keystroke: d
2024-11-05 19:13:34.844 - [Debug] [SHELL] Attacker Keystroke: [Space]
2024-11-05 19:13:35.114 - [Debug] [SHELL] Attacker Keystroke: r
2024-11-05 19:13:35.482 - [Debug] [SHELL] Attacker Keystroke: o
2024-11-05 19:13:35.614 - [Debug] [SHELL] Attacker Keystroke: o
2024-11-05 19:13:35.779 - [Debug] [SHELL] Attacker Keystroke: t
2024-11-05 19:13:36.465 - [Debug] [SHELL] Attacker Keystroke: [CR]
2024-11-05 19:13:36.465 - [Debug] [SHELL] line from reader: pwd root
2024-11-05 19:13:36.466 - [Debug] [SHELL] Keystroke buffer: 112,119,100,32,114,111,111,116,13
2024-11-05 19:13:44.356 - [Debug] [SHELL] Attacker Keystroke: [ESC][A
2024-11-05 19:13:44.554 - [Debug] [SHELL] Attacker Keystroke: [ESC][A
2024-11-05 19:13:44.916 - [Debug] [SHELL] Attacker Keystroke: [ESC][A
2024-11-05 19:13:53.164 - [Debug] [SHELL] Attacker Keystroke: [DEL]
2024-11-05 19:13:53.230 - [Debug] [SHELL] Attacker Keystroke: [DEL]
2024-11-05 19:13:53.399 - [Debug] [SHELL] Attacker Keystroke: [DEL]
2024-11-05 19:13:53.537 - [Debug] [SHELL] Attacker Keystroke: [DEL]
2024-11-05 19:13:53.698 - [Debug] [SHELL] Attacker Keystroke: [DEL]
2024-11-05 19:13:53.858 - [Debug] [SHELL] Attacker Keystroke: [DEL]
2024-11-05 19:13:54.028 - [Debug] [SHELL] Attacker Keystroke: [DEL]
2024-11-05 19:13:54.178 - [Debug] [SHELL] Attacker Keystroke: [DEL]
2024-11-05 19:13:59.367 - [Debug] [SHELL] Attacker Keystroke: i
2024-11-05 19:13:59.565 - [Debug] [SHELL] Attacker Keystroke: f
2024-11-05 19:13:59.792 - [Debug] [SHELL] Attacker Keystroke: c
2024-11-05 19:13:59.885 - [Debug] [SHELL] Attacker Keystroke: o
2024-11-05 19:14:00.039 - [Debug] [SHELL] Attacker Keystroke: n
2024-11-05 19:14:00.192 - [Debug] [SHELL] Attacker Keystroke: f
2024-11-05 19:14:00.298 - [Debug] [SHELL] Attacker Keystroke: i
2024-11-05 19:14:00.429 - [Debug] [SHELL] Attacker Keystroke: g
2024-11-05 19:14:00.567 - [Debug] [SHELL] Attacker Keystroke: [CR]
2024-11-05 19:14:00.568 - [Debug] [SHELL] line from reader: ifconfig
2024-11-05 19:14:00.568 - [Debug] [SHELL] Keystroke buffer: 27,91,65,27,91,65,27,91,65,127,127,127,127,127,127,127,127,105,102,99,111,110,102,105,103,13
2024-11-05 19:14:02.872 - [Debug] [SHELL] Attacker Keystroke: p
2024-11-05 19:14:02.980 - [Debug] [SHELL] Attacker Keystroke: w
2024-11-05 19:14:03.048 - [Debug] [SHELL] Attacker Keystroke: d
2024-11-05 19:14:03.737 - [Debug] [SHELL] Attacker Keystroke: [Space]
2024-11-05 19:14:04.598 - [Debug] [SHELL] Attacker Keystroke: /
2024-11-05 19:14:05.555 - [Debug] [SHELL] Attacker Keystroke: [DEL]
2024-11-05 19:14:05.914 - [Debug] [SHELL] Attacker Keystroke: -
2024-11-05 19:14:06.266 - [Debug] [SHELL] Attacker Keystroke: h
2024-11-05 19:14:06.486 - [Debug] [SHELL] Attacker Keystroke: [CR]
2024-11-05 19:14:06.487 - [Debug] [SHELL] line from reader: pwd -h
2024-11-05 19:14:06.487 - [Debug] [SHELL] Keystroke buffer: 112,119,100,32,47,127,45,104,13
2024-11-05 19:14:13.169 - [Debug] [SHELL] Attacker Keystroke: p
2024-11-05 19:14:13.614 - [Debug] [SHELL] Attacker Keystroke: w
2024-11-05 19:14:13.710 - [Debug] [SHELL] Attacker Keystroke: d
2024-11-05 19:14:14.046 - [Debug] [SHELL] Attacker Keystroke: [Space]
2024-11-05 19:14:34.224 - [Debug] [SHELL] Attacker Keystroke: [DEL]
2024-11-05 19:14:34.356 - [Debug] [SHELL] Attacker Keystroke: [DEL]
2024-11-05 19:14:34.523 - [Debug] [SHELL] Attacker Keystroke: [DEL]
2024-11-05 19:14:34.704 - [Debug] [SHELL] Attacker Keystroke: [DEL]
2024-11-05 19:14:39.633 - [Debug] [SHELL] Attacker Keystroke: dAjfennirdin&wonpo4
2024-11-05 19:14:41.721 - [Debug] [SHELL] Attacker Keystroke: [DEL]
2024-11-05 19:14:42.224 - [Debug] [SHELL] Attacker Keystroke: [DEL]
2024-11-05 19:14:42.303 - [Debug] [SHELL] Attacker Keystroke: [DEL]
2024-11-05 19:14:42.391 - [Debug] [SHELL] Attacker Keystroke: [DEL]
2024-11-05 19:14:42.485 - [Debug] [SHELL] Attacker Keystroke: [DEL]
2024-11-05 19:14:42.567 - [Debug] [SHELL] Attacker Keystroke: [DEL]
2024-11-05 19:14:42.634 - [Debug] [SHELL] Attacker Keystroke: [DEL]
2024-11-05 19:14:42.721 - [Debug] [SHELL] Attacker Keystroke: [DEL]
2024-11-05 19:14:42.810 - [Debug] [SHELL] Attacker Keystroke: [DEL]
2024-11-05 19:14:42.899 - [Debug] [SHELL] Attacker Keystroke: [DEL]
2024-11-05 19:14:42.986 - [Debug] [SHELL] Attacker Keystroke: [DEL]
2024-11-05 19:14:43.069 - [Debug] [SHELL] Attacker Keystroke: [DEL]
2024-11-05 19:14:43.136 - [Debug] [SHELL] Attacker Keystroke: [DEL]
2024-11-05 19:14:43.223 - [Debug] [SHELL] Attacker Keystroke: [DEL]
2024-11-05 19:14:43.309 - [Debug] [SHELL] Attacker Keystroke: [DEL]
2024-11-05 19:14:43.394 - [Debug] [SHELL] Attacker Keystroke: [DEL]
2024-11-05 19:14:43.486 - [Debug] [SHELL] Attacker Keystroke: [DEL]
2024-11-05 19:14:43.550 - [Debug] [SHELL] Attacker Keystroke: [DEL]
2024-11-05 19:14:43.635 - [Debug] [SHELL] Attacker Keystroke: [DEL]
2024-11-05 19:14:43.725 - [Debug] [SHELL] Attacker Keystroke: [DEL]
2024-11-05 19:14:43.820 - [Debug] [SHELL] Attacker Keystroke: [DEL]
2024-11-05 19:14:45.087 - [Debug] [SHELL] Attacker Keystroke: s
2024-11-05 19:14:45.292 - [Debug] [SHELL] Attacker Keystroke: u
2024-11-05 19:14:45.490 - [Debug] [SHELL] Attacker Keystroke: d
2024-11-05 19:14:45.599 - [Debug] [SHELL] Attacker Keystroke: o
2024-11-05 19:14:45.885 - [Debug] [SHELL] Attacker Keystroke: [Space]
2024-11-05 19:14:46.574 - [Debug] [SHELL] Attacker Keystroke: r
2024-11-05 19:14:46.745 - [Debug] [SHELL] Attacker Keystroke: o
2024-11-05 19:14:46.882 - [Debug] [SHELL] Attacker Keystroke: o
2024-11-05 19:14:47.013 - [Debug] [SHELL] Attacker Keystroke: t
2024-11-05 19:14:47.148 - [Debug] [SHELL] Attacker Keystroke: [CR]
2024-11-05 19:14:47.149 - [Debug] [SHELL] line from reader: sudo root
2024-11-05 19:14:47.149 - [Debug] [SHELL] Keystroke buffer: 112,119,100,32,127,127,127,127,100,65,106,102,101,110,110,105,114,100,105,110,38,119,111,110,112,111,52,127,127,127,127,127,127,127,127,127,127,127,127,127,127,127,127,127,127,127,127,127,115,117,100,111,32,114,111,111,116,13
2024-11-05 19:14:48.876 - [Debug] [SHELL] Attacker Keystroke: 1
2024-11-05 19:14:49.007 - [Debug] [SHELL] Attacker Keystroke: 2
2024-11-05 19:14:49.238 - [Debug] [SHELL] Attacker Keystroke: 3
2024-11-05 19:14:49.423 - [Debug] [SHELL] Attacker Keystroke: 4
2024-11-05 19:14:49.564 - [Debug] [SHELL] Attacker Keystroke: [CR]
2024-11-05 19:14:49.565 - [Debug] [SHELL] line from reader: 1234
2024-11-05 19:14:49.565 - [Debug] [SHELL] Keystroke buffer: 49,50,51,52,13
2024-11-05 19:14:57.474 - [Debug] [SHELL] Attacker Keystroke: s
2024-11-05 19:14:57.595 - [Debug] [SHELL] Attacker Keystroke: u
2024-11-05 19:14:57.758 - [Debug] [SHELL] Attacker Keystroke: d
2024-11-05 19:14:57.893 - [Debug] [SHELL] Attacker Keystroke: o
2024-11-05 19:14:58.069 - [Debug] [SHELL] Attacker Keystroke: [Space]
2024-11-05 19:14:59.397 - [Debug] [SHELL] Attacker Keystroke: p
2024-11-05 19:14:59.563 - [Debug] [SHELL] Attacker Keystroke: w
2024-11-05 19:14:59.713 - [Debug] [SHELL] Attacker Keystroke: d
2024-11-05 19:15:06.735 - [Debug] [SHELL] Attacker Keystroke: [DEL]
2024-11-05 19:15:06.924 - [Debug] [SHELL] Attacker Keystroke: [DEL]
2024-11-05 19:15:07.465 - [Debug] [SHELL] Attacker Keystroke: a
2024-11-05 19:15:07.757 - [Debug] [SHELL] Attacker Keystroke: s
2024-11-05 19:15:07.936 - [Debug] [SHELL] Attacker Keystroke: s
2024-11-05 19:15:08.659 - [Debug] [SHELL] Attacker Keystroke: w
2024-11-05 19:15:08.892 - [Debug] [SHELL] Attacker Keystroke: d
2024-11-05 19:15:09.322 - [Debug] [SHELL] Attacker Keystroke: [Space]
2024-11-05 19:15:09.646 - [Debug] [SHELL] Attacker Keystroke: r
2024-11-05 19:15:09.829 - [Debug] [SHELL] Attacker Keystroke: o
2024-11-05 19:15:09.972 - [Debug] [SHELL] Attacker Keystroke: o
2024-11-05 19:15:10.147 - [Debug] [SHELL] Attacker Keystroke: t
2024-11-05 19:15:10.258 - [Debug] [SHELL] Attacker Keystroke: [CR]
2024-11-05 19:15:10.259 - [Debug] [SHELL] line from reader: sudo passwd root
2024-11-05 19:15:10.259 - [Debug] [SHELL] Keystroke buffer: 115,117,100,111,32,112,119,100,127,127,97,115,115,119,100,32,114,111,111,116,13
2024-11-05 19:15:12.420 - [Debug] [SHELL] Attacker Keystroke: 1
2024-11-05 19:15:12.532 - [Debug] [SHELL] Attacker Keystroke: 2
2024-11-05 19:15:12.800 - [Debug] [SHELL] Attacker Keystroke: 3
2024-11-05 19:15:13.008 - [Debug] [SHELL] Attacker Keystroke: 4
2024-11-05 19:15:13.200 - [Debug] [SHELL] Attacker Keystroke: [CR]
2024-11-05 19:15:13.201 - [Debug] [SHELL] line from reader: 1234
2024-11-05 19:15:13.201 - [Debug] [SHELL] Keystroke buffer: 49,50,51,52,13
2024-11-05 19:15:24.086 - [Debug] [SHELL] Attacker Keystroke: l
2024-11-05 19:15:24.196 - [Debug] [SHELL] Attacker Keystroke: s
2024-11-05 19:15:24.298 - [Debug] [SHELL] Attacker Keystroke: [Space]
2024-11-05 19:15:24.474 - [Debug] [SHELL] Attacker Keystroke: -
2024-11-05 19:15:25.081 - [Debug] [SHELL] Attacker Keystroke: [DEL]
2024-11-05 19:15:25.200 - [Debug] [SHELL] Attacker Keystroke: [DEL]
2024-11-05 19:15:25.368 - [Debug] [SHELL] Attacker Keystroke: [DEL]
2024-11-05 19:15:25.516 - [Debug] [SHELL] Attacker Keystroke: [DEL]
2024-11-05 19:15:25.648 - [Debug] [SHELL] Attacker Keystroke: [DEL]
2024-11-05 19:15:26.148 - [Debug] [SHELL] Attacker Keystroke: f
2024-11-05 19:15:26.288 - [Debug] [SHELL] Attacker Keystroke: i
2024-11-05 19:15:26.355 - [Debug] [SHELL] Attacker Keystroke: n
2024-11-05 19:15:26.534 - [Debug] [SHELL] Attacker Keystroke: d
2024-11-05 19:15:26.729 - [Debug] [SHELL] Attacker Keystroke: [Space]
2024-11-05 19:15:27.586 - [Debug] [SHELL] Attacker Keystroke: *
2024-11-05 19:15:27.863 - [Debug] [SHELL] Attacker Keystroke: [CR]
2024-11-05 19:15:27.863 - [Debug] [SHELL] line from reader: find *
2024-11-05 19:15:27.864 - [Debug] [SHELL] Keystroke buffer: 108,115,32,45,127,127,127,127,127,102,105,110,100,32,42,13
2024-11-05 19:15:29.915 - [Debug] [SHELL] Attacker Keystroke: t
2024-11-05 19:15:30.113 - [Debug] [SHELL] Attacker Keystroke: o
2024-11-05 19:15:30.222 - [Debug] [SHELL] Attacker Keystroke: p
2024-11-05 19:15:30.429 - [Debug] [SHELL] Attacker Keystroke: [CR]
2024-11-05 19:15:30.430 - [Debug] [SHELL] line from reader: top
2024-11-05 19:15:30.430 - [Debug] [SHELL] Keystroke buffer: 116,111,112,13
2024-11-05 19:15:39.326 - [Debug] [SHELL] Attacker Keystroke: q
2024-11-05 19:15:56.337 - [Debug] [SHELL] Attacker Keystroke: q
2024-11-05 19:15:58.296 - [Debug] [SHELL] Attacker Keystroke: [DEL]
2024-11-05 19:15:59.013 - [Debug] [SHELL] Attacker Keystroke: u
2024-11-05 19:15:59.029 - [Debug] [SHELL] Attacker Keystroke: s
2024-11-05 19:15:59.177 - [Debug] [SHELL] Attacker Keystroke: e
2024-11-05 19:15:59.357 - [Debug] [SHELL] Attacker Keystroke: r
2024-11-05 19:15:59.543 - [Debug] [SHELL] Attacker Keystroke: a
2024-11-05 19:15:59.805 - [Debug] [SHELL] Attacker Keystroke: d
2024-11-05 19:15:59.958 - [Debug] [SHELL] Attacker Keystroke: d
2024-11-05 19:16:00.093 - [Debug] [SHELL] Attacker Keystroke: [CR]
2024-11-05 19:16:00.095 - [Debug] [SHELL] line from reader: quseradd
2024-11-05 19:16:00.095 - [Debug] [SHELL] Keystroke buffer: 113,113,127,117,115,101,114,97,100,100,13
2024-11-05 19:16:02.839 - [Debug] [SHELL] Attacker Keystroke: u
2024-11-05 19:16:02.941 - [Debug] [SHELL] Attacker Keystroke: s
2024-11-05 19:16:03.072 - [Debug] [SHELL] Attacker Keystroke: e
2024-11-05 19:16:03.234 - [Debug] [SHELL] Attacker Keystroke: r
2024-11-05 19:16:03.502 - [Debug] [SHELL] Attacker Keystroke: a
2024-11-05 19:16:04.027 - [Debug] [SHELL] Attacker Keystroke: [DEL]
2024-11-05 19:16:04.380 - [Debug] [SHELL] Attacker Keystroke: a
2024-11-05 19:16:04.680 - [Debug] [SHELL] Attacker Keystroke: d
2024-11-05 19:16:04.822 - [Debug] [SHELL] Attacker Keystroke: d
2024-11-05 19:16:04.998 - [Debug] [SHELL] Attacker Keystroke: [Space]
2024-11-05 19:16:05.888 - [Debug] [SHELL] Attacker Keystroke: t
2024-11-05 19:16:05.989 - [Debug] [SHELL] Attacker Keystroke: e
2024-11-05 19:16:06.069 - [Debug] [SHELL] Attacker Keystroke: s
2024-11-05 19:16:06.148 - [Debug] [SHELL] Attacker Keystroke: t
2024-11-05 19:16:06.419 - [Debug] [SHELL] Attacker Keystroke: [CR]
2024-11-05 19:16:06.420 - [Debug] [SHELL] line from reader: useradd test
2024-11-05 19:16:06.420 - [Debug] [SHELL] Keystroke buffer: 117,115,101,114,97,127,97,100,100,32,116,101,115,116,13
2024-11-05 19:16:13.662 - [Debug] [SHELL] Attacker Keystroke: c
2024-11-05 19:16:13.802 - [Debug] [SHELL] Attacker Keystroke: a
2024-11-05 19:16:13.995 - [Debug] [SHELL] Attacker Keystroke: t
2024-11-05 19:16:14.147 - [Debug] [SHELL] Attacker Keystroke: [Space]
2024-11-05 19:16:14.712 - [Debug] [SHELL] Attacker Keystroke: /
2024-11-05 19:16:15.128 - [Debug] [SHELL] Attacker Keystroke: e
2024-11-05 19:16:15.280 - [Debug] [SHELL] Attacker Keystroke: t
2024-11-05 19:16:15.528 - [Debug] [SHELL] Attacker Keystroke: c
2024-11-05 19:16:15.672 - [Debug] [SHELL] Attacker Keystroke: /
2024-11-05 19:16:16.013 - [Debug] [SHELL] Attacker Keystroke: p
2024-11-05 19:16:16.837 - [Debug] [SHELL] Attacker Keystroke: [TAB]
2024-11-05 19:16:17.002 - [Debug] [SHELL] Attacker Keystroke: [TAB]
2024-11-05 19:16:20.403 - [Debug] [SHELL] Attacker Keystroke: s
2024-11-05 19:16:20.578 - [Debug] [SHELL] Attacker Keystroke: s
2024-11-05 19:16:20.887 - [Debug] [SHELL] Attacker Keystroke: w
2024-11-05 19:16:21.105 - [Debug] [SHELL] Attacker Keystroke: d
2024-11-05 19:16:21.365 - [Debug] [SHELL] Attacker Keystroke: [CR]
2024-11-05 19:16:21.366 - [Debug] [SHELL] line from reader: cat /etc/p		sswd
2024-11-05 19:16:21.366 - [Debug] [SHELL] Keystroke buffer: 99,97,116,32,47,101,116,99,47,112,9,9,115,115,119,100,13
2024-11-05 19:16:52.556 - [Debug] [SHELL] Attacker Keystroke: f
2024-11-05 19:16:52.683 - [Debug] [SHELL] Attacker Keystroke: i
2024-11-05 19:16:52.771 - [Debug] [SHELL] Attacker Keystroke: n
2024-11-05 19:16:52.904 - [Debug] [SHELL] Attacker Keystroke: d
2024-11-05 19:16:53.490 - [Debug] [SHELL] Attacker Keystroke: [Space]
2024-11-05 19:16:55.237 - [Debug] [SHELL] Attacker Keystroke: /
2024-11-05 19:16:55.943 - [Debug] [SHELL] Attacker Keystroke: [Space]
2024-11-05 19:16:56.247 - [Debug] [SHELL] Attacker Keystroke: *
2024-11-05 19:16:56.634 - [Debug] [SHELL] Attacker Keystroke: [CR]
2024-11-05 19:16:56.634 - [Debug] [SHELL] line from reader: find / *
2024-11-05 19:16:56.636 - [Debug] [SHELL] Keystroke buffer: 102,105,110,100,32,47,32,42,13
2024-11-05 19:17:44.665 - [Debug] [SHELL] Attacker Keystroke: q
2024-11-05 19:17:55.918 - [Debug] [SHELL] Attacker Keystroke: Terminal[Space]Saved[Space]Output.txt
2024-11-05 19:17:56.622 - [Debug] [SHELL] Attacker Keystroke: [CR]
2024-11-05 19:17:56.623 - [Debug] [SHELL] line from reader: qTerminal Saved Output.txt
2024-11-05 19:17:56.623 - [Debug] [SHELL] Keystroke buffer: 113,84,101,114,109,105,110,97,108,32,83,97,118,101,100,32,79,117,116,112,117,116,46,116,120,116,13
2024-11-05 19:17:56.858 - [Debug] [SHELL] Attacker Keystroke: [CR]
2024-11-05 19:17:56.859 - [Debug] [SHELL] line from reader: 
2024-11-05 19:17:56.859 - [Debug] [SHELL] Keystroke buffer: 13
2024-11-05 19:17:57.050 - [Debug] [SHELL] Attacker Keystroke: [CR]
2024-11-05 19:17:57.051 - [Debug] [SHELL] line from reader: 
2024-11-05 19:17:57.051 - [Debug] [SHELL] Keystroke buffer: 13
2024-11-05 19:17:57.231 - [Debug] [SHELL] Attacker Keystroke: [CR]
2024-11-05 19:17:57.231 - [Debug] [SHELL] line from reader: 
2024-11-05 19:17:57.232 - [Debug] [SHELL] Keystroke buffer: 13
2024-11-05 19:17:57.415 - [Debug] [SHELL] Attacker Keystroke: [CR]
2024-11-05 19:17:57.416 - [Debug] [SHELL] line from reader: 
2024-11-05 19:17:57.416 - [Debug] [SHELL] Keystroke buffer: 13
{"level":"error","message":"Forever detected script was killed by signal: SIGKILL"}
