(node:147117) Warning: Accessing non-existent property 'padLevels' of module exports inside circular dependency
(Use `node --trace-warnings ...` to show where the warning was created)
Started with the following options:
{
  debug: true,
  mitmIp: '10.0.3.1',
  autoAccess: true,
  autoAccessCache: 5000,
  maxAttemptsPerConnection: 6,
  sshServerIdentifier: 'SSH-2.0-OpenSSH_6.6.1p1 Ubuntu-2ubuntu2',
  containerMountPathPrefix: '/var/lib/lxc',
  containerMountPathSuffix: 'rootfs/',
  loggingAttackerStreams: '/home/student/MITM/logs/session_streams',
  loggingAuthenticationAttempts: '/home/student/MITM/logs/authentication_attempts',
  loggingLogins: '/home/student/MITM/logs/logins',
  loggingLogouts: '/home/student/MITM/logs/logouts',
  loggingKeystrokes: '/home/student/MITM/logs/keystrokes',
  containerName: 'banner-nosession-43125',
  containerIp: '10.0.3.69',
  mitmPort: 43125,
  autoAccessFixed: 1
}
2024-11-11 18:37:26.395 - [Info] MITM Version: 2
2024-11-11 18:37:26.397 - [Info] Auto Access Enabled: true
2024-11-11 18:37:26.398 - [Debug] [Init] Auto Access Theshold Achieved: false
2024-11-11 18:37:26.410 - [Info] SSH man-in-the-middle server for 10.0.3.69 listening on 10.0.3.1:43125
2024-11-11 18:37:50.979 - [Debug] [Connection] Attacker connected: 45.159.209.78 | Client Identification: SSH-2.0-libssh_0.9.6
2024-11-11 18:37:54.964 - [Debug] [Connection] Attacker closed the connection
{"level":"error","message":"Forever detected script was killed by signal: SIGKILL"}
