(node:3988960) Warning: Accessing non-existent property 'padLevels' of module exports inside circular dependency
(Use `node --trace-warnings ...` to show where the warning was created)
Started with the following options:
{
  debug: true,
  mitmIp: '10.0.3.1',
  autoAccess: true,
  autoAccessCache: 5000,
  maxAttemptsPerConnection: 6,
  sshServerIdentifier: 'SSH-2.0-OpenSSH_6.6.1p1 Ubuntu-2ubuntu2',
  containerMountPathPrefix: '/var/lib/lxc',
  containerMountPathSuffix: 'rootfs/',
  loggingAttackerStreams: '/home/student/MITM/logs/session_streams',
  loggingAuthenticationAttempts: '/home/student/MITM/logs/authentication_attempts',
  loggingLogins: '/home/student/MITM/logs/logins',
  loggingLogouts: '/home/student/MITM/logs/logouts',
  loggingKeystrokes: '/home/student/MITM/logs/keystrokes',
  containerName: 'banner-nosession-45584',
  containerIp: '10.0.3.33',
  mitmPort: 45584,
  autoAccessFixed: 1
}
2024-11-15 12:03:38.486 - [Info] MITM Version: 2
2024-11-15 12:03:38.488 - [Info] Auto Access Enabled: true
2024-11-15 12:03:38.489 - [Debug] [Init] Auto Access Theshold Achieved: false
2024-11-15 12:03:38.510 - [Info] SSH man-in-the-middle server for 10.0.3.33 listening on 10.0.3.1:45584
2024-11-15 12:06:11.311 - [Debug] [Connection] Attacker connected: 116.236.187.5 | Client Identification: SSH-2.0-libssh_0.9.6
{"level":"error","message":"Forever detected script was killed by signal: SIGKILL"}
