(node:48792) Warning: Accessing non-existent property 'padLevels' of module exports inside circular dependency
(Use `node --trace-warnings ...` to show where the warning was created)
Started with the following options:
{
  debug: true,
  mitmIp: '10.0.3.1',
  autoAccess: true,
  autoAccessCache: 5000,
  maxAttemptsPerConnection: 6,
  sshServerIdentifier: 'SSH-2.0-OpenSSH_6.6.1p1 Ubuntu-2ubuntu2',
  containerMountPathPrefix: '/var/lib/lxc',
  containerMountPathSuffix: 'rootfs/',
  loggingAttackerStreams: '/home/student/MITM/logs/session_streams',
  loggingAuthenticationAttempts: '/home/student/MITM/logs/authentication_attempts',
  loggingLogins: '/home/student/MITM/logs/logins',
  loggingLogouts: '/home/student/MITM/logs/logouts',
  loggingKeystrokes: '/home/student/MITM/logs/keystrokes',
  containerName: 'banner-nosession-40110',
  containerIp: '10.0.3.12',
  mitmPort: 40110,
  autoAccessFixed: 1
}
2024-10-29 16:24:56.999 - [Info] MITM Version: 2
2024-10-29 16:24:57.001 - [Info] Auto Access Enabled: true
2024-10-29 16:24:57.002 - [Debug] [Init] Auto Access Theshold Achieved: false
2024-10-29 16:24:57.020 - [Info] SSH man-in-the-middle server for 10.0.3.12 listening on 10.0.3.1:40110
{"level":"error","message":"Forever detected script was killed by signal: SIGKILL"}
