(node:3662829) Warning: Accessing non-existent property 'padLevels' of module exports inside circular dependency
(Use `node --trace-warnings ...` to show where the warning was created)
Started with the following options:
{
  debug: true,
  mitmIp: '10.0.3.1',
  autoAccess: true,
  autoAccessCache: 5000,
  maxAttemptsPerConnection: 6,
  sshServerIdentifier: 'SSH-2.0-OpenSSH_6.6.1p1 Ubuntu-2ubuntu2',
  containerMountPathPrefix: '/var/lib/lxc',
  containerMountPathSuffix: 'rootfs/',
  loggingAttackerStreams: '/home/student/MITM/logs/session_streams',
  loggingAuthenticationAttempts: '/home/student/MITM/logs/authentication_attempts',
  loggingLogins: '/home/student/MITM/logs/logins',
  loggingLogouts: '/home/student/MITM/logs/logouts',
  loggingKeystrokes: '/home/student/MITM/logs/keystrokes',
  containerName: 'banner-nosession-44454',
  containerIp: '10.0.3.106',
  mitmPort: 44454,
  autoAccessFixed: 1
}
2024-11-13 11:48:12.518 - [Info] MITM Version: 2
2024-11-13 11:48:12.521 - [Info] Auto Access Enabled: true
2024-11-13 11:48:12.521 - [Debug] [Init] Auto Access Theshold Achieved: false
2024-11-13 11:48:12.534 - [Info] SSH man-in-the-middle server for 10.0.3.106 listening on 10.0.3.1:44454
2024-11-13 11:49:22.173 - [Debug] [Connection] Attacker connected: 61.164.123.208 | Client Identification: SSH-2.0-libssh_0.9.6
2024-11-13 11:49:24.069 - [Debug] [Connection] Attacker closed the connection
{"level":"error","message":"Forever detected script was killed by signal: SIGKILL"}
