(node:2841955) Warning: Accessing non-existent property 'padLevels' of module exports inside circular dependency
(Use `node --trace-warnings ...` to show where the warning was created)
Started with the following options:
{
  debug: true,
  mitmIp: '10.0.3.1',
  autoAccess: true,
  autoAccessCache: 5000,
  maxAttemptsPerConnection: 6,
  sshServerIdentifier: 'SSH-2.0-OpenSSH_6.6.1p1 Ubuntu-2ubuntu2',
  containerMountPathPrefix: '/var/lib/lxc',
  containerMountPathSuffix: 'rootfs/',
  loggingAttackerStreams: '/home/student/MITM/logs/session_streams',
  loggingAuthenticationAttempts: '/home/student/MITM/logs/authentication_attempts',
  loggingLogins: '/home/student/MITM/logs/logins',
  loggingLogouts: '/home/student/MITM/logs/logouts',
  loggingKeystrokes: '/home/student/MITM/logs/keystrokes',
  containerName: 'banner-nosession-40480',
  containerIp: '10.0.3.18',
  mitmPort: 40480,
  autoAccessFixed: 1
}
2024-11-06 05:16:43.381 - [Info] MITM Version: 2
2024-11-06 05:16:43.382 - [Info] Auto Access Enabled: true
2024-11-06 05:16:43.383 - [Debug] [Init] Auto Access Theshold Achieved: false
2024-11-06 05:16:43.398 - [Info] SSH man-in-the-middle server for 10.0.3.18 listening on 10.0.3.1:40480
2024-11-06 05:20:26.412 - [Debug] [Connection] Attacker connected: 205.210.31.249 | Client Identification: SSH-2.0-ZGrab ZGrab SSH Survey
2024-11-06 05:20:28.618 - [Debug] [Connection] Attacker closed the connection
{"level":"error","message":"Forever detected script was killed by signal: SIGKILL"}
