(node:807243) Warning: Accessing non-existent property 'padLevels' of module exports inside circular dependency
(Use `node --trace-warnings ...` to show where the warning was created)
Started with the following options:
{
  debug: true,
  mitmIp: '10.0.3.1',
  autoAccess: true,
  autoAccessCache: 5000,
  maxAttemptsPerConnection: 6,
  sshServerIdentifier: 'SSH-2.0-OpenSSH_6.6.1p1 Ubuntu-2ubuntu2',
  containerMountPathPrefix: '/var/lib/lxc',
  containerMountPathSuffix: 'rootfs/',
  loggingAttackerStreams: '/home/student/MITM/logs/session_streams',
  loggingAuthenticationAttempts: '/home/student/MITM/logs/authentication_attempts',
  loggingLogins: '/home/student/MITM/logs/logins',
  loggingLogouts: '/home/student/MITM/logs/logouts',
  loggingKeystrokes: '/home/student/MITM/logs/keystrokes',
  containerName: 'banner-nosession-43437',
  containerIp: '10.0.3.248',
  mitmPort: 43437,
  autoAccessFixed: 1
}
2024-11-12 03:24:50.612 - [Info] MITM Version: 2
2024-11-12 03:24:50.613 - [Info] Auto Access Enabled: true
2024-11-12 03:24:50.614 - [Debug] [Init] Auto Access Theshold Achieved: false
2024-11-12 03:24:50.629 - [Info] SSH man-in-the-middle server for 10.0.3.248 listening on 10.0.3.1:43437
2024-11-12 03:28:35.459 - [Debug] [Connection] Attacker connected: 61.164.202.218 | Client Identification: SSH-2.0-OpenSSH_7.4
2024-11-12 03:28:38.914 - [Debug] [Auth] Attacker 61.164.202.218 trying to authenticate with 'none'
2024-11-12 03:28:38.915 - [Debug] [Auth] Attacker authentication error: No authentication method provided
2024-11-12 03:28:40.237 - [Debug] [Connection] Attacker closed the connection
{"level":"error","message":"Forever detected script was killed by signal: SIGKILL"}
