(node:2022754) Warning: Accessing non-existent property 'padLevels' of module exports inside circular dependency
(Use `node --trace-warnings ...` to show where the warning was created)
Started with the following options:
{
  debug: true,
  mitmIp: '10.0.3.1',
  autoAccess: true,
  autoAccessCache: 5000,
  maxAttemptsPerConnection: 6,
  sshServerIdentifier: 'SSH-2.0-OpenSSH_6.6.1p1 Ubuntu-2ubuntu2',
  containerMountPathPrefix: '/var/lib/lxc',
  containerMountPathSuffix: 'rootfs/',
  loggingAttackerStreams: '/home/student/MITM/logs/session_streams',
  loggingAuthenticationAttempts: '/home/student/MITM/logs/authentication_attempts',
  loggingLogins: '/home/student/MITM/logs/logins',
  loggingLogouts: '/home/student/MITM/logs/logouts',
  loggingKeystrokes: '/home/student/MITM/logs/keystrokes',
  containerName: 'banner-nosession-45235',
  containerIp: '10.0.3.237',
  mitmPort: 45235,
  autoAccessFixed: 1
}
2024-11-14 08:06:25.289 - [Info] MITM Version: 2
2024-11-14 08:06:25.291 - [Info] Auto Access Enabled: true
2024-11-14 08:06:25.292 - [Debug] [Init] Auto Access Theshold Achieved: false
2024-11-14 08:06:25.312 - [Info] SSH man-in-the-middle server for 10.0.3.237 listening on 10.0.3.1:45235
2024-11-14 08:08:51.053 - [Debug] [Connection] Attacker connected: 8.222.128.242 | Client Identification: SSH-2.0-Go
2024-11-14 08:08:52.509 - [Debug] [Auth] Attacker 8.222.128.242 trying to authenticate with 'none'
2024-11-14 08:08:52.510 - [Debug] [Auth] Attacker authentication error: No authentication method provided
2024-11-14 08:08:53.025 - [Debug] [Connection] Attacker closed the connection
{"level":"error","message":"Forever detected script was killed by signal: SIGKILL"}
