(node:1469063) Warning: Accessing non-existent property 'padLevels' of module exports inside circular dependency
(Use `node --trace-warnings ...` to show where the warning was created)
Started with the following options:
{
  debug: true,
  mitmIp: '10.0.3.1',
  autoAccess: true,
  autoAccessCache: 5000,
  maxAttemptsPerConnection: 6,
  sshServerIdentifier: 'SSH-2.0-OpenSSH_6.6.1p1 Ubuntu-2ubuntu2',
  containerMountPathPrefix: '/var/lib/lxc',
  containerMountPathSuffix: 'rootfs/',
  loggingAttackerStreams: '/home/student/MITM/logs/session_streams',
  loggingAuthenticationAttempts: '/home/student/MITM/logs/authentication_attempts',
  loggingLogins: '/home/student/MITM/logs/logins',
  loggingLogouts: '/home/student/MITM/logs/logouts',
  loggingKeystrokes: '/home/student/MITM/logs/keystrokes',
  containerName: 'banner-nosession-41445',
  containerIp: '10.0.3.15',
  mitmPort: 41445,
  autoAccessFixed: 1
}
2024-11-07 09:05:56.894 - [Info] MITM Version: 2
2024-11-07 09:05:56.897 - [Info] Auto Access Enabled: true
2024-11-07 09:05:56.897 - [Debug] [Init] Auto Access Theshold Achieved: false
2024-11-07 09:05:56.911 - [Info] SSH man-in-the-middle server for 10.0.3.15 listening on 10.0.3.1:41445
2024-11-07 09:06:11.378 - [Debug] [Connection] Attacker connected: 87.236.176.61 | Client Identification: SSH-2.0-Go
2024-11-07 09:06:11.845 - [Debug] [Connection] Attacker closed the connection
{"level":"error","message":"Forever detected script was killed by signal: SIGKILL"}
