(node:2325917) Warning: Accessing non-existent property 'padLevels' of module exports inside circular dependency
(Use `node --trace-warnings ...` to show where the warning was created)
Started with the following options:
{
  debug: true,
  mitmIp: '10.0.3.1',
  autoAccess: true,
  autoAccessCache: 5000,
  maxAttemptsPerConnection: 6,
  sshServerIdentifier: 'SSH-2.0-OpenSSH_6.6.1p1 Ubuntu-2ubuntu2',
  containerMountPathPrefix: '/var/lib/lxc',
  containerMountPathSuffix: 'rootfs/',
  loggingAttackerStreams: '/home/student/MITM/logs/session_streams',
  loggingAuthenticationAttempts: '/home/student/MITM/logs/authentication_attempts',
  loggingLogins: '/home/student/MITM/logs/logins',
  loggingLogouts: '/home/student/MITM/logs/logouts',
  loggingKeystrokes: '/home/student/MITM/logs/keystrokes',
  containerName: 'banner-nosession-41725',
  containerIp: '10.0.3.156',
  mitmPort: 41725,
  autoAccessFixed: 1
}
2024-11-07 18:23:07.460 - [Info] MITM Version: 2
2024-11-07 18:23:07.462 - [Info] Auto Access Enabled: true
2024-11-07 18:23:07.463 - [Debug] [Init] Auto Access Theshold Achieved: false
2024-11-07 18:23:07.473 - [Info] SSH man-in-the-middle server for 10.0.3.156 listening on 10.0.3.1:41725
2024-11-07 18:24:01.987 - [Debug] [Connection] Attacker connected: 101.37.85.27 | Client Identification: SSH-2.0-libssh_0.7.4
2024-11-07 18:24:11.623 - [Debug] [Connection] Attacker closed the connection
{"level":"error","message":"Forever detected script was killed by signal: SIGKILL"}
