(node:5521) Warning: Accessing non-existent property 'padLevels' of module exports inside circular dependency
(Use `node --trace-warnings ...` to show where the warning was created)
Started with the following options:
{
  debug: true,
  mitmIp: '10.0.3.1',
  autoAccess: true,
  autoAccessCache: 5000,
  maxAttemptsPerConnection: 6,
  sshServerIdentifier: 'SSH-2.0-OpenSSH_6.6.1p1 Ubuntu-2ubuntu2',
  containerMountPathPrefix: '/var/lib/lxc',
  containerMountPathSuffix: 'rootfs/',
  loggingAttackerStreams: '/home/student/MITM/logs/session_streams',
  loggingAuthenticationAttempts: '/home/student/MITM/logs/authentication_attempts',
  loggingLogins: '/home/student/MITM/logs/logins',
  loggingLogouts: '/home/student/MITM/logs/logouts',
  loggingKeystrokes: '/home/student/MITM/logs/keystrokes',
  containerName: 'banner-nosession-43037',
  containerIp: '10.0.3.167',
  mitmPort: 43037,
  autoAccessFixed: 1
}
2024-11-10 18:04:03.790 - [Info] MITM Version: 2
2024-11-10 18:04:03.792 - [Info] Auto Access Enabled: true
2024-11-10 18:04:03.793 - [Debug] [Init] Auto Access Theshold Achieved: false
2024-11-10 18:04:03.804 - [Info] SSH man-in-the-middle server for 10.0.3.167 listening on 10.0.3.1:43037
2024-11-10 18:13:51.809 - [Debug] [Connection] Attacker connected: 121.182.72.121 | Client Identification: SSH-2.0-SSH-2.0-OpenSSH_6.6.1p1 Ubuntu-2ubuntu2
2024-11-10 18:13:54.981 - [Debug] [Connection] Attacker closed the connection
{"level":"error","message":"Forever detected script was killed by signal: SIGKILL"}
