(node:27039) Warning: Accessing non-existent property 'padLevels' of module exports inside circular dependency
(Use `node --trace-warnings ...` to show where the warning was created)
Started with the following options:
{
  debug: true,
  mitmIp: '10.0.3.1',
  autoAccess: true,
  autoAccessCache: 5000,
  maxAttemptsPerConnection: 6,
  sshServerIdentifier: 'SSH-2.0-OpenSSH_6.6.1p1 Ubuntu-2ubuntu2',
  containerMountPathPrefix: '/var/lib/lxc',
  containerMountPathSuffix: 'rootfs/',
  loggingAttackerStreams: '/home/student/MITM/logs/session_streams',
  loggingAuthenticationAttempts: '/home/student/MITM/logs/authentication_attempts',
  loggingLogins: '/home/student/MITM/logs/logins',
  loggingLogouts: '/home/student/MITM/logs/logouts',
  loggingKeystrokes: '/home/student/MITM/logs/keystrokes',
  containerName: 'banner-nosession-40142',
  containerIp: '10.0.3.243',
  mitmPort: 40142,
  autoAccessFixed: 1
}
2024-11-03 13:20:10.473 - [Info] MITM Version: 2
2024-11-03 13:20:10.475 - [Info] Auto Access Enabled: true
2024-11-03 13:20:10.476 - [Debug] [Init] Auto Access Theshold Achieved: false
2024-11-03 13:20:10.500 - [Info] SSH man-in-the-middle server for 10.0.3.243 listening on 10.0.3.1:40142
2024-11-03 13:24:24.630 - [Debug] [Connection] Attacker connected: 58.16.91.144 | Client Identification: SSH-2.0-OpenSSH_7.4
{"level":"error","message":"Forever detected script was killed by signal: SIGKILL"}
