(node:2166536) Warning: Accessing non-existent property 'padLevels' of module exports inside circular dependency
(Use `node --trace-warnings ...` to show where the warning was created)
Started with the following options:
{
  debug: true,
  mitmIp: '10.0.3.1',
  autoAccess: true,
  autoAccessCache: 5000,
  maxAttemptsPerConnection: 6,
  sshServerIdentifier: 'SSH-2.0-OpenSSH_6.6.1p1 Ubuntu-2ubuntu2',
  containerMountPathPrefix: '/var/lib/lxc',
  containerMountPathSuffix: 'rootfs/',
  loggingAttackerStreams: '/home/student/MITM/logs/session_streams',
  loggingAuthenticationAttempts: '/home/student/MITM/logs/authentication_attempts',
  loggingLogins: '/home/student/MITM/logs/logins',
  loggingLogouts: '/home/student/MITM/logs/logouts',
  loggingKeystrokes: '/home/student/MITM/logs/keystrokes',
  containerName: 'banner-nosession-45867',
  containerIp: '10.0.3.70',
  mitmPort: 45867,
  autoAccessFixed: 1
}
2024-11-17 04:35:39.644 - [Info] MITM Version: 2
2024-11-17 04:35:39.646 - [Info] Auto Access Enabled: true
2024-11-17 04:35:39.647 - [Debug] [Init] Auto Access Theshold Achieved: false
2024-11-17 04:35:39.659 - [Info] SSH man-in-the-middle server for 10.0.3.70 listening on 10.0.3.1:45867
2024-11-17 04:36:03.540 - [Debug] [Connection] Attacker connected: 197.5.145.8 | Client Identification: SSH-2.0-libssh_0.9.6
2024-11-17 04:36:10.956 - [Debug] [Connection] Attacker closed the connection
{"level":"error","message":"Forever detected script was killed by signal: SIGKILL"}
