(node:69151) Warning: Accessing non-existent property 'padLevels' of module exports inside circular dependency
(Use `node --trace-warnings ...` to show where the warning was created)
Started with the following options:
{
  debug: true,
  mitmIp: '10.0.3.1',
  autoAccess: true,
  autoAccessCache: 5000,
  maxAttemptsPerConnection: 6,
  sshServerIdentifier: 'SSH-2.0-OpenSSH_6.6.1p1 Ubuntu-2ubuntu2',
  containerMountPathPrefix: '/var/lib/lxc',
  containerMountPathSuffix: 'rootfs/',
  loggingAttackerStreams: '/home/student/MITM/logs/session_streams',
  loggingAuthenticationAttempts: '/home/student/MITM/logs/authentication_attempts',
  loggingLogins: '/home/student/MITM/logs/logins',
  loggingLogouts: '/home/student/MITM/logs/logouts',
  loggingKeystrokes: '/home/student/MITM/logs/keystrokes',
  containerName: 'banner-nosession-40121',
  containerIp: '10.0.3.2',
  mitmPort: 40121,
  autoAccessFixed: 1
}
2024-10-30 00:31:30.312 - [Info] MITM Version: 2
2024-10-30 00:31:30.314 - [Info] Auto Access Enabled: true
2024-10-30 00:31:30.314 - [Debug] [Init] Auto Access Theshold Achieved: false
2024-10-30 00:31:30.341 - [Info] SSH man-in-the-middle server for 10.0.3.2 listening on 10.0.3.1:40121
