(node:3230802) Warning: Accessing non-existent property 'padLevels' of module exports inside circular dependency
(Use `node --trace-warnings ...` to show where the warning was created)
Started with the following options:
{
  debug: true,
  mitmIp: '10.0.3.1',
  autoAccess: true,
  autoAccessCache: 5000,
  maxAttemptsPerConnection: 6,
  sshServerIdentifier: 'SSH-2.0-OpenSSH_6.6.1p1 Ubuntu-2ubuntu2',
  containerMountPathPrefix: '/var/lib/lxc',
  containerMountPathSuffix: 'rootfs/',
  loggingAttackerStreams: '/home/student/MITM/logs/session_streams',
  loggingAuthenticationAttempts: '/home/student/MITM/logs/authentication_attempts',
  loggingLogins: '/home/student/MITM/logs/logins',
  loggingLogouts: '/home/student/MITM/logs/logouts',
  loggingKeystrokes: '/home/student/MITM/logs/keystrokes',
  containerName: 'banner-nosession-45965',
  containerIp: '10.0.3.22',
  mitmPort: 45965,
  autoAccessFixed: 1
}
2024-11-18 00:21:28.162 - [Info] MITM Version: 2
2024-11-18 00:21:28.165 - [Info] Auto Access Enabled: true
2024-11-18 00:21:28.166 - [Debug] [Init] Auto Access Theshold Achieved: false
2024-11-18 00:21:28.195 - [Info] SSH man-in-the-middle server for 10.0.3.22 listening on 10.0.3.1:45965
2024-11-18 00:22:28.174 - [Debug] [Connection] Attacker connected: 106.12.197.155 | Client Identification: SSH-2.0-libssh_0.9.6
2024-11-18 00:22:34.146 - [Debug] [Connection] Attacker closed the connection
{"level":"error","message":"Forever detected script was killed by signal: SIGKILL"}
