(node:2595109) Warning: Accessing non-existent property 'padLevels' of module exports inside circular dependency
(Use `node --trace-warnings ...` to show where the warning was created)
Started with the following options:
{
  debug: true,
  mitmIp: '10.0.3.1',
  autoAccess: true,
  autoAccessCache: 5000,
  maxAttemptsPerConnection: 6,
  sshServerIdentifier: 'SSH-2.0-OpenSSH_6.6.1p1 Ubuntu-2ubuntu2',
  containerMountPathPrefix: '/var/lib/lxc',
  containerMountPathSuffix: 'rootfs/',
  loggingAttackerStreams: '/home/student/MITM/logs/session_streams',
  loggingAuthenticationAttempts: '/home/student/MITM/logs/authentication_attempts',
  loggingLogins: '/home/student/MITM/logs/logins',
  loggingLogouts: '/home/student/MITM/logs/logouts',
  loggingKeystrokes: '/home/student/MITM/logs/keystrokes',
  containerName: 'banner-nosession-43026',
  containerIp: '10.0.3.115',
  mitmPort: 43026,
  autoAccessFixed: 1
}
2024-11-10 16:23:46.009 - [Info] MITM Version: 2
2024-11-10 16:23:46.011 - [Info] Auto Access Enabled: true
2024-11-10 16:23:46.012 - [Debug] [Init] Auto Access Theshold Achieved: false
2024-11-10 16:23:46.037 - [Info] SSH man-in-the-middle server for 10.0.3.115 listening on 10.0.3.1:43026
2024-11-10 16:30:26.724 - [Debug] [Connection] Attacker connected: 4.151.229.214 | Client Identification: SSH-2.0-Go
2024-11-10 16:30:36.724 - [Debug] [Connection] Attacker closed the connection
{"level":"error","message":"Forever detected script was killed by signal: SIGKILL"}
