(node:1009198) Warning: Accessing non-existent property 'padLevels' of module exports inside circular dependency
(Use `node --trace-warnings ...` to show where the warning was created)
Started with the following options:
{
  debug: true,
  mitmIp: '10.0.3.1',
  autoAccess: true,
  autoAccessCache: 5000,
  maxAttemptsPerConnection: 6,
  sshServerIdentifier: 'SSH-2.0-OpenSSH_6.6.1p1 Ubuntu-2ubuntu2',
  containerMountPathPrefix: '/var/lib/lxc',
  containerMountPathSuffix: 'rootfs/',
  loggingAttackerStreams: '/home/student/MITM/logs/session_streams',
  loggingAuthenticationAttempts: '/home/student/MITM/logs/authentication_attempts',
  loggingLogins: '/home/student/MITM/logs/logins',
  loggingLogouts: '/home/student/MITM/logs/logouts',
  loggingKeystrokes: '/home/student/MITM/logs/keystrokes',
  containerName: 'banner-nosession-40183',
  containerIp: '10.0.3.227',
  mitmPort: 40183,
  autoAccessFixed: 1
}
2024-11-03 19:59:07.840 - [Info] MITM Version: 2
2024-11-03 19:59:07.843 - [Info] Auto Access Enabled: true
2024-11-03 19:59:07.843 - [Debug] [Init] Auto Access Theshold Achieved: false
2024-11-03 19:59:07.858 - [Info] SSH man-in-the-middle server for 10.0.3.227 listening on 10.0.3.1:40183
2024-11-03 20:05:38.024 - [Debug] [Connection] Attacker connected: 10.173.171.148 | Client Identification: SSH-2.0-OpenSSH_9.6
2024-11-03 20:05:39.290 - [Debug] [Auth] Attacker 10.173.171.148 trying to authenticate with 'none'
2024-11-03 20:05:39.290 - [Debug] [Auth] Attacker authentication error: No authentication method provided
2024-11-03 20:05:40.749 - [Debug] [Auth] Attacker 10.173.171.148 trying to authenticate with 'password'
2024-11-03 20:05:40.750 - [Debug] [Auto Access] Attacker: 10.173.171.148, Threshold: 1, Attempts: 1
2024-11-03 20:05:40.750 - [Debug] [Auto Access] Compromising the honeypot
2024-11-03 20:05:40.751 - [Debug] [Auto Access] Adding the following credentials: 'gitikasaravanan:1234'
2024-11-03 20:05:41.005 - [Debug] [Auto Access] Auto-access is now disabled for the remainder of this MITM server instance
2024-11-03 20:05:41.015 - [Debug] [Auth] Valid credentials - Password Authentication
2024-11-03 20:05:41.016 - [Debug] [LXC] Attempting to connect to the honeypot: 10.0.3.227
2024-11-03 20:05:41.122 - [Debug] [LXC-Auth] Attacker authenticated and is inside container
2024-11-03 20:05:41.435 - [Debug] [SHELL] Opened shell for attacker
2024-11-03 20:05:41.441 - [Debug] [LXC Streams] New Stream | Total Streams: 1
2024-11-03 20:05:43.038 - [Debug] [SHELL] Attacker Keystroke: e
2024-11-03 20:05:43.292 - [Debug] [SHELL] Attacker Keystroke: x
2024-11-03 20:05:43.402 - [Debug] [SHELL] Attacker Keystroke: i
2024-11-03 20:05:43.492 - [Debug] [SHELL] Attacker Keystroke: t
2024-11-03 20:05:43.558 - [Debug] [SHELL] Attacker Keystroke: [CR]
2024-11-03 20:05:43.560 - [Debug] [SHELL] line from reader: exit
2024-11-03 20:05:43.560 - [Debug] [SHELL] Keystroke buffer: 101,120,105,116,13
2024-11-03 20:05:43.569 - [Debug] [LXC Streams] Removed Stream | Total streams: 0
2024-11-03 20:05:43.569 - [Debug] [SHELL] Honeypot ended shell
2024-11-03 20:05:43.580 - [Debug] [SHELL] Attacker ended the shell
2024-11-03 20:05:43.581 - [Debug] [Connection] Attacker closed connection
2024-11-03 20:05:43.595 - [Debug] [LXC] Container's OpenSSH server ended connection
2024-11-03 20:05:43.596 - [Debug] [LXC] Container's OpenSSH server closed connection
{"level":"error","message":"Forever detected script was killed by signal: SIGKILL"}
