(node:1111980) Warning: Accessing non-existent property 'padLevels' of module exports inside circular dependency
(Use `node --trace-warnings ...` to show where the warning was created)
Started with the following options:
{
  debug: true,
  mitmIp: '10.0.3.1',
  autoAccess: true,
  autoAccessCache: 5000,
  maxAttemptsPerConnection: 6,
  sshServerIdentifier: 'SSH-2.0-OpenSSH_6.6.1p1 Ubuntu-2ubuntu2',
  containerMountPathPrefix: '/var/lib/lxc',
  containerMountPathSuffix: 'rootfs/',
  loggingAttackerStreams: '/home/student/MITM/logs/session_streams',
  loggingAuthenticationAttempts: '/home/student/MITM/logs/authentication_attempts',
  loggingLogins: '/home/student/MITM/logs/logins',
  loggingLogouts: '/home/student/MITM/logs/logouts',
  loggingKeystrokes: '/home/student/MITM/logs/keystrokes',
  containerName: 'banner-nosession-42725',
  containerIp: '10.0.3.123',
  mitmPort: 42725,
  autoAccessFixed: 1
}
2024-11-09 00:57:55.178 - [Info] MITM Version: 2
2024-11-09 00:57:55.180 - [Info] Auto Access Enabled: true
2024-11-09 00:57:55.181 - [Debug] [Init] Auto Access Theshold Achieved: false
2024-11-09 00:57:55.192 - [Info] SSH man-in-the-middle server for 10.0.3.123 listening on 10.0.3.1:42725
2024-11-09 00:59:35.065 - [Debug] [Connection] Attacker connected: 120.92.51.36 | Client Identification: SSH-2.0-libssh2_1.11.0
{"level":"error","message":"Forever detected script was killed by signal: SIGKILL"}
