(node:2027413) Warning: Accessing non-existent property 'padLevels' of module exports inside circular dependency
(Use `node --trace-warnings ...` to show where the warning was created)
Started with the following options:
{
  debug: true,
  mitmIp: '10.0.3.1',
  autoAccess: true,
  autoAccessCache: 5000,
  maxAttemptsPerConnection: 6,
  sshServerIdentifier: 'SSH-2.0-OpenSSH_6.6.1p1 Ubuntu-2ubuntu2',
  containerMountPathPrefix: '/var/lib/lxc',
  containerMountPathSuffix: 'rootfs/',
  loggingAttackerStreams: '/home/student/MITM/logs/session_streams',
  loggingAuthenticationAttempts: '/home/student/MITM/logs/authentication_attempts',
  loggingLogins: '/home/student/MITM/logs/logins',
  loggingLogouts: '/home/student/MITM/logs/logouts',
  loggingKeystrokes: '/home/student/MITM/logs/keystrokes',
  containerName: 'banner-nosession-45851',
  containerIp: '10.0.3.127',
  mitmPort: 45851,
  autoAccessFixed: 1
}
2024-11-17 02:11:08.275 - [Info] MITM Version: 2
2024-11-17 02:11:08.281 - [Info] Auto Access Enabled: true
2024-11-17 02:11:08.281 - [Debug] [Init] Auto Access Theshold Achieved: false
2024-11-17 02:11:08.295 - [Info] SSH man-in-the-middle server for 10.0.3.127 listening on 10.0.3.1:45851
2024-11-17 02:12:30.088 - [Debug] [Connection] Attacker connected: 154.221.21.27 | Client Identification: SSH-2.0-Go
{"level":"error","message":"Forever detected script was killed by signal: SIGKILL"}
