(node:1781531) Warning: Accessing non-existent property 'padLevels' of module exports inside circular dependency
(Use `node --trace-warnings ...` to show where the warning was created)
Started with the following options:
{
  debug: true,
  mitmIp: '10.0.3.1',
  autoAccess: true,
  autoAccessCache: 5000,
  maxAttemptsPerConnection: 6,
  sshServerIdentifier: 'SSH-2.0-OpenSSH_6.6.1p1 Ubuntu-2ubuntu2',
  containerMountPathPrefix: '/var/lib/lxc',
  containerMountPathSuffix: 'rootfs/',
  loggingAttackerStreams: '/home/student/MITM/logs/session_streams',
  loggingAuthenticationAttempts: '/home/student/MITM/logs/authentication_attempts',
  loggingLogins: '/home/student/MITM/logs/logins',
  loggingLogouts: '/home/student/MITM/logs/logouts',
  loggingKeystrokes: '/home/student/MITM/logs/keystrokes',
  containerName: 'banner-nosession-41543',
  containerIp: '10.0.3.119',
  mitmPort: 41543,
  autoAccessFixed: 1
}
2024-11-07 12:47:47.266 - [Info] MITM Version: 2
2024-11-07 12:47:47.268 - [Info] Auto Access Enabled: true
2024-11-07 12:47:47.269 - [Debug] [Init] Auto Access Theshold Achieved: false
2024-11-07 12:47:47.280 - [Info] SSH man-in-the-middle server for 10.0.3.119 listening on 10.0.3.1:41543
2024-11-07 12:47:52.143 - [Debug] [Connection] Attacker connected: 50.74.187.172 | Client Identification: SSH-2.0-OpenSSH_9.8
2024-11-07 12:47:52.332 - [Debug] [Connection] Attacker closed the connection
{"level":"error","message":"Forever detected script was killed by signal: SIGKILL"}
