(node:418504) Warning: Accessing non-existent property 'padLevels' of module exports inside circular dependency
(Use `node --trace-warnings ...` to show where the warning was created)
Started with the following options:
{
  debug: true,
  mitmIp: '10.0.3.1',
  autoAccess: true,
  autoAccessCache: 5000,
  maxAttemptsPerConnection: 6,
  sshServerIdentifier: 'SSH-2.0-OpenSSH_6.6.1p1 Ubuntu-2ubuntu2',
  containerMountPathPrefix: '/var/lib/lxc',
  containerMountPathSuffix: 'rootfs/',
  loggingAttackerStreams: '/home/student/MITM/logs/session_streams',
  loggingAuthenticationAttempts: '/home/student/MITM/logs/authentication_attempts',
  loggingLogins: '/home/student/MITM/logs/logins',
  loggingLogouts: '/home/student/MITM/logs/logouts',
  loggingKeystrokes: '/home/student/MITM/logs/keystrokes',
  containerName: 'banner-session-42494',
  containerIp: '10.0.3.252',
  mitmPort: 42494,
  autoAccessFixed: 1
}
2024-11-08 17:39:05.699 - [Info] MITM Version: 2
2024-11-08 17:39:05.701 - [Info] Auto Access Enabled: true
2024-11-08 17:39:05.702 - [Debug] [Init] Auto Access Theshold Achieved: false
2024-11-08 17:39:05.710 - [Info] SSH man-in-the-middle server for 10.0.3.252 listening on 10.0.3.1:42494
2024-11-08 17:46:27.955 - [Debug] [Connection] Attacker connected: 92.255.85.189 | Client Identification: SSH-2.0-OpenSSH_8.4p1 Debian-5+deb11u3
{"level":"error","message":"Forever detected script was killed by signal: SIGKILL"}
