(node:1687702) Warning: Accessing non-existent property 'padLevels' of module exports inside circular dependency
(Use `node --trace-warnings ...` to show where the warning was created)
Started with the following options:
{
  debug: true,
  mitmIp: '10.0.3.1',
  autoAccess: true,
  autoAccessCache: 5000,
  maxAttemptsPerConnection: 6,
  sshServerIdentifier: 'SSH-2.0-OpenSSH_6.6.1p1 Ubuntu-2ubuntu2',
  containerMountPathPrefix: '/var/lib/lxc',
  containerMountPathSuffix: 'rootfs/',
  loggingAttackerStreams: '/home/student/MITM/logs/session_streams',
  loggingAuthenticationAttempts: '/home/student/MITM/logs/authentication_attempts',
  loggingLogins: '/home/student/MITM/logs/logins',
  loggingLogouts: '/home/student/MITM/logs/logouts',
  loggingKeystrokes: '/home/student/MITM/logs/keystrokes',
  containerName: 'banner-session-42921',
  containerIp: '10.0.3.2',
  mitmPort: 42921,
  autoAccessFixed: 1
}
2024-11-09 06:44:05.810 - [Info] MITM Version: 2
2024-11-09 06:44:05.812 - [Info] Auto Access Enabled: true
2024-11-09 06:44:05.813 - [Debug] [Init] Auto Access Theshold Achieved: false
2024-11-09 06:44:05.825 - [Info] SSH man-in-the-middle server for 10.0.3.2 listening on 10.0.3.1:42921
2024-11-09 06:49:32.897 - [Debug] [Connection] Attacker connected: 64.23.152.79 | Client Identification: SSH-2.0-Go
2024-11-09 06:49:42.905 - [Debug] [Connection] Attacker closed the connection
{"level":"error","message":"Forever detected script was killed by signal: SIGKILL"}
