(node:2952485) Warning: Accessing non-existent property 'padLevels' of module exports inside circular dependency
(Use `node --trace-warnings ...` to show where the warning was created)
Started with the following options:
{
  debug: true,
  mitmIp: '10.0.3.1',
  autoAccess: true,
  autoAccessCache: 5000,
  maxAttemptsPerConnection: 6,
  sshServerIdentifier: 'SSH-2.0-OpenSSH_6.6.1p1 Ubuntu-2ubuntu2',
  containerMountPathPrefix: '/var/lib/lxc',
  containerMountPathSuffix: 'rootfs/',
  loggingAttackerStreams: '/home/student/MITM/logs/session_streams',
  loggingAuthenticationAttempts: '/home/student/MITM/logs/authentication_attempts',
  loggingLogins: '/home/student/MITM/logs/logins',
  loggingLogouts: '/home/student/MITM/logs/logouts',
  loggingKeystrokes: '/home/student/MITM/logs/keystrokes',
  containerName: 'banner-session-45518',
  containerIp: '10.0.3.42',
  mitmPort: 45518,
  autoAccessFixed: 1
}
2024-11-14 15:41:30.606 - [Info] MITM Version: 2
2024-11-14 15:41:30.608 - [Info] Auto Access Enabled: true
2024-11-14 15:41:30.608 - [Debug] [Init] Auto Access Theshold Achieved: false
2024-11-14 15:41:30.619 - [Info] SSH man-in-the-middle server for 10.0.3.42 listening on 10.0.3.1:45518
2024-11-14 15:42:10.739 - [Debug] [Connection] Attacker connected: 87.236.176.27 | Client Identification: SSH-2.0-Go
2024-11-14 15:42:11.000 - [Debug] [Connection] Attacker closed the connection
{"level":"error","message":"Forever detected script was killed by signal: SIGKILL"}
