(node:4075104) Warning: Accessing non-existent property 'padLevels' of module exports inside circular dependency
(Use `node --trace-warnings ...` to show where the warning was created)
Started with the following options:
{
  debug: true,
  mitmIp: '10.0.3.1',
  autoAccess: true,
  autoAccessCache: 5000,
  maxAttemptsPerConnection: 6,
  sshServerIdentifier: 'SSH-2.0-OpenSSH_6.6.1p1 Ubuntu-2ubuntu2',
  containerMountPathPrefix: '/var/lib/lxc',
  containerMountPathSuffix: 'rootfs/',
  loggingAttackerStreams: '/home/student/MITM/logs/session_streams',
  loggingAuthenticationAttempts: '/home/student/MITM/logs/authentication_attempts',
  loggingLogins: '/home/student/MITM/logs/logins',
  loggingLogouts: '/home/student/MITM/logs/logouts',
  loggingKeystrokes: '/home/student/MITM/logs/keystrokes',
  containerName: 'banner-session-42316',
  containerIp: '10.0.3.34',
  mitmPort: 42316,
  autoAccessFixed: 1
}
2024-11-08 11:55:27.492 - [Info] MITM Version: 2
2024-11-08 11:55:27.497 - [Info] Auto Access Enabled: true
2024-11-08 11:55:27.497 - [Debug] [Init] Auto Access Theshold Achieved: false
2024-11-08 11:55:27.518 - [Info] SSH man-in-the-middle server for 10.0.3.34 listening on 10.0.3.1:42316
2024-11-08 11:58:04.750 - [Debug] [Connection] Attacker connected: 64.62.197.101 | Client Identification: SSH-2.0-Go
2024-11-08 11:58:05.818 - [Debug] [Auth] Attacker 64.62.197.101 trying to authenticate with 'none'
2024-11-08 11:58:05.819 - [Debug] [Auth] Attacker authentication error: No authentication method provided
2024-11-08 11:58:08.728 - [Debug] [Connection] Attacker closed the connection
{"level":"error","message":"Forever detected script was killed by signal: SIGKILL"}
