(node:1684721) Warning: Accessing non-existent property 'padLevels' of module exports inside circular dependency
(Use `node --trace-warnings ...` to show where the warning was created)
Started with the following options:
{
  debug: true,
  mitmIp: '10.0.3.1',
  autoAccess: true,
  autoAccessCache: 5000,
  maxAttemptsPerConnection: 6,
  sshServerIdentifier: 'SSH-2.0-OpenSSH_6.6.1p1 Ubuntu-2ubuntu2',
  containerMountPathPrefix: '/var/lib/lxc',
  containerMountPathSuffix: 'rootfs/',
  loggingAttackerStreams: '/home/student/MITM/logs/session_streams',
  loggingAuthenticationAttempts: '/home/student/MITM/logs/authentication_attempts',
  loggingLogins: '/home/student/MITM/logs/logins',
  loggingLogouts: '/home/student/MITM/logs/logouts',
  loggingKeystrokes: '/home/student/MITM/logs/keystrokes',
  containerName: 'banner-session-43840',
  containerIp: '10.0.3.250',
  mitmPort: 43840,
  autoAccessFixed: 1
}
2024-11-12 15:50:25.069 - [Info] MITM Version: 2
2024-11-12 15:50:25.072 - [Info] Auto Access Enabled: true
2024-11-12 15:50:25.072 - [Debug] [Init] Auto Access Theshold Achieved: false
2024-11-12 15:50:25.085 - [Info] SSH man-in-the-middle server for 10.0.3.250 listening on 10.0.3.1:43840
2024-11-12 16:10:45.038 - [Debug] [Connection] Attacker connected: 103.146.140.116 | Client Identification: SSH-2.0-libssh_0.9.6
{"level":"error","message":"Forever detected script was killed by signal: SIGKILL"}
