(node:4068551) Warning: Accessing non-existent property 'padLevels' of module exports inside circular dependency
(Use `node --trace-warnings ...` to show where the warning was created)
Started with the following options:
{
  debug: true,
  mitmIp: '10.0.3.1',
  autoAccess: true,
  autoAccessCache: 5000,
  maxAttemptsPerConnection: 6,
  sshServerIdentifier: 'SSH-2.0-OpenSSH_6.6.1p1 Ubuntu-2ubuntu2',
  containerMountPathPrefix: '/var/lib/lxc',
  containerMountPathSuffix: 'rootfs/',
  loggingAttackerStreams: '/home/student/MITM/logs/session_streams',
  loggingAuthenticationAttempts: '/home/student/MITM/logs/authentication_attempts',
  loggingLogins: '/home/student/MITM/logs/logins',
  loggingLogouts: '/home/student/MITM/logs/logouts',
  loggingKeystrokes: '/home/student/MITM/logs/keystrokes',
  containerName: 'banner-session-40906',
  containerIp: '10.0.3.136',
  mitmPort: 40906,
  autoAccessFixed: 1
}
2024-11-06 16:42:44.160 - [Info] MITM Version: 2
2024-11-06 16:42:44.168 - [Info] Auto Access Enabled: true
2024-11-06 16:42:44.169 - [Debug] [Init] Auto Access Theshold Achieved: false
2024-11-06 16:42:44.189 - [Info] SSH man-in-the-middle server for 10.0.3.136 listening on 10.0.3.1:40906
2024-11-06 16:51:22.243 - [Debug] [Connection] Attacker connected: 165.154.10.188 | Client Identification: SSH-2.0-OpenSSH
2024-11-06 16:51:22.920 - [Debug] [Connection] Attacker closed the connection
{"level":"error","message":"Forever detected script was killed by signal: SIGKILL"}
