(node:2613594) Warning: Accessing non-existent property 'padLevels' of module exports inside circular dependency
(Use `node --trace-warnings ...` to show where the warning was created)
Started with the following options:
{
  debug: true,
  mitmIp: '10.0.3.1',
  autoAccess: true,
  autoAccessCache: 5000,
  maxAttemptsPerConnection: 6,
  sshServerIdentifier: 'SSH-2.0-OpenSSH_6.6.1p1 Ubuntu-2ubuntu2',
  containerMountPathPrefix: '/var/lib/lxc',
  containerMountPathSuffix: 'rootfs/',
  loggingAttackerStreams: '/home/student/MITM/logs/session_streams',
  loggingAuthenticationAttempts: '/home/student/MITM/logs/authentication_attempts',
  loggingLogins: '/home/student/MITM/logs/logins',
  loggingLogouts: '/home/student/MITM/logs/logouts',
  loggingKeystrokes: '/home/student/MITM/logs/keystrokes',
  containerName: 'banner-session-44128',
  containerIp: '10.0.3.88',
  mitmPort: 44128,
  autoAccessFixed: 1
}
2024-11-13 03:40:21.809 - [Info] MITM Version: 2
2024-11-13 03:40:21.811 - [Info] Auto Access Enabled: true
2024-11-13 03:40:21.812 - [Debug] [Init] Auto Access Theshold Achieved: false
2024-11-13 03:40:21.822 - [Info] SSH man-in-the-middle server for 10.0.3.88 listening on 10.0.3.1:44128
2024-11-13 03:40:28.349 - [Debug] [Connection] Attacker connected: 103.168.211.147 | Client Identification: SSH-2.0-libssh_0.7.4
2024-11-13 03:40:29.234 - [Debug] [Connection] Attacker closed the connection
{"level":"error","message":"Forever detected script was killed by signal: SIGKILL"}
