(node:426184) Warning: Accessing non-existent property 'padLevels' of module exports inside circular dependency
(Use `node --trace-warnings ...` to show where the warning was created)
Started with the following options:
{
  debug: true,
  mitmIp: '10.0.3.1',
  autoAccess: true,
  autoAccessCache: 5000,
  maxAttemptsPerConnection: 6,
  sshServerIdentifier: 'SSH-2.0-OpenSSH_6.6.1p1 Ubuntu-2ubuntu2',
  containerMountPathPrefix: '/var/lib/lxc',
  containerMountPathSuffix: 'rootfs/',
  loggingAttackerStreams: '/home/student/MITM/logs/session_streams',
  loggingAuthenticationAttempts: '/home/student/MITM/logs/authentication_attempts',
  loggingLogins: '/home/student/MITM/logs/logins',
  loggingLogouts: '/home/student/MITM/logs/logouts',
  loggingKeystrokes: '/home/student/MITM/logs/keystrokes',
  containerName: 'banner-session-42496',
  containerIp: '10.0.3.178',
  mitmPort: 42496,
  autoAccessFixed: 1
}
2024-11-08 17:46:25.928 - [Info] MITM Version: 2
2024-11-08 17:46:25.930 - [Info] Auto Access Enabled: true
2024-11-08 17:46:25.931 - [Debug] [Init] Auto Access Theshold Achieved: false
2024-11-08 17:46:25.953 - [Info] SSH man-in-the-middle server for 10.0.3.178 listening on 10.0.3.1:42496
2024-11-08 17:48:50.764 - [Debug] [Connection] Attacker connected: 165.154.48.133 | Client Identification: SSH-2.0-OpenSSH
2024-11-08 17:48:51.786 - [Debug] [Connection] Attacker closed the connection
{"level":"error","message":"Forever detected script was killed by signal: SIGKILL"}
