(node:4152659) Warning: Accessing non-existent property 'padLevels' of module exports inside circular dependency
(Use `node --trace-warnings ...` to show where the warning was created)
Started with the following options:
{
  debug: true,
  mitmIp: '10.0.3.1',
  autoAccess: true,
  autoAccessCache: 5000,
  maxAttemptsPerConnection: 6,
  sshServerIdentifier: 'SSH-2.0-OpenSSH_6.6.1p1 Ubuntu-2ubuntu2',
  containerMountPathPrefix: '/var/lib/lxc',
  containerMountPathSuffix: 'rootfs/',
  loggingAttackerStreams: '/home/student/MITM/logs/session_streams',
  loggingAuthenticationAttempts: '/home/student/MITM/logs/authentication_attempts',
  loggingLogins: '/home/student/MITM/logs/logins',
  loggingLogouts: '/home/student/MITM/logs/logouts',
  loggingKeystrokes: '/home/student/MITM/logs/keystrokes',
  containerName: 'banner-session-45614',
  containerIp: '10.0.3.80',
  mitmPort: 45614,
  autoAccessFixed: 1
}
2024-11-15 14:18:18.385 - [Info] MITM Version: 2
2024-11-15 14:18:18.388 - [Info] Auto Access Enabled: true
2024-11-15 14:18:18.389 - [Debug] [Init] Auto Access Theshold Achieved: false
2024-11-15 14:18:18.402 - [Info] SSH man-in-the-middle server for 10.0.3.80 listening on 10.0.3.1:45614
2024-11-15 14:18:33.513 - [Debug] [Connection] Attacker connected: 167.94.145.97 | Client Identification: SSH-2.0-Go
2024-11-15 14:18:48.515 - [Debug] [Connection] Attacker closed the connection
{"level":"error","message":"Forever detected script was killed by signal: SIGKILL"}
