(node:2392358) Warning: Accessing non-existent property 'padLevels' of module exports inside circular dependency
(Use `node --trace-warnings ...` to show where the warning was created)
Started with the following options:
{
  debug: true,
  mitmIp: '10.0.3.1',
  autoAccess: true,
  autoAccessCache: 5000,
  maxAttemptsPerConnection: 6,
  sshServerIdentifier: 'SSH-2.0-OpenSSH_6.6.1p1 Ubuntu-2ubuntu2',
  containerMountPathPrefix: '/var/lib/lxc',
  containerMountPathSuffix: 'rootfs/',
  loggingAttackerStreams: '/home/student/MITM/logs/session_streams',
  loggingAuthenticationAttempts: '/home/student/MITM/logs/authentication_attempts',
  loggingLogins: '/home/student/MITM/logs/logins',
  loggingLogouts: '/home/student/MITM/logs/logouts',
  loggingKeystrokes: '/home/student/MITM/logs/keystrokes',
  containerName: 'banner-session-40342',
  containerIp: '10.0.3.98',
  mitmPort: 40342,
  autoAccessFixed: 1
}
2024-11-05 23:48:59.161 - [Info] MITM Version: 2
2024-11-05 23:48:59.163 - [Info] Auto Access Enabled: true
2024-11-05 23:48:59.164 - [Debug] [Init] Auto Access Theshold Achieved: false
2024-11-05 23:48:59.174 - [Info] SSH man-in-the-middle server for 10.0.3.98 listening on 10.0.3.1:40342
2024-11-05 23:50:35.834 - [Debug] [Connection] Attacker connected: 120.48.86.198 | Client Identification: SSH-2.0-libssh_0.9.6
2024-11-05 23:50:49.156 - [Debug] [Connection] Attacker closed the connection
{"level":"error","message":"Forever detected script was killed by signal: SIGKILL"}
