(node:1932724) Warning: Accessing non-existent property 'padLevels' of module exports inside circular dependency
(Use `node --trace-warnings ...` to show where the warning was created)
Started with the following options:
{
  debug: true,
  mitmIp: '10.0.3.1',
  autoAccess: true,
  autoAccessCache: 5000,
  maxAttemptsPerConnection: 6,
  sshServerIdentifier: 'SSH-2.0-OpenSSH_6.6.1p1 Ubuntu-2ubuntu2',
  containerMountPathPrefix: '/var/lib/lxc',
  containerMountPathSuffix: 'rootfs/',
  loggingAttackerStreams: '/home/student/MITM/logs/session_streams',
  loggingAuthenticationAttempts: '/home/student/MITM/logs/authentication_attempts',
  loggingLogins: '/home/student/MITM/logs/logins',
  loggingLogouts: '/home/student/MITM/logs/logouts',
  loggingKeystrokes: '/home/student/MITM/logs/keystrokes',
  containerName: 'banner-session-42994',
  containerIp: '10.0.3.103',
  mitmPort: 42994,
  autoAccessFixed: 1
}
2024-11-09 09:44:45.326 - [Info] MITM Version: 2
2024-11-09 09:44:45.329 - [Info] Auto Access Enabled: true
2024-11-09 09:44:45.329 - [Debug] [Init] Auto Access Theshold Achieved: false
2024-11-09 09:44:45.352 - [Info] SSH man-in-the-middle server for 10.0.3.103 listening on 10.0.3.1:42994
2024-11-09 09:49:48.621 - [Debug] [Connection] Attacker connected: 183.105.29.94 | Client Identification: SSH-2.0-SSH-2.0-OpenSSH_6.6.1p1 Ubuntu-2ubuntu2
2024-11-09 09:49:49.875 - [Debug] [Auth] Attacker 183.105.29.94 trying to authenticate with 'password'
2024-11-09 09:49:49.876 - [Debug] [Auto Access] Attacker: 183.105.29.94, Threshold: 1, Attempts: 1
2024-11-09 09:49:49.877 - [Debug] [Auto Access] Compromising the honeypot
2024-11-09 09:49:49.877 - [Debug] [Auto Access] Adding the following credentials: 'ubnt:ubnt'
2024-11-09 09:49:50.189 - [Debug] [Auto Access] Auto-access is now disabled for the remainder of this MITM server instance
2024-11-09 09:49:50.191 - [Debug] [Auth] Valid credentials - Password Authentication
2024-11-09 09:49:50.191 - [Debug] [LXC] Attempting to connect to the honeypot: 10.0.3.103
2024-11-09 09:49:50.262 - [Debug] [LXC-Auth] Attacker authenticated and is inside container
2024-11-09 09:49:51.125 - [Debug] [SHELL] Opened shell for attacker
2024-11-09 09:49:51.130 - [Debug] [LXC Streams] New Stream | Total Streams: 1
2024-11-09 09:49:51.547 - [Debug] [SHELL] Attacker Keystroke: ./oinasf;[Space]dd[Space]if=/proc/self/exe[Space]bs=22[Space]count=1[Space]||[Space]while[Space]read[Space]i;[Space]do[Space]echo[Space]$i;[Space]done[Space]<[Space]/proc/self/exe[Space]||[Space]cat[Space]/proc/self/exe;[LF]
2024-11-09 09:49:51.575 - [Debug] [SHELL] line from reader: ./oinasf; dd if=/proc/self/exe bs=22 count=1 || while read i; do echo $i; done < /proc/self/exe || cat /proc/self/exe;
2024-11-09 09:49:51.575 - [Debug] [SHELL] Keystroke buffer: 46,47,111,105,110,97,115,102,59,32,100,100,32,105,102,61,47,112,114,111,99,47,115,101,108,102,47,101,120,101,32,98,115,61,50,50,32,99,111,117,110,116,61,49,32,124,124,32,119,104,105,108,101,32,114,101,97,100,32,105,59,32,100,111,32,101,99,104,111,32,36,105,59,32,100,111,110,101,32,60,32,47,112,114,111,99,47,115,101,108,102,47,101,120,101,32,124,124,32,99,97,116,32,47,112,114,111,99,47,115,101,108,102,47,101,120,101,59,10
2024-11-09 09:49:52.006 - [Debug] [Connection] Attacker closed connection
2024-11-09 09:49:52.015 - [Debug] [LXC] Container's OpenSSH server ended connection
2024-11-09 09:49:52.017 - [Debug] [LXC] Container's OpenSSH server closed connection
2024-11-09 09:49:52.018 - [Debug] [LXC Streams] Removed Stream | Total streams: 0
2024-11-09 09:49:52.019 - [Debug] [SHELL] Honeypot ended shell
2024-11-09 09:49:52.390 - [Debug] [Connection] Attacker connected: 183.105.29.94 | Client Identification: SSH-2.0-SSH-2.0-OpenSSH_6.6.1p1 Ubuntu-2ubuntu2
{"level":"error","message":"Forever detected script was killed by signal: SIGKILL"}
