(node:1298160) Warning: Accessing non-existent property 'padLevels' of module exports inside circular dependency
(Use `node --trace-warnings ...` to show where the warning was created)
Started with the following options:
{
  debug: true,
  mitmIp: '10.0.3.1',
  autoAccess: true,
  autoAccessCache: 5000,
  maxAttemptsPerConnection: 6,
  sshServerIdentifier: 'SSH-2.0-OpenSSH_6.6.1p1 Ubuntu-2ubuntu2',
  containerMountPathPrefix: '/var/lib/lxc',
  containerMountPathSuffix: 'rootfs/',
  loggingAttackerStreams: '/home/student/MITM/logs/session_streams',
  loggingAuthenticationAttempts: '/home/student/MITM/logs/authentication_attempts',
  loggingLogins: '/home/student/MITM/logs/logins',
  loggingLogouts: '/home/student/MITM/logs/logouts',
  loggingKeystrokes: '/home/student/MITM/logs/keystrokes',
  containerName: 'banner-session-45004',
  containerIp: '10.0.3.50',
  mitmPort: 45004,
  autoAccessFixed: 1
}
2024-11-14 02:49:06.162 - [Info] MITM Version: 2
2024-11-14 02:49:06.164 - [Info] Auto Access Enabled: true
2024-11-14 02:49:06.165 - [Debug] [Init] Auto Access Theshold Achieved: false
2024-11-14 02:49:06.175 - [Info] SSH man-in-the-middle server for 10.0.3.50 listening on 10.0.3.1:45004
2024-11-14 02:51:23.927 - [Debug] [Connection] Attacker connected: 117.40.243.133 | Client Identification: SSH-2.0-OpenSSH_7.4
2024-11-14 02:51:33.390 - [Debug] [Connection] Attacker closed the connection
{"level":"error","message":"Forever detected script was killed by signal: SIGKILL"}
