(node:1895906) Warning: Accessing non-existent property 'padLevels' of module exports inside circular dependency
(Use `node --trace-warnings ...` to show where the warning was created)
Started with the following options:
{
  debug: true,
  mitmIp: '10.0.3.1',
  autoAccess: true,
  autoAccessCache: 5000,
  maxAttemptsPerConnection: 6,
  sshServerIdentifier: 'SSH-2.0-OpenSSH_6.6.1p1 Ubuntu-2ubuntu2',
  containerMountPathPrefix: '/var/lib/lxc',
  containerMountPathSuffix: 'rootfs/',
  loggingAttackerStreams: '/home/student/MITM/logs/session_streams',
  loggingAuthenticationAttempts: '/home/student/MITM/logs/authentication_attempts',
  loggingLogins: '/home/student/MITM/logs/logins',
  loggingLogouts: '/home/student/MITM/logs/logouts',
  loggingKeystrokes: '/home/student/MITM/logs/keystrokes',
  containerName: 'banner-session-41584',
  containerIp: '10.0.3.223',
  mitmPort: 41584,
  autoAccessFixed: 1
}
2024-11-07 13:44:41.444 - [Info] MITM Version: 2
2024-11-07 13:44:41.460 - [Info] Auto Access Enabled: true
2024-11-07 13:44:41.460 - [Debug] [Init] Auto Access Theshold Achieved: false
2024-11-07 13:44:41.473 - [Info] SSH man-in-the-middle server for 10.0.3.223 listening on 10.0.3.1:41584
2024-11-07 14:02:40.524 - [Debug] [Connection] Attacker connected: 45.84.89.2 | Client Identification: SSH-2.0-Go
2024-11-07 14:02:40.955 - [Debug] [Connection] Attacker closed the connection
{"level":"error","message":"Forever detected script was killed by signal: SIGKILL"}
