(node:2558330) Warning: Accessing non-existent property 'padLevels' of module exports inside circular dependency
(Use `node --trace-warnings ...` to show where the warning was created)
Started with the following options:
{
  debug: true,
  mitmIp: '10.0.3.1',
  autoAccess: true,
  autoAccessCache: 5000,
  maxAttemptsPerConnection: 6,
  sshServerIdentifier: 'SSH-2.0-OpenSSH_6.6.1p1 Ubuntu-2ubuntu2',
  containerMountPathPrefix: '/var/lib/lxc',
  containerMountPathSuffix: 'rootfs/',
  loggingAttackerStreams: '/home/student/MITM/logs/session_streams',
  loggingAuthenticationAttempts: '/home/student/MITM/logs/authentication_attempts',
  loggingLogins: '/home/student/MITM/logs/logins',
  loggingLogouts: '/home/student/MITM/logs/logouts',
  loggingKeystrokes: '/home/student/MITM/logs/keystrokes',
  containerName: 'banner-session-40390',
  containerIp: '10.0.3.22',
  mitmPort: 40390,
  autoAccessFixed: 1
}
2024-11-06 01:59:21.798 - [Info] MITM Version: 2
2024-11-06 01:59:21.800 - [Info] Auto Access Enabled: true
2024-11-06 01:59:21.801 - [Debug] [Init] Auto Access Theshold Achieved: false
2024-11-06 01:59:21.818 - [Info] SSH man-in-the-middle server for 10.0.3.22 listening on 10.0.3.1:40390
2024-11-06 01:59:48.320 - [Debug] [Connection] Attacker connected: 51.154.34.214 | Client Identification: SSH-2.0-Go
2024-11-06 02:00:04.947 - [Debug] [Connection] Attacker closed the connection
{"level":"error","message":"Forever detected script was killed by signal: SIGKILL"}
