(node:1104629) Warning: Accessing non-existent property 'padLevels' of module exports inside circular dependency
(Use `node --trace-warnings ...` to show where the warning was created)
Started with the following options:
{
  debug: true,
  mitmIp: '10.0.3.1',
  autoAccess: true,
  autoAccessCache: 5000,
  maxAttemptsPerConnection: 6,
  sshServerIdentifier: 'SSH-2.0-OpenSSH_6.6.1p1 Ubuntu-2ubuntu2',
  containerMountPathPrefix: '/var/lib/lxc',
  containerMountPathSuffix: 'rootfs/',
  loggingAttackerStreams: '/home/student/MITM/logs/session_streams',
  loggingAuthenticationAttempts: '/home/student/MITM/logs/authentication_attempts',
  loggingLogins: '/home/student/MITM/logs/logins',
  loggingLogouts: '/home/student/MITM/logs/logouts',
  loggingKeystrokes: '/home/student/MITM/logs/keystrokes',
  containerName: 'banner-session-44947',
  containerIp: '10.0.3.52',
  mitmPort: 44947,
  autoAccessFixed: 1
}
2024-11-14 01:09:50.201 - [Info] MITM Version: 2
2024-11-14 01:09:50.203 - [Info] Auto Access Enabled: true
2024-11-14 01:09:50.204 - [Debug] [Init] Auto Access Theshold Achieved: false
2024-11-14 01:09:50.227 - [Info] SSH man-in-the-middle server for 10.0.3.52 listening on 10.0.3.1:44947
2024-11-14 01:14:30.035 - [Debug] [Connection] Attacker connected: 162.142.125.44 | Client Identification: SSH-2.0-Go
2024-11-14 01:14:45.091 - [Debug] [Connection] Attacker closed the connection
{"level":"error","message":"Forever detected script was killed by signal: SIGKILL"}
