(node:243647) Warning: Accessing non-existent property 'padLevels' of module exports inside circular dependency
(Use `node --trace-warnings ...` to show where the warning was created)
Started with the following options:
{
  debug: true,
  mitmIp: '10.0.3.1',
  autoAccess: true,
  autoAccessCache: 5000,
  maxAttemptsPerConnection: 6,
  sshServerIdentifier: 'SSH-2.0-OpenSSH_6.6.1p1 Ubuntu-2ubuntu2',
  containerMountPathPrefix: '/var/lib/lxc',
  containerMountPathSuffix: 'rootfs/',
  loggingAttackerStreams: '/home/student/MITM/logs/session_streams',
  loggingAuthenticationAttempts: '/home/student/MITM/logs/authentication_attempts',
  loggingLogins: '/home/student/MITM/logs/logins',
  loggingLogouts: '/home/student/MITM/logs/logouts',
  loggingKeystrokes: '/home/student/MITM/logs/keystrokes',
  containerName: 'banner-session-43171',
  containerIp: '10.0.3.119',
  mitmPort: 43171,
  autoAccessFixed: 1
}
2024-11-11 19:42:03.922 - [Info] MITM Version: 2
2024-11-11 19:42:03.924 - [Info] Auto Access Enabled: true
2024-11-11 19:42:03.925 - [Debug] [Init] Auto Access Theshold Achieved: false
2024-11-11 19:42:03.937 - [Info] SSH man-in-the-middle server for 10.0.3.119 listening on 10.0.3.1:43171
2024-11-11 19:42:18.970 - [Debug] [Connection] Attacker connected: 45.159.209.78 | Client Identification: SSH-2.0-libssh_0.9.6
2024-11-11 19:42:22.955 - [Debug] [Connection] Attacker closed the connection
{"level":"error","message":"Forever detected script was killed by signal: SIGKILL"}
