(node:2593054) Warning: Accessing non-existent property 'padLevels' of module exports inside circular dependency
(Use `node --trace-warnings ...` to show where the warning was created)
Started with the following options:
{
  debug: true,
  mitmIp: '10.0.3.1',
  autoAccess: true,
  autoAccessCache: 5000,
  maxAttemptsPerConnection: 6,
  sshServerIdentifier: 'SSH-2.0-OpenSSH_6.6.1p1 Ubuntu-2ubuntu2',
  containerMountPathPrefix: '/var/lib/lxc',
  containerMountPathSuffix: 'rootfs/',
  loggingAttackerStreams: '/home/student/MITM/logs/session_streams',
  loggingAuthenticationAttempts: '/home/student/MITM/logs/authentication_attempts',
  loggingLogins: '/home/student/MITM/logs/logins',
  loggingLogouts: '/home/student/MITM/logs/logouts',
  loggingKeystrokes: '/home/student/MITM/logs/keystrokes',
  containerName: 'banner-session-45907',
  containerIp: '10.0.3.110',
  mitmPort: 45907,
  autoAccessFixed: 1
}
2024-11-17 12:31:14.486 - [Info] MITM Version: 2
2024-11-17 12:31:14.488 - [Info] Auto Access Enabled: true
2024-11-17 12:31:14.489 - [Debug] [Init] Auto Access Theshold Achieved: false
2024-11-17 12:31:14.502 - [Info] SSH man-in-the-middle server for 10.0.3.110 listening on 10.0.3.1:45907
2024-11-17 12:31:28.710 - [Debug] [Connection] Attacker connected: 183.56.201.7 | Client Identification: SSH-2.0-libssh_0.9.6
2024-11-17 12:31:31.445 - [Debug] [Connection] Attacker closed the connection
{"level":"error","message":"Forever detected script was killed by signal: SIGKILL"}
