(node:4122865) Warning: Accessing non-existent property 'padLevels' of module exports inside circular dependency
(Use `node --trace-warnings ...` to show where the warning was created)
Started with the following options:
{
  debug: true,
  mitmIp: '10.0.3.1',
  autoAccess: true,
  autoAccessCache: 5000,
  maxAttemptsPerConnection: 6,
  sshServerIdentifier: 'SSH-2.0-OpenSSH_6.6.1p1 Ubuntu-2ubuntu2',
  containerMountPathPrefix: '/var/lib/lxc',
  containerMountPathSuffix: 'rootfs/',
  loggingAttackerStreams: '/home/student/MITM/logs/session_streams',
  loggingAuthenticationAttempts: '/home/student/MITM/logs/authentication_attempts',
  loggingLogins: '/home/student/MITM/logs/logins',
  loggingLogouts: '/home/student/MITM/logs/logouts',
  loggingKeystrokes: '/home/student/MITM/logs/keystrokes',
  containerName: 'banner-session-42333',
  containerIp: '10.0.3.91',
  mitmPort: 42333,
  autoAccessFixed: 1
}
2024-11-08 12:23:45.147 - [Info] MITM Version: 2
2024-11-08 12:23:45.149 - [Info] Auto Access Enabled: true
2024-11-08 12:23:45.150 - [Debug] [Init] Auto Access Theshold Achieved: false
2024-11-08 12:23:45.161 - [Info] SSH man-in-the-middle server for 10.0.3.91 listening on 10.0.3.1:42333
2024-11-08 12:24:02.908 - [Debug] [Connection] Attacker connected: 106.246.89.67 | Client Identification: SSH-2.0-OpenSSH_7.4
2024-11-08 12:24:08.860 - [Debug] [Connection] Attacker closed the connection
{"level":"error","message":"Forever detected script was killed by signal: SIGKILL"}
