(node:2071195) Warning: Accessing non-existent property 'padLevels' of module exports inside circular dependency
(Use `node --trace-warnings ...` to show where the warning was created)
Started with the following options:
{
  debug: true,
  mitmIp: '10.0.3.1',
  autoAccess: true,
  autoAccessCache: 5000,
  maxAttemptsPerConnection: 6,
  sshServerIdentifier: 'SSH-2.0-OpenSSH_6.6.1p1 Ubuntu-2ubuntu2',
  containerMountPathPrefix: '/var/lib/lxc',
  containerMountPathSuffix: 'rootfs/',
  loggingAttackerStreams: '/home/student/MITM/logs/session_streams',
  loggingAuthenticationAttempts: '/home/student/MITM/logs/authentication_attempts',
  loggingLogins: '/home/student/MITM/logs/logins',
  loggingLogouts: '/home/student/MITM/logs/logouts',
  loggingKeystrokes: '/home/student/MITM/logs/keystrokes',
  containerName: 'banner-session-43961',
  containerIp: '10.0.3.106',
  mitmPort: 43961,
  autoAccessFixed: 1
}
2024-11-12 22:49:44.823 - [Info] MITM Version: 2
2024-11-12 22:49:44.825 - [Info] Auto Access Enabled: true
2024-11-12 22:49:44.826 - [Debug] [Init] Auto Access Theshold Achieved: false
2024-11-12 22:49:44.839 - [Info] SSH man-in-the-middle server for 10.0.3.106 listening on 10.0.3.1:43961
2024-11-12 22:50:50.091 - [Debug] [Connection] Attacker connected: 64.23.152.79 | Client Identification: SSH-2.0-Go
2024-11-12 22:51:00.115 - [Debug] [Connection] Attacker closed the connection
{"level":"error","message":"Forever detected script was killed by signal: SIGKILL"}
