(node:2650985) Warning: Accessing non-existent property 'padLevels' of module exports inside circular dependency
(Use `node --trace-warnings ...` to show where the warning was created)
Started with the following options:
{
  debug: true,
  mitmIp: '10.0.3.1',
  autoAccess: true,
  autoAccessCache: 5000,
  maxAttemptsPerConnection: 6,
  sshServerIdentifier: 'SSH-2.0-OpenSSH_6.6.1p1 Ubuntu-2ubuntu2',
  containerMountPathPrefix: '/var/lib/lxc',
  containerMountPathSuffix: 'rootfs/',
  loggingAttackerStreams: '/home/student/MITM/logs/session_streams',
  loggingAuthenticationAttempts: '/home/student/MITM/logs/authentication_attempts',
  loggingLogins: '/home/student/MITM/logs/logins',
  loggingLogouts: '/home/student/MITM/logs/logouts',
  loggingKeystrokes: '/home/student/MITM/logs/keystrokes',
  containerName: 'banner-session-44141',
  containerIp: '10.0.3.246',
  mitmPort: 44141,
  autoAccessFixed: 1
}
2024-11-13 03:54:24.961 - [Info] MITM Version: 2
2024-11-13 03:54:24.963 - [Info] Auto Access Enabled: true
2024-11-13 03:54:24.964 - [Debug] [Init] Auto Access Theshold Achieved: false
2024-11-13 03:54:24.975 - [Info] SSH man-in-the-middle server for 10.0.3.246 listening on 10.0.3.1:44141
2024-11-13 03:55:22.422 - [Debug] [Connection] Attacker connected: 27.79.139.218 | Client Identification: SSH-2.0-libssh_0.9.6
2024-11-13 03:55:26.039 - [Debug] [Connection] Attacker closed the connection
{"level":"error","message":"Forever detected script was killed by signal: SIGKILL"}
