(node:2651079) Warning: Accessing non-existent property 'padLevels' of module exports inside circular dependency
(Use `node --trace-warnings ...` to show where the warning was created)
Started with the following options:
{
  debug: true,
  mitmIp: '10.0.3.1',
  autoAccess: true,
  autoAccessCache: 5000,
  maxAttemptsPerConnection: 6,
  sshServerIdentifier: 'SSH-2.0-OpenSSH_6.6.1p1 Ubuntu-2ubuntu2',
  containerMountPathPrefix: '/var/lib/lxc',
  containerMountPathSuffix: 'rootfs/',
  loggingAttackerStreams: '/home/student/MITM/logs/session_streams',
  loggingAuthenticationAttempts: '/home/student/MITM/logs/authentication_attempts',
  loggingLogins: '/home/student/MITM/logs/logins',
  loggingLogouts: '/home/student/MITM/logs/logouts',
  loggingKeystrokes: '/home/student/MITM/logs/keystrokes',
  containerName: 'banner-session-45431',
  containerIp: '10.0.3.186',
  mitmPort: 45431,
  autoAccessFixed: 1
}
2024-11-14 13:02:39.082 - [Info] MITM Version: 2
2024-11-14 13:02:39.083 - [Info] Auto Access Enabled: true
2024-11-14 13:02:39.084 - [Debug] [Init] Auto Access Theshold Achieved: false
2024-11-14 13:02:39.097 - [Info] SSH man-in-the-middle server for 10.0.3.186 listening on 10.0.3.1:45431
2024-11-14 13:02:48.026 - [Debug] [Connection] Attacker connected: 47.254.192.213 | Client Identification: SSH-2.0-Go
2024-11-14 13:02:49.426 - [Debug] [Auth] Attacker 47.254.192.213 trying to authenticate with 'none'
2024-11-14 13:02:49.427 - [Debug] [Auth] Attacker authentication error: No authentication method provided
2024-11-14 13:02:49.928 - [Debug] [Connection] Attacker closed the connection
{"level":"error","message":"Forever detected script was killed by signal: SIGKILL"}
