(node:1227284) Warning: Accessing non-existent property 'padLevels' of module exports inside circular dependency
(Use `node --trace-warnings ...` to show where the warning was created)
Started with the following options:
{
  debug: true,
  mitmIp: '10.0.3.1',
  autoAccess: true,
  autoAccessCache: 5000,
  maxAttemptsPerConnection: 6,
  sshServerIdentifier: 'SSH-2.0-OpenSSH_6.6.1p1 Ubuntu-2ubuntu2',
  containerMountPathPrefix: '/var/lib/lxc',
  containerMountPathSuffix: 'rootfs/',
  loggingAttackerStreams: '/home/student/MITM/logs/session_streams',
  loggingAuthenticationAttempts: '/home/student/MITM/logs/authentication_attempts',
  loggingLogins: '/home/student/MITM/logs/logins',
  loggingLogouts: '/home/student/MITM/logs/logouts',
  loggingKeystrokes: '/home/student/MITM/logs/keystrokes',
  containerName: 'banner-session-44981',
  containerIp: '10.0.3.70',
  mitmPort: 44981,
  autoAccessFixed: 1
}
2024-11-14 02:19:26.131 - [Info] MITM Version: 2
2024-11-14 02:19:26.133 - [Info] Auto Access Enabled: true
2024-11-14 02:19:26.134 - [Debug] [Init] Auto Access Theshold Achieved: false
2024-11-14 02:19:26.157 - [Info] SSH man-in-the-middle server for 10.0.3.70 listening on 10.0.3.1:44981
2024-11-14 02:22:56.174 - [Debug] [Connection] Attacker connected: 218.92.0.204 | Client Identification: SSH-2.0-PuTTY
2024-11-14 02:23:41.529 - [Debug] [Connection] Attacker closed the connection
{"level":"error","message":"Forever detected script was killed by signal: SIGKILL"}
