(node:461962) Warning: Accessing non-existent property 'padLevels' of module exports inside circular dependency
(Use `node --trace-warnings ...` to show where the warning was created)
Started with the following options:
{
  debug: true,
  mitmIp: '10.0.3.1',
  autoAccess: true,
  autoAccessCache: 5000,
  maxAttemptsPerConnection: 6,
  sshServerIdentifier: 'SSH-2.0-OpenSSH_6.6.1p1 Ubuntu-2ubuntu2',
  containerMountPathPrefix: '/var/lib/lxc',
  containerMountPathSuffix: 'rootfs/',
  loggingAttackerStreams: '/home/student/MITM/logs/session_streams',
  loggingAuthenticationAttempts: '/home/student/MITM/logs/authentication_attempts',
  loggingLogins: '/home/student/MITM/logs/logins',
  loggingLogouts: '/home/student/MITM/logs/logouts',
  loggingKeystrokes: '/home/student/MITM/logs/keystrokes',
  containerName: 'banner-session-42509',
  containerIp: '10.0.3.23',
  mitmPort: 42509,
  autoAccessFixed: 1
}
2024-11-08 18:03:33.117 - [Info] MITM Version: 2
2024-11-08 18:03:33.121 - [Info] Auto Access Enabled: true
2024-11-08 18:03:33.121 - [Debug] [Init] Auto Access Theshold Achieved: false
2024-11-08 18:03:33.131 - [Info] SSH man-in-the-middle server for 10.0.3.23 listening on 10.0.3.1:42509
2024-11-08 18:05:51.701 - [Debug] [Connection] Attacker connected: 165.154.48.133 | Client Identification: SSH-2.0-OpenSSH
2024-11-08 18:05:52.719 - [Debug] [Connection] Attacker closed the connection
{"level":"error","message":"Forever detected script was killed by signal: SIGKILL"}
