(node:3525115) Warning: Accessing non-existent property 'padLevels' of module exports inside circular dependency
(Use `node --trace-warnings ...` to show where the warning was created)
Started with the following options:
{
  debug: true,
  mitmIp: '10.0.3.1',
  autoAccess: true,
  autoAccessCache: 5000,
  maxAttemptsPerConnection: 6,
  sshServerIdentifier: 'SSH-2.0-OpenSSH_6.6.1p1 Ubuntu-2ubuntu2',
  containerMountPathPrefix: '/var/lib/lxc',
  containerMountPathSuffix: 'rootfs/',
  loggingAttackerStreams: '/home/student/MITM/logs/session_streams',
  loggingAuthenticationAttempts: '/home/student/MITM/logs/authentication_attempts',
  loggingLogins: '/home/student/MITM/logs/logins',
  loggingLogouts: '/home/student/MITM/logs/logouts',
  loggingKeystrokes: '/home/student/MITM/logs/keystrokes',
  containerName: 'banner-session-44412',
  containerIp: '10.0.3.118',
  mitmPort: 44412,
  autoAccessFixed: 1
}
2024-11-13 10:42:21.261 - [Info] MITM Version: 2
2024-11-13 10:42:21.264 - [Info] Auto Access Enabled: true
2024-11-13 10:42:21.264 - [Debug] [Init] Auto Access Theshold Achieved: false
2024-11-13 10:42:21.283 - [Info] SSH man-in-the-middle server for 10.0.3.118 listening on 10.0.3.1:44412
2024-11-13 10:47:52.510 - [Debug] [Connection] Attacker connected: 118.145.159.81 | Client Identification: SSH-2.0-Go
{"level":"error","message":"Forever detected script was killed by signal: SIGKILL"}
