(node:1163682) Warning: Accessing non-existent property 'padLevels' of module exports inside circular dependency
(Use `node --trace-warnings ...` to show where the warning was created)
Started with the following options:
{
  debug: true,
  mitmIp: '10.0.3.1',
  autoAccess: true,
  autoAccessCache: 5000,
  maxAttemptsPerConnection: 6,
  sshServerIdentifier: 'SSH-2.0-OpenSSH_6.6.1p1 Ubuntu-2ubuntu2',
  containerMountPathPrefix: '/var/lib/lxc',
  containerMountPathSuffix: 'rootfs/',
  loggingAttackerStreams: '/home/student/MITM/logs/session_streams',
  loggingAuthenticationAttempts: '/home/student/MITM/logs/authentication_attempts',
  loggingLogins: '/home/student/MITM/logs/logins',
  loggingLogouts: '/home/student/MITM/logs/logouts',
  loggingKeystrokes: '/home/student/MITM/logs/keystrokes',
  containerName: 'banner-session-40234',
  containerIp: '10.0.3.164',
  mitmPort: 40234,
  autoAccessFixed: 1
}
2024-11-04 13:25:11.484 - [Info] MITM Version: 2
2024-11-04 13:25:11.503 - [Info] Auto Access Enabled: true
2024-11-04 13:25:11.517 - [Debug] [Init] Auto Access Theshold Achieved: false
2024-11-04 13:25:11.531 - [Info] SSH man-in-the-middle server for 10.0.3.164 listening on 10.0.3.1:40234
2024-11-04 13:25:50.708 - [Debug] [Connection] Attacker connected: 47.237.134.186 | Client Identification: SSH-2.0-libssh2_1.11.0
{"level":"error","message":"Forever detected script was killed by signal: SIGKILL"}
