(node:1596407) Warning: Accessing non-existent property 'padLevels' of module exports inside circular dependency
(Use `node --trace-warnings ...` to show where the warning was created)
Started with the following options:
{
  debug: true,
  mitmIp: '10.0.3.1',
  autoAccess: true,
  autoAccessCache: 5000,
  maxAttemptsPerConnection: 6,
  sshServerIdentifier: 'SSH-2.0-OpenSSH_6.6.1p1 Ubuntu-2ubuntu2',
  containerMountPathPrefix: '/var/lib/lxc',
  containerMountPathSuffix: 'rootfs/',
  loggingAttackerStreams: '/home/student/MITM/logs/session_streams',
  loggingAuthenticationAttempts: '/home/student/MITM/logs/authentication_attempts',
  loggingLogins: '/home/student/MITM/logs/logins',
  loggingLogouts: '/home/student/MITM/logs/logouts',
  loggingKeystrokes: '/home/student/MITM/logs/keystrokes',
  containerName: 'banner-session-45099',
  containerIp: '10.0.3.73',
  mitmPort: 45099,
  autoAccessFixed: 1
}
2024-11-14 05:02:01.118 - [Info] MITM Version: 2
2024-11-14 05:02:01.121 - [Info] Auto Access Enabled: true
2024-11-14 05:02:01.121 - [Debug] [Init] Auto Access Theshold Achieved: false
2024-11-14 05:02:01.132 - [Info] SSH man-in-the-middle server for 10.0.3.73 listening on 10.0.3.1:45099
2024-11-14 05:03:24.488 - [Debug] [Connection] Attacker connected: 206.168.34.213 | Client Identification: SSH-2.0-Go
2024-11-14 05:03:39.532 - [Debug] [Connection] Attacker closed the connection
{"level":"error","message":"Forever detected script was killed by signal: SIGKILL"}
