(node:2216514) Warning: Accessing non-existent property 'padLevels' of module exports inside circular dependency
(Use `node --trace-warnings ...` to show where the warning was created)
Started with the following options:
{
  debug: true,
  mitmIp: '10.0.3.1',
  autoAccess: true,
  autoAccessCache: 5000,
  maxAttemptsPerConnection: 6,
  sshServerIdentifier: 'SSH-2.0-OpenSSH_6.6.1p1 Ubuntu-2ubuntu2',
  containerMountPathPrefix: '/var/lib/lxc',
  containerMountPathSuffix: 'rootfs/',
  loggingAttackerStreams: '/home/student/MITM/logs/session_streams',
  loggingAuthenticationAttempts: '/home/student/MITM/logs/authentication_attempts',
  loggingLogins: '/home/student/MITM/logs/logins',
  loggingLogouts: '/home/student/MITM/logs/logouts',
  loggingKeystrokes: '/home/student/MITM/logs/keystrokes',
  containerName: 'banner-session-45869',
  containerIp: '10.0.3.105',
  mitmPort: 45869,
  autoAccessFixed: 1
}
2024-11-17 05:39:43.326 - [Info] MITM Version: 2
2024-11-17 05:39:43.328 - [Info] Auto Access Enabled: true
2024-11-17 05:39:43.328 - [Debug] [Init] Auto Access Theshold Achieved: false
2024-11-17 05:39:43.343 - [Info] SSH man-in-the-middle server for 10.0.3.105 listening on 10.0.3.1:45869
2024-11-17 05:39:51.618 - [Debug] [Connection] Attacker connected: 79.110.62.93 | Client Identification: SSH-2.0-Go
2024-11-17 05:39:52.301 - [Debug] [Auth] Attacker 79.110.62.93 trying to authenticate with 'none'
2024-11-17 05:39:52.301 - [Debug] [Auth] Attacker authentication error: No authentication method provided
2024-11-17 05:40:01.640 - [Debug] [Connection] Attacker closed the connection
{"level":"error","message":"Forever detected script was killed by signal: SIGKILL"}
