(node:1187843) Warning: Accessing non-existent property 'padLevels' of module exports inside circular dependency
(Use `node --trace-warnings ...` to show where the warning was created)
Started with the following options:
{
  debug: true,
  mitmIp: '10.0.3.1',
  autoAccess: true,
  autoAccessCache: 5000,
  maxAttemptsPerConnection: 6,
  sshServerIdentifier: 'SSH-2.0-OpenSSH_6.6.1p1 Ubuntu-2ubuntu2',
  containerMountPathPrefix: '/var/lib/lxc',
  containerMountPathSuffix: 'rootfs/',
  loggingAttackerStreams: '/home/student/MITM/logs/session_streams',
  loggingAuthenticationAttempts: '/home/student/MITM/logs/authentication_attempts',
  loggingLogins: '/home/student/MITM/logs/logins',
  loggingLogouts: '/home/student/MITM/logs/logouts',
  loggingKeystrokes: '/home/student/MITM/logs/keystrokes',
  containerName: 'banner-session-45763',
  containerIp: '10.0.3.118',
  mitmPort: 45763,
  autoAccessFixed: 1
}
2024-11-16 11:06:06.328 - [Info] MITM Version: 2
2024-11-16 11:06:06.331 - [Info] Auto Access Enabled: true
2024-11-16 11:06:06.331 - [Debug] [Init] Auto Access Theshold Achieved: false
2024-11-16 11:06:06.343 - [Info] SSH man-in-the-middle server for 10.0.3.118 listening on 10.0.3.1:45763
2024-11-16 11:17:24.998 - [Debug] [Connection] Attacker connected: 205.210.31.77 | Client Identification: SSH-2.0-ZGrab ZGrab SSH Survey
2024-11-16 11:17:25.968 - [Debug] [Connection] Attacker closed the connection
{"level":"error","message":"Forever detected script was killed by signal: SIGKILL"}
