(node:3512747) Warning: Accessing non-existent property 'padLevels' of module exports inside circular dependency
(Use `node --trace-warnings ...` to show where the warning was created)
Started with the following options:
{
  debug: true,
  mitmIp: '10.0.3.1',
  autoAccess: true,
  autoAccessCache: 5000,
  maxAttemptsPerConnection: 6,
  sshServerIdentifier: 'SSH-2.0-OpenSSH_6.6.1p1 Ubuntu-2ubuntu2',
  containerMountPathPrefix: '/var/lib/lxc',
  containerMountPathSuffix: 'rootfs/',
  loggingAttackerStreams: '/home/student/MITM/logs/session_streams',
  loggingAuthenticationAttempts: '/home/student/MITM/logs/authentication_attempts',
  loggingLogins: '/home/student/MITM/logs/logins',
  loggingLogouts: '/home/student/MITM/logs/logouts',
  loggingKeystrokes: '/home/student/MITM/logs/keystrokes',
  containerName: 'banner-session-40715',
  containerIp: '10.0.3.193',
  mitmPort: 40715,
  autoAccessFixed: 1
}
2024-11-06 11:22:33.740 - [Info] MITM Version: 2
2024-11-06 11:22:33.742 - [Info] Auto Access Enabled: true
2024-11-06 11:22:33.742 - [Debug] [Init] Auto Access Theshold Achieved: false
2024-11-06 11:22:33.754 - [Info] SSH man-in-the-middle server for 10.0.3.193 listening on 10.0.3.1:40715
2024-11-06 11:22:47.868 - [Debug] [Connection] Attacker connected: 52.189.75.166 | Client Identification: SSH-2.0-Go
2024-11-06 11:22:57.866 - [Debug] [Connection] Attacker closed the connection
{"level":"error","message":"Forever detected script was killed by signal: SIGKILL"}
