(node:461162) Warning: Accessing non-existent property 'padLevels' of module exports inside circular dependency
(Use `node --trace-warnings ...` to show where the warning was created)
Started with the following options:
{
  debug: true,
  mitmIp: '10.0.3.1',
  autoAccess: true,
  autoAccessCache: 5000,
  maxAttemptsPerConnection: 6,
  sshServerIdentifier: 'SSH-2.0-OpenSSH_6.6.1p1 Ubuntu-2ubuntu2',
  containerMountPathPrefix: '/var/lib/lxc',
  containerMountPathSuffix: 'rootfs/',
  loggingAttackerStreams: '/home/student/MITM/logs/session_streams',
  loggingAuthenticationAttempts: '/home/student/MITM/logs/authentication_attempts',
  loggingLogins: '/home/student/MITM/logs/logins',
  loggingLogouts: '/home/student/MITM/logs/logouts',
  loggingKeystrokes: '/home/student/MITM/logs/keystrokes',
  containerName: 'banner-session-41097',
  containerIp: '10.0.3.45',
  mitmPort: 41097,
  autoAccessFixed: 1
}
2024-11-06 23:16:39.180 - [Info] MITM Version: 2
2024-11-06 23:16:39.182 - [Info] Auto Access Enabled: true
2024-11-06 23:16:39.183 - [Debug] [Init] Auto Access Theshold Achieved: false
2024-11-06 23:16:39.195 - [Info] SSH man-in-the-middle server for 10.0.3.45 listening on 10.0.3.1:41097
2024-11-06 23:18:16.517 - [Debug] [Connection] Attacker connected: 147.185.132.70 | Client Identification: SSH-2.0-ZGrab ZGrab SSH Survey
2024-11-06 23:18:18.139 - [Debug] [Connection] Attacker closed the connection
{"level":"error","message":"Forever detected script was killed by signal: SIGKILL"}
