(node:905180) Warning: Accessing non-existent property 'padLevels' of module exports inside circular dependency
(Use `node --trace-warnings ...` to show where the warning was created)
Started with the following options:
{
  debug: true,
  mitmIp: '10.0.3.1',
  autoAccess: true,
  autoAccessCache: 5000,
  maxAttemptsPerConnection: 6,
  sshServerIdentifier: 'SSH-2.0-OpenSSH_6.6.1p1 Ubuntu-2ubuntu2',
  containerMountPathPrefix: '/var/lib/lxc',
  containerMountPathSuffix: 'rootfs/',
  loggingAttackerStreams: '/home/student/MITM/logs/session_streams',
  loggingAuthenticationAttempts: '/home/student/MITM/logs/authentication_attempts',
  loggingLogins: '/home/student/MITM/logs/logins',
  loggingLogouts: '/home/student/MITM/logs/logouts',
  loggingKeystrokes: '/home/student/MITM/logs/keystrokes',
  containerName: 'banner-session-44889',
  containerIp: '10.0.3.208',
  mitmPort: 44889,
  autoAccessFixed: 1
}
2024-11-13 23:26:09.003 - [Info] MITM Version: 2
2024-11-13 23:26:09.005 - [Info] Auto Access Enabled: true
2024-11-13 23:26:09.005 - [Debug] [Init] Auto Access Theshold Achieved: false
2024-11-13 23:26:09.025 - [Info] SSH man-in-the-middle server for 10.0.3.208 listening on 10.0.3.1:44889
2024-11-13 23:26:33.574 - [Debug] [Connection] Attacker connected: 223.70.243.190 | Client Identification: SSH-2.0-libssh_0.9.6
2024-11-13 23:26:57.013 - [Debug] [Connection] Attacker closed the connection
{"level":"error","message":"Forever detected script was killed by signal: SIGKILL"}
