(node:186556) Warning: Accessing non-existent property 'padLevels' of module exports inside circular dependency
(Use `node --trace-warnings ...` to show where the warning was created)
Started with the following options:
{
  debug: true,
  mitmIp: '10.0.3.1',
  autoAccess: true,
  autoAccessCache: 5000,
  maxAttemptsPerConnection: 6,
  sshServerIdentifier: 'SSH-2.0-OpenSSH_6.6.1p1 Ubuntu-2ubuntu2',
  containerMountPathPrefix: '/var/lib/lxc',
  containerMountPathSuffix: 'rootfs/',
  loggingAttackerStreams: '/home/student/MITM/logs/session_streams',
  loggingAuthenticationAttempts: '/home/student/MITM/logs/authentication_attempts',
  loggingLogins: '/home/student/MITM/logs/logins',
  loggingLogouts: '/home/student/MITM/logs/logouts',
  loggingKeystrokes: '/home/student/MITM/logs/keystrokes',
  containerName: 'banner-session-42417',
  containerIp: '10.0.3.22',
  mitmPort: 42417,
  autoAccessFixed: 1
}
2024-11-08 15:14:46.775 - [Info] MITM Version: 2
2024-11-08 15:14:46.777 - [Info] Auto Access Enabled: true
2024-11-08 15:14:46.778 - [Debug] [Init] Auto Access Theshold Achieved: false
2024-11-08 15:14:46.788 - [Info] SSH man-in-the-middle server for 10.0.3.22 listening on 10.0.3.1:42417
2024-11-08 15:15:49.974 - [Debug] [Connection] Attacker connected: 45.84.89.3 | Client Identification: SSH-2.0-Go
2024-11-08 15:15:50.388 - [Debug] [Connection] Attacker closed the connection
{"level":"error","message":"Forever detected script was killed by signal: SIGKILL"}
