(node:930794) Warning: Accessing non-existent property 'padLevels' of module exports inside circular dependency
(Use `node --trace-warnings ...` to show where the warning was created)
Started with the following options:
{
  debug: true,
  mitmIp: '10.0.3.1',
  autoAccess: true,
  autoAccessCache: 5000,
  maxAttemptsPerConnection: 6,
  sshServerIdentifier: 'SSH-2.0-OpenSSH_6.6.1p1 Ubuntu-2ubuntu2',
  containerMountPathPrefix: '/var/lib/lxc',
  containerMountPathSuffix: 'rootfs/',
  loggingAttackerStreams: '/home/student/MITM/logs/session_streams',
  loggingAuthenticationAttempts: '/home/student/MITM/logs/authentication_attempts',
  loggingLogins: '/home/student/MITM/logs/logins',
  loggingLogouts: '/home/student/MITM/logs/logouts',
  loggingKeystrokes: '/home/student/MITM/logs/keystrokes',
  containerName: 'banner-session-43494',
  containerIp: '10.0.3.249',
  mitmPort: 43494,
  autoAccessFixed: 1
}
2024-11-12 06:17:14.382 - [Info] MITM Version: 2
2024-11-12 06:17:14.384 - [Info] Auto Access Enabled: true
2024-11-12 06:17:14.385 - [Debug] [Init] Auto Access Theshold Achieved: false
2024-11-12 06:17:14.397 - [Info] SSH man-in-the-middle server for 10.0.3.249 listening on 10.0.3.1:43494
2024-11-12 06:20:58.743 - [Debug] [Connection] Attacker connected: 220.88.188.111 | Client Identification: SSH-2.0-SSH-2.0-OpenSSH_6.6.1p1 Ubuntu-2ubuntu2
2024-11-12 06:21:02.138 - [Debug] [Connection] Attacker closed the connection
{"level":"error","message":"Forever detected script was killed by signal: SIGKILL"}
