(node:3736378) Warning: Accessing non-existent property 'padLevels' of module exports inside circular dependency
(Use `node --trace-warnings ...` to show where the warning was created)
Started with the following options:
{
  debug: true,
  mitmIp: '10.0.3.1',
  autoAccess: true,
  autoAccessCache: 5000,
  maxAttemptsPerConnection: 6,
  sshServerIdentifier: 'SSH-2.0-OpenSSH_6.6.1p1 Ubuntu-2ubuntu2',
  containerMountPathPrefix: '/var/lib/lxc',
  containerMountPathSuffix: 'rootfs/',
  loggingAttackerStreams: '/home/student/MITM/logs/session_streams',
  loggingAuthenticationAttempts: '/home/student/MITM/logs/authentication_attempts',
  loggingLogins: '/home/student/MITM/logs/logins',
  loggingLogouts: '/home/student/MITM/logs/logouts',
  loggingKeystrokes: '/home/student/MITM/logs/keystrokes',
  containerName: 'banner-session-42204',
  containerIp: '10.0.3.31',
  mitmPort: 42204,
  autoAccessFixed: 1
}
2024-11-08 08:19:39.316 - [Info] MITM Version: 2
2024-11-08 08:19:39.318 - [Info] Auto Access Enabled: true
2024-11-08 08:19:39.319 - [Debug] [Init] Auto Access Theshold Achieved: false
2024-11-08 08:19:39.332 - [Info] SSH man-in-the-middle server for 10.0.3.31 listening on 10.0.3.1:42204
2024-11-08 08:20:35.313 - [Debug] [Connection] Attacker connected: 61.240.141.51 | Client Identification: SSH-2.0-libssh2_1.11.0
{"level":"error","message":"Forever detected script was killed by signal: SIGKILL"}
