(node:1060583) Warning: Accessing non-existent property 'padLevels' of module exports inside circular dependency
(Use `node --trace-warnings ...` to show where the warning was created)
Started with the following options:
{
  debug: true,
  mitmIp: '10.0.3.1',
  autoAccess: true,
  autoAccessCache: 5000,
  maxAttemptsPerConnection: 6,
  sshServerIdentifier: 'SSH-2.0-OpenSSH_6.6.1p1 Ubuntu-2ubuntu2',
  containerMountPathPrefix: '/var/lib/lxc',
  containerMountPathSuffix: 'rootfs/',
  loggingAttackerStreams: '/home/student/MITM/logs/session_streams',
  loggingAuthenticationAttempts: '/home/student/MITM/logs/authentication_attempts',
  loggingLogins: '/home/student/MITM/logs/logins',
  loggingLogouts: '/home/student/MITM/logs/logouts',
  loggingKeystrokes: '/home/student/MITM/logs/keystrokes',
  containerName: 'nobanner-session-40196',
  containerIp: '10.0.3.130',
  mitmPort: 40196,
  autoAccessFixed: 1
}
Error: ENOENT: no such file or directory, open '/var/lib/lxc/nobanner-session-40196/rootfs/etc/ssh/ssh_host_ecdsa_key'
    at Object.openSync (node:fs:596:3)
    at Object.readFileSync (node:fs:464:35)
    at readKeys (/home/student/MITM/server/keys.js:19:18)
    at readCTKeys (/home/student/MITM/server/keys.js:29:15)
    at Object.loadKeys (/home/student/MITM/server/keys.js:48:12)
    at Object.<anonymous> (/home/student/MITM/server/index.js:160:29)
    at Module._compile (node:internal/modules/cjs/loader:1364:14)
    at Module._extensions..js (node:internal/modules/cjs/loader:1422:10)
    at Module.load (node:internal/modules/cjs/loader:1203:32)
    at Module._load (node:internal/modules/cjs/loader:1019:12) {
  errno: -2,
  syscall: 'open',
  code: 'ENOENT',
  path: '/var/lib/lxc/nobanner-session-40196/rootfs/etc/ssh/ssh_host_ecdsa_key'
}
[ERROR] Could not read the keys from the container! Is the container mounted/running and is openssh-server installed?
{"level":"error","message":"Forever detected script exited with code: 1"}
