(node:1085808) Warning: Accessing non-existent property 'padLevels' of module exports inside circular dependency
(Use `node --trace-warnings ...` to show where the warning was created)
Started with the following options:
{
  debug: true,
  mitmIp: '10.0.3.1',
  autoAccess: true,
  autoAccessCache: 5000,
  maxAttemptsPerConnection: 6,
  sshServerIdentifier: 'SSH-2.0-OpenSSH_6.6.1p1 Ubuntu-2ubuntu2',
  containerMountPathPrefix: '/var/lib/lxc',
  containerMountPathSuffix: 'rootfs/',
  loggingAttackerStreams: '/home/student/MITM/logs/session_streams',
  loggingAuthenticationAttempts: '/home/student/MITM/logs/authentication_attempts',
  loggingLogins: '/home/student/MITM/logs/logins',
  loggingLogouts: '/home/student/MITM/logs/logouts',
  loggingKeystrokes: '/home/student/MITM/logs/keystrokes',
  containerName: 'nobanner-session-44943',
  containerIp: '10.0.3.100',
  mitmPort: 44943,
  autoAccessFixed: 1
}
2024-11-14 00:54:08.521 - [Info] MITM Version: 2
2024-11-14 00:54:08.523 - [Info] Auto Access Enabled: true
2024-11-14 00:54:08.524 - [Debug] [Init] Auto Access Theshold Achieved: false
2024-11-14 00:54:08.533 - [Info] SSH man-in-the-middle server for 10.0.3.100 listening on 10.0.3.1:44943
2024-11-14 01:12:51.802 - [Debug] [Connection] Attacker connected: 194.169.175.106 | Client Identification: SSH-2.0-Go
2024-11-14 01:12:52.546 - [Debug] [Auth] Attacker 194.169.175.106 trying to authenticate with 'none'
2024-11-14 01:12:52.547 - [Debug] [Auth] Attacker authentication error: No authentication method provided
2024-11-14 01:13:01.799 - [Debug] [Connection] Attacker closed the connection
{"level":"error","message":"Forever detected script was killed by signal: SIGKILL"}
