(node:3019738) Warning: Accessing non-existent property 'padLevels' of module exports inside circular dependency
(Use `node --trace-warnings ...` to show where the warning was created)
Started with the following options:
{
  debug: true,
  mitmIp: '10.0.3.1',
  autoAccess: true,
  autoAccessCache: 5000,
  maxAttemptsPerConnection: 6,
  sshServerIdentifier: 'SSH-2.0-OpenSSH_6.6.1p1 Ubuntu-2ubuntu2',
  containerMountPathPrefix: '/var/lib/lxc',
  containerMountPathSuffix: 'rootfs/',
  loggingAttackerStreams: '/home/student/MITM/logs/session_streams',
  loggingAuthenticationAttempts: '/home/student/MITM/logs/authentication_attempts',
  loggingLogins: '/home/student/MITM/logs/logins',
  loggingLogouts: '/home/student/MITM/logs/logouts',
  loggingKeystrokes: '/home/student/MITM/logs/keystrokes',
  containerName: 'nobanner-session-45937',
  containerIp: '10.0.3.221',
  mitmPort: 45937,
  autoAccessFixed: 1
}
2024-11-17 20:51:39.501 - [Info] MITM Version: 2
2024-11-17 20:51:39.503 - [Info] Auto Access Enabled: true
2024-11-17 20:51:39.504 - [Debug] [Init] Auto Access Theshold Achieved: false
2024-11-17 20:51:39.516 - [Info] SSH man-in-the-middle server for 10.0.3.221 listening on 10.0.3.1:45937
2024-11-17 20:59:18.118 - [Debug] [Connection] Attacker connected: 123.97.242.210 | Client Identification: SSH-2.0-libssh2_1.11.0
2024-11-17 20:59:28.377 - [Debug] [Connection] Attacker closed the connection
{"level":"error","message":"Forever detected script was killed by signal: SIGKILL"}
