(node:697640) Warning: Accessing non-existent property 'padLevels' of module exports inside circular dependency
(Use `node --trace-warnings ...` to show where the warning was created)
Started with the following options:
{
  debug: true,
  mitmIp: '10.0.3.1',
  autoAccess: true,
  autoAccessCache: 5000,
  maxAttemptsPerConnection: 6,
  sshServerIdentifier: 'SSH-2.0-OpenSSH_6.6.1p1 Ubuntu-2ubuntu2',
  containerMountPathPrefix: '/var/lib/lxc',
  containerMountPathSuffix: 'rootfs/',
  loggingAttackerStreams: '/home/student/MITM/logs/session_streams',
  loggingAuthenticationAttempts: '/home/student/MITM/logs/authentication_attempts',
  loggingLogins: '/home/student/MITM/logs/logins',
  loggingLogouts: '/home/student/MITM/logs/logouts',
  loggingKeystrokes: '/home/student/MITM/logs/keystrokes',
  containerName: 'nobanner-session-40126',
  containerIp: '10.0.3.51',
  mitmPort: 40126,
  autoAccessFixed: 1
}
2024-10-31 16:11:13.677 - [Info] MITM Version: 2
2024-10-31 16:11:13.679 - [Info] Auto Access Enabled: true
2024-10-31 16:11:13.680 - [Debug] [Init] Auto Access Theshold Achieved: false
2024-10-31 16:11:13.691 - [Info] SSH man-in-the-middle server for 10.0.3.51 listening on 10.0.3.1:40126
2024-10-31 16:14:20.248 - [Debug] [Connection] Attacker connected: 10.174.123.84 | Client Identification: SSH-2.0-OpenSSH_9.6
2024-10-31 16:14:21.746 - [Debug] [Auth] Attacker 10.174.123.84 trying to authenticate with 'none'
2024-10-31 16:14:21.747 - [Debug] [Auth] Attacker authentication error: No authentication method provided
2024-10-31 16:14:22.753 - [Debug] [Auth] Attacker 10.174.123.84 trying to authenticate with 'password'
2024-10-31 16:14:22.755 - [Debug] [Auto Access] Attacker: 10.174.123.84, Threshold: 1, Attempts: 1
2024-10-31 16:14:22.755 - [Debug] [Auto Access] Compromising the honeypot
2024-10-31 16:14:22.755 - [Debug] [Auto Access] Adding the following credentials: 'gitikasaravanan:1234'
2024-10-31 16:14:23.201 - [Debug] [Auto Access] Auto-access is now disabled for the remainder of this MITM server instance
2024-10-31 16:14:23.204 - [Debug] [Auth] Valid credentials - Password Authentication
2024-10-31 16:14:23.204 - [Debug] [LXC] Attempting to connect to the honeypot: 10.0.3.51
2024-10-31 16:14:23.289 - [Debug] [LXC-Auth] Attacker authenticated and is inside container
2024-10-31 16:14:23.536 - [Debug] [SHELL] Opened shell for attacker
2024-10-31 16:14:23.540 - [Debug] [LXC Streams] New Stream | Total Streams: 1
2024-10-31 16:14:24.504 - [Debug] [SHELL] Attacker Keystroke: "
2024-10-31 16:14:25.022 - [Debug] [SHELL] Attacker Keystroke: [DEL]
2024-10-31 16:14:25.133 - [Debug] [SHELL] Attacker Keystroke: e
2024-10-31 16:14:25.380 - [Debug] [SHELL] Attacker Keystroke: h
2024-10-31 16:14:25.446 - [Debug] [SHELL] Attacker Keystroke: o
2024-10-31 16:14:25.521 - [Debug] [SHELL] Attacker Keystroke: [Space]
2024-10-31 16:14:25.805 - [Debug] [SHELL] Attacker Keystroke: [DEL]
2024-10-31 16:14:25.945 - [Debug] [SHELL] Attacker Keystroke: [DEL]
2024-10-31 16:14:26.029 - [Debug] [SHELL] Attacker Keystroke: [DEL]
2024-10-31 16:14:26.119 - [Debug] [SHELL] Attacker Keystroke: c
2024-10-31 16:14:26.305 - [Debug] [SHELL] Attacker Keystroke: h
2024-10-31 16:14:26.377 - [Debug] [SHELL] Attacker Keystroke: o
2024-10-31 16:14:26.681 - [Debug] [SHELL] Attacker Keystroke: [Space]
2024-10-31 16:14:26.828 - [Debug] [SHELL] Attacker Keystroke: "
2024-10-31 16:14:26.930 - [Debug] [SHELL] Attacker Keystroke: e
2024-10-31 16:14:27.238 - [Debug] [SHELL] Attacker Keystroke: [DEL]
2024-10-31 16:14:27.430 - [Debug] [SHELL] Attacker Keystroke: h
2024-10-31 16:14:27.486 - [Debug] [SHELL] Attacker Keystroke: e
2024-10-31 16:14:27.580 - [Debug] [SHELL] Attacker Keystroke: l
2024-10-31 16:14:27.697 - [Debug] [SHELL] Attacker Keystroke: l
2024-10-31 16:14:27.851 - [Debug] [SHELL] Attacker Keystroke: o
2024-10-31 16:14:28.140 - [Debug] [SHELL] Attacker Keystroke: "
2024-10-31 16:14:28.322 - [Debug] [SHELL] Attacker Keystroke: [CR]
2024-10-31 16:14:28.324 - [Debug] [SHELL] line from reader: echo "hello"
2024-10-31 16:14:28.324 - [Debug] [SHELL] Keystroke buffer: 34,127,101,104,111,32,127,127,127,99,104,111,32,34,101,127,104,101,108,108,111,34,13
2024-10-31 16:14:30.211 - [Debug] [SHELL] Attacker Keystroke: e
2024-10-31 16:14:30.373 - [Debug] [SHELL] Attacker Keystroke: c
2024-10-31 16:14:30.481 - [Debug] [SHELL] Attacker Keystroke: h
2024-10-31 16:14:30.568 - [Debug] [SHELL] Attacker Keystroke: o
2024-10-31 16:14:30.679 - [Debug] [SHELL] Attacker Keystroke: [Space]
2024-10-31 16:14:31.071 - [Debug] [SHELL] Attacker Keystroke: "
2024-10-31 16:14:31.242 - [Debug] [SHELL] Attacker Keystroke: h
2024-10-31 16:14:31.365 - [Debug] [SHELL] Attacker Keystroke: i
2024-10-31 16:14:32.394 - [Debug] [SHELL] Attacker Keystroke: "
2024-10-31 16:14:32.530 - [Debug] [SHELL] Attacker Keystroke: 1
2024-10-31 16:14:32.944 - [Debug] [SHELL] Attacker Keystroke: [DEL]
2024-10-31 16:14:33.276 - [Debug] [SHELL] Attacker Keystroke: [DEL]
2024-10-31 16:14:33.586 - [Debug] [SHELL] Attacker Keystroke: !
2024-10-31 16:14:34.079 - [Debug] [SHELL] Attacker Keystroke: "
2024-10-31 16:14:34.192 - [Debug] [SHELL] Attacker Keystroke: [CR]
2024-10-31 16:14:34.193 - [Debug] [SHELL] line from reader: echo "hi!"
2024-10-31 16:14:34.193 - [Debug] [SHELL] Keystroke buffer: 101,99,104,111,32,34,104,105,34,49,127,127,33,34,13
2024-10-31 16:14:35.081 - [Debug] [SHELL] Attacker Keystroke: e
2024-10-31 16:14:35.285 - [Debug] [SHELL] Attacker Keystroke: x
2024-10-31 16:14:35.359 - [Debug] [SHELL] Attacker Keystroke: i
2024-10-31 16:14:35.519 - [Debug] [SHELL] Attacker Keystroke: t
2024-10-31 16:14:35.539 - [Debug] [SHELL] Attacker Keystroke: [CR]
2024-10-31 16:14:35.552 - [Debug] [SHELL] line from reader: exit
2024-10-31 16:14:35.553 - [Debug] [SHELL] Keystroke buffer: 101,120,105,116,13
2024-10-31 16:14:35.593 - [Debug] [LXC Streams] Removed Stream | Total streams: 0
2024-10-31 16:14:35.593 - [Debug] [SHELL] Honeypot ended shell
2024-10-31 16:14:35.657 - [Debug] [SHELL] Attacker ended the shell
2024-10-31 16:14:35.659 - [Debug] [Connection] Attacker closed connection
2024-10-31 16:14:35.685 - [Debug] [LXC] Container's OpenSSH server ended connection
2024-10-31 16:14:35.686 - [Debug] [LXC] Container's OpenSSH server closed connection
{"level":"error","message":"Forever detected script was killed by signal: SIGKILL"}
