(node:351187) Warning: Accessing non-existent property 'padLevels' of module exports inside circular dependency
(Use `node --trace-warnings ...` to show where the warning was created)
Started with the following options:
{
  debug: true,
  mitmIp: '10.0.3.1',
  autoAccess: true,
  autoAccessCache: 5000,
  maxAttemptsPerConnection: 6,
  sshServerIdentifier: 'SSH-2.0-OpenSSH_6.6.1p1 Ubuntu-2ubuntu2',
  containerMountPathPrefix: '/var/lib/lxc',
  containerMountPathSuffix: 'rootfs/',
  loggingAttackerStreams: '/home/student/MITM/logs/session_streams',
  loggingAuthenticationAttempts: '/home/student/MITM/logs/authentication_attempts',
  loggingLogins: '/home/student/MITM/logs/logins',
  loggingLogouts: '/home/student/MITM/logs/logouts',
  loggingKeystrokes: '/home/student/MITM/logs/keystrokes',
  containerName: 'nobanner-session-41060',
  containerIp: '10.0.3.227',
  mitmPort: 41060,
  autoAccessFixed: 1
}
2024-11-06 22:06:51.966 - [Info] MITM Version: 2
2024-11-06 22:06:51.968 - [Info] Auto Access Enabled: true
2024-11-06 22:06:51.968 - [Debug] [Init] Auto Access Theshold Achieved: false
2024-11-06 22:06:51.980 - [Info] SSH man-in-the-middle server for 10.0.3.227 listening on 10.0.3.1:41060
2024-11-06 22:07:13.260 - [Debug] [Connection] Attacker connected: 8.219.222.66 | Client Identification: SSH-2.0-Go
2024-11-06 22:07:14.731 - [Debug] [Auth] Attacker 8.219.222.66 trying to authenticate with 'none'
2024-11-06 22:07:14.732 - [Debug] [Auth] Attacker authentication error: No authentication method provided
2024-11-06 22:07:15.250 - [Debug] [Connection] Attacker closed the connection
{"level":"error","message":"Forever detected script was killed by signal: SIGKILL"}
