(node:1340971) Warning: Accessing non-existent property 'padLevels' of module exports inside circular dependency
(Use `node --trace-warnings ...` to show where the warning was created)
Started with the following options:
{
  debug: true,
  mitmIp: '10.0.3.1',
  autoAccess: true,
  autoAccessCache: 5000,
  maxAttemptsPerConnection: 6,
  sshServerIdentifier: 'SSH-2.0-OpenSSH_6.6.1p1 Ubuntu-2ubuntu2',
  containerMountPathPrefix: '/var/lib/lxc',
  containerMountPathSuffix: 'rootfs/',
  loggingAttackerStreams: '/home/student/MITM/logs/session_streams',
  loggingAuthenticationAttempts: '/home/student/MITM/logs/authentication_attempts',
  loggingLogins: '/home/student/MITM/logs/logins',
  loggingLogouts: '/home/student/MITM/logs/logouts',
  loggingKeystrokes: '/home/student/MITM/logs/keystrokes',
  containerName: 'nobanner-session-42808',
  containerIp: '10.0.3.31',
  mitmPort: 42808,
  autoAccessFixed: 1
}
2024-11-09 02:55:54.521 - [Info] MITM Version: 2
2024-11-09 02:55:54.523 - [Info] Auto Access Enabled: true
2024-11-09 02:55:54.524 - [Debug] [Init] Auto Access Theshold Achieved: false
2024-11-09 02:55:54.548 - [Info] SSH man-in-the-middle server for 10.0.3.31 listening on 10.0.3.1:42808
2024-11-09 03:29:01.522 - [Debug] [Connection] Attacker connected: 47.121.123.151 | Client Identification: SSH-2.0-Go
2024-11-09 03:29:06.989 - [Debug] [Auth] Attacker 47.121.123.151 trying to authenticate with 'none'
2024-11-09 03:29:06.990 - [Debug] [Auth] Attacker authentication error: No authentication method provided
2024-11-09 03:29:07.520 - [Debug] [Connection] Attacker closed the connection
{"level":"error","message":"Forever detected script was killed by signal: SIGKILL"}
