(node:780585) Warning: Accessing non-existent property 'padLevels' of module exports inside circular dependency
(Use `node --trace-warnings ...` to show where the warning was created)
Started with the following options:
{
  debug: true,
  mitmIp: '10.0.3.1',
  autoAccess: true,
  autoAccessCache: 5000,
  maxAttemptsPerConnection: 6,
  sshServerIdentifier: 'SSH-2.0-OpenSSH_6.6.1p1 Ubuntu-2ubuntu2',
  containerMountPathPrefix: '/var/lib/lxc',
  containerMountPathSuffix: 'rootfs/',
  loggingAttackerStreams: '/home/student/MITM/logs/session_streams',
  loggingAuthenticationAttempts: '/home/student/MITM/logs/authentication_attempts',
  loggingLogins: '/home/student/MITM/logs/logins',
  loggingLogouts: '/home/student/MITM/logs/logouts',
  loggingKeystrokes: '/home/student/MITM/logs/keystrokes',
  containerName: 'nobanner-session-40179',
  containerIp: '10.0.3.42',
  mitmPort: 40179,
  autoAccessFixed: 1
}
2024-11-03 19:34:37.924 - [Info] MITM Version: 2
2024-11-03 19:34:37.926 - [Info] Auto Access Enabled: true
2024-11-03 19:34:37.926 - [Debug] [Init] Auto Access Theshold Achieved: false
2024-11-03 19:34:37.939 - [Info] SSH man-in-the-middle server for 10.0.3.42 listening on 10.0.3.1:40179
2024-11-03 19:34:38.901 - [Debug] [Connection] Attacker connected: 10.173.171.148 | Client Identification: SSH-2.0-OpenSSH_9.6
2024-11-03 19:34:43.157 - [Debug] [Auth] Attacker 10.173.171.148 trying to authenticate with 'none'
2024-11-03 19:34:43.157 - [Debug] [Auth] Attacker authentication error: No authentication method provided
2024-11-03 19:34:45.568 - [Debug] [Auth] Attacker 10.173.171.148 trying to authenticate with 'password'
2024-11-03 19:34:45.569 - [Debug] [Auto Access] Attacker: 10.173.171.148, Threshold: 1, Attempts: 1
2024-11-03 19:34:45.569 - [Debug] [Auto Access] Compromising the honeypot
2024-11-03 19:34:45.570 - [Debug] [Auto Access] Adding the following credentials: 'gitikasaravanan:123'
2024-11-03 19:34:45.899 - [Debug] [Auto Access] Auto-access is now disabled for the remainder of this MITM server instance
2024-11-03 19:34:45.901 - [Debug] [Auth] Valid credentials - Password Authentication
2024-11-03 19:34:45.906 - [Debug] [LXC] Attempting to connect to the honeypot: 10.0.3.42
2024-11-03 19:34:45.968 - [Debug] [LXC-Auth] Attacker authenticated and is inside container
2024-11-03 19:34:46.152 - [Debug] [SHELL] Opened shell for attacker
2024-11-03 19:34:46.155 - [Debug] [LXC Streams] New Stream | Total Streams: 1
2024-11-03 19:34:48.494 - [Debug] [SHELL] Attacker Keystroke: e
2024-11-03 19:34:48.822 - [Debug] [SHELL] Attacker Keystroke: x
2024-11-03 19:34:48.980 - [Debug] [SHELL] Attacker Keystroke: i
2024-11-03 19:34:49.096 - [Debug] [SHELL] Attacker Keystroke: t
2024-11-03 19:34:49.637 - [Debug] [SHELL] Attacker Keystroke: [CR]
2024-11-03 19:34:49.639 - [Debug] [SHELL] line from reader: exit
2024-11-03 19:34:49.639 - [Debug] [SHELL] Keystroke buffer: 101,120,105,116,13
2024-11-03 19:34:49.682 - [Debug] [LXC Streams] Removed Stream | Total streams: 0
2024-11-03 19:34:49.682 - [Debug] [SHELL] Honeypot ended shell
2024-11-03 19:34:49.693 - [Debug] [SHELL] Attacker ended the shell
2024-11-03 19:34:49.694 - [Debug] [Connection] Attacker closed connection
2024-11-03 19:34:49.707 - [Debug] [LXC] Container's OpenSSH server ended connection
2024-11-03 19:34:49.708 - [Debug] [LXC] Container's OpenSSH server closed connection
{"level":"error","message":"Forever detected script was killed by signal: SIGKILL"}
