(node:953060) Warning: Accessing non-existent property 'padLevels' of module exports inside circular dependency
(Use `node --trace-warnings ...` to show where the warning was created)
Started with the following options:
{
  debug: true,
  mitmIp: '10.0.3.1',
  autoAccess: true,
  autoAccessCache: 5000,
  maxAttemptsPerConnection: 6,
  sshServerIdentifier: 'SSH-2.0-OpenSSH_6.6.1p1 Ubuntu-2ubuntu2',
  containerMountPathPrefix: '/var/lib/lxc',
  containerMountPathSuffix: 'rootfs/',
  loggingAttackerStreams: '/home/student/MITM/logs/session_streams',
  loggingAuthenticationAttempts: '/home/student/MITM/logs/authentication_attempts',
  loggingLogins: '/home/student/MITM/logs/logins',
  loggingLogouts: '/home/student/MITM/logs/logouts',
  loggingKeystrokes: '/home/student/MITM/logs/keystrokes',
  containerName: 'nobanner-session-41269',
  containerIp: '10.0.3.20',
  mitmPort: 41269,
  autoAccessFixed: 1
}
2024-11-07 04:02:25.811 - [Info] MITM Version: 2
2024-11-07 04:02:25.820 - [Info] Auto Access Enabled: true
2024-11-07 04:02:25.824 - [Debug] [Init] Auto Access Theshold Achieved: false
2024-11-07 04:02:25.871 - [Info] SSH man-in-the-middle server for 10.0.3.20 listening on 10.0.3.1:41269
2024-11-07 04:03:08.877 - [Debug] [Connection] Attacker connected: 118.220.31.109 | Client Identification: SSH-2.0-SSH-2.0-OpenSSH_6.6.1p1 Ubuntu-2ubuntu2
{"level":"error","message":"Forever detected script was killed by signal: SIGKILL"}
