(node:357108) Warning: Accessing non-existent property 'padLevels' of module exports inside circular dependency
(Use `node --trace-warnings ...` to show where the warning was created)
Started with the following options:
{
  debug: true,
  mitmIp: '10.0.3.1',
  autoAccess: true,
  autoAccessCache: 5000,
  maxAttemptsPerConnection: 6,
  sshServerIdentifier: 'SSH-2.0-OpenSSH_6.6.1p1 Ubuntu-2ubuntu2',
  containerMountPathPrefix: '/var/lib/lxc',
  containerMountPathSuffix: 'rootfs/',
  loggingAttackerStreams: '/home/student/MITM/logs/session_streams',
  loggingAuthenticationAttempts: '/home/student/MITM/logs/authentication_attempts',
  loggingLogins: '/home/student/MITM/logs/logins',
  loggingLogouts: '/home/student/MITM/logs/logouts',
  loggingKeystrokes: '/home/student/MITM/logs/keystrokes',
  containerName: 'nobanner-session-41062',
  containerIp: '10.0.3.209',
  mitmPort: 41062,
  autoAccessFixed: 1
}
2024-11-06 22:09:45.988 - [Info] MITM Version: 2
2024-11-06 22:09:45.991 - [Info] Auto Access Enabled: true
2024-11-06 22:09:45.992 - [Debug] [Init] Auto Access Theshold Achieved: false
2024-11-06 22:09:46.040 - [Info] SSH man-in-the-middle server for 10.0.3.209 listening on 10.0.3.1:41062
2024-11-06 22:10:42.802 - [Debug] [Connection] Attacker connected: 221.159.36.39 | Client Identification: SSH-2.0-SSH-2.0-OpenSSH_6.6.1p1 Ubuntu-2ubuntu2
2024-11-06 22:10:44.153 - [Debug] [Connection] Attacker closed the connection
{"level":"error","message":"Forever detected script was killed by signal: SIGKILL"}
