(node:1332028) Warning: Accessing non-existent property 'padLevels' of module exports inside circular dependency
(Use `node --trace-warnings ...` to show where the warning was created)
Started with the following options:
{
  debug: true,
  mitmIp: '10.0.3.1',
  autoAccess: true,
  autoAccessCache: 5000,
  maxAttemptsPerConnection: 6,
  sshServerIdentifier: 'SSH-2.0-OpenSSH_6.6.1p1 Ubuntu-2ubuntu2',
  containerMountPathPrefix: '/var/lib/lxc',
  containerMountPathSuffix: 'rootfs/',
  loggingAttackerStreams: '/home/student/MITM/logs/session_streams',
  loggingAuthenticationAttempts: '/home/student/MITM/logs/authentication_attempts',
  loggingLogins: '/home/student/MITM/logs/logins',
  loggingLogouts: '/home/student/MITM/logs/logouts',
  loggingKeystrokes: '/home/student/MITM/logs/keystrokes',
  containerName: 'nobanner-session-41401',
  containerIp: '10.0.3.3',
  mitmPort: 41401,
  autoAccessFixed: 1
}
2024-11-07 07:33:04.445 - [Info] MITM Version: 2
2024-11-07 07:33:04.447 - [Info] Auto Access Enabled: true
2024-11-07 07:33:04.448 - [Debug] [Init] Auto Access Theshold Achieved: false
2024-11-07 07:33:04.458 - [Info] SSH man-in-the-middle server for 10.0.3.3 listening on 10.0.3.1:41401
2024-11-07 08:07:59.956 - [Debug] [Connection] Attacker connected: 164.52.24.187 | Client Identification: SSH-2.0-OpenSSH_8.0
2024-11-07 08:08:00.292 - [Debug] [Connection] Attacker closed the connection
{"level":"error","message":"Forever detected script was killed by signal: SIGKILL"}
