(node:2308253) Warning: Accessing non-existent property 'padLevels' of module exports inside circular dependency
(Use `node --trace-warnings ...` to show where the warning was created)
Started with the following options:
{
  debug: true,
  mitmIp: '10.0.3.1',
  autoAccess: true,
  autoAccessCache: 5000,
  maxAttemptsPerConnection: 6,
  sshServerIdentifier: 'SSH-2.0-OpenSSH_6.6.1p1 Ubuntu-2ubuntu2',
  containerMountPathPrefix: '/var/lib/lxc',
  containerMountPathSuffix: 'rootfs/',
  loggingAttackerStreams: '/home/student/MITM/logs/session_streams',
  loggingAuthenticationAttempts: '/home/student/MITM/logs/authentication_attempts',
  loggingLogins: '/home/student/MITM/logs/logins',
  loggingLogouts: '/home/student/MITM/logs/logouts',
  loggingKeystrokes: '/home/student/MITM/logs/keystrokes',
  containerName: 'nobanner-session-45328',
  containerIp: '10.0.3.2',
  mitmPort: 45328,
  autoAccessFixed: 1
}
2024-11-14 10:08:00.428 - [Info] MITM Version: 2
2024-11-14 10:08:00.430 - [Info] Auto Access Enabled: true
2024-11-14 10:08:00.430 - [Debug] [Init] Auto Access Theshold Achieved: false
2024-11-14 10:08:00.455 - [Info] SSH man-in-the-middle server for 10.0.3.2 listening on 10.0.3.1:45328
2024-11-14 10:08:08.323 - [Debug] [Connection] Attacker connected: 42.93.213.74 | Client Identification: SSH-2.0-libssh_0.9.6
{"level":"error","message":"Forever detected script was killed by signal: SIGKILL"}
