(node:2184236) Warning: Accessing non-existent property 'padLevels' of module exports inside circular dependency
(Use `node --trace-warnings ...` to show where the warning was created)
Started with the following options:
{
  debug: true,
  mitmIp: '10.0.3.1',
  autoAccess: true,
  autoAccessCache: 5000,
  maxAttemptsPerConnection: 6,
  sshServerIdentifier: 'SSH-2.0-OpenSSH_6.6.1p1 Ubuntu-2ubuntu2',
  containerMountPathPrefix: '/var/lib/lxc',
  containerMountPathSuffix: 'rootfs/',
  loggingAttackerStreams: '/home/student/MITM/logs/session_streams',
  loggingAuthenticationAttempts: '/home/student/MITM/logs/authentication_attempts',
  loggingLogins: '/home/student/MITM/logs/logins',
  loggingLogouts: '/home/student/MITM/logs/logouts',
  loggingKeystrokes: '/home/student/MITM/logs/keystrokes',
  containerName: 'nobanner-session-40290',
  containerIp: '10.0.3.19',
  mitmPort: 40290,
  autoAccessFixed: 1
}
2024-11-05 20:27:21.938 - [Info] MITM Version: 2
2024-11-05 20:27:21.941 - [Info] Auto Access Enabled: true
2024-11-05 20:27:21.941 - [Debug] [Init] Auto Access Theshold Achieved: false
2024-11-05 20:27:21.953 - [Info] SSH man-in-the-middle server for 10.0.3.19 listening on 10.0.3.1:40290
2024-11-05 20:28:03.513 - [Debug] [Connection] Attacker connected: 8.138.154.105 | Client Identification: SSH-2.0-Go
2024-11-05 20:28:05.038 - [Debug] [Auth] Attacker 8.138.154.105 trying to authenticate with 'none'
2024-11-05 20:28:05.038 - [Debug] [Auth] Attacker authentication error: No authentication method provided
2024-11-05 20:28:05.574 - [Debug] [Connection] Attacker closed the connection
{"level":"error","message":"Forever detected script was killed by signal: SIGKILL"}
