(node:9704) Warning: Accessing non-existent property 'padLevels' of module exports inside circular dependency
(Use `node --trace-warnings ...` to show where the warning was created)
Started with the following options:
{
  debug: true,
  mitmIp: '10.0.3.1',
  autoAccess: true,
  autoAccessCache: 5000,
  maxAttemptsPerConnection: 6,
  sshServerIdentifier: 'SSH-2.0-OpenSSH_6.6.1p1 Ubuntu-2ubuntu2',
  containerMountPathPrefix: '/var/lib/lxc',
  containerMountPathSuffix: 'rootfs/',
  loggingAttackerStreams: '/home/student/MITM/logs/session_streams',
  loggingAuthenticationAttempts: '/home/student/MITM/logs/authentication_attempts',
  loggingLogins: '/home/student/MITM/logs/logins',
  loggingLogouts: '/home/student/MITM/logs/logouts',
  loggingKeystrokes: '/home/student/MITM/logs/keystrokes',
  containerName: 'nobanner-session-43060',
  containerIp: '10.0.3.246',
  mitmPort: 43060,
  autoAccessFixed: 1
}
2024-11-11 16:55:25.958 - [Info] MITM Version: 2
2024-11-11 16:55:25.961 - [Info] Auto Access Enabled: true
2024-11-11 16:55:25.961 - [Debug] [Init] Auto Access Theshold Achieved: false
2024-11-11 16:55:25.975 - [Info] SSH man-in-the-middle server for 10.0.3.246 listening on 10.0.3.1:43060
2024-11-11 17:02:38.498 - [Debug] [Connection] Attacker connected: 79.110.62.21 | Client Identification: SSH-2.0-Go
2024-11-11 17:02:39.125 - [Debug] [Auth] Attacker 79.110.62.21 trying to authenticate with 'none'
2024-11-11 17:02:39.126 - [Debug] [Auth] Attacker authentication error: No authentication method provided
2024-11-11 17:02:48.498 - [Debug] [Connection] Attacker closed the connection
{"level":"error","message":"Forever detected script was killed by signal: SIGKILL"}
