(node:2893091) Warning: Accessing non-existent property 'padLevels' of module exports inside circular dependency
(Use `node --trace-warnings ...` to show where the warning was created)
Started with the following options:
{
  debug: true,
  mitmIp: '10.0.3.1',
  autoAccess: true,
  autoAccessCache: 5000,
  maxAttemptsPerConnection: 6,
  sshServerIdentifier: 'SSH-2.0-OpenSSH_6.6.1p1 Ubuntu-2ubuntu2',
  containerMountPathPrefix: '/var/lib/lxc',
  containerMountPathSuffix: 'rootfs/',
  loggingAttackerStreams: '/home/student/MITM/logs/session_streams',
  loggingAuthenticationAttempts: '/home/student/MITM/logs/authentication_attempts',
  loggingLogins: '/home/student/MITM/logs/logins',
  loggingLogouts: '/home/student/MITM/logs/logouts',
  loggingKeystrokes: '/home/student/MITM/logs/keystrokes',
  containerName: 'nobanner-session-41915',
  containerIp: '10.0.3.52',
  mitmPort: 41915,
  autoAccessFixed: 1
}
2024-11-08 00:14:42.007 - [Info] MITM Version: 2
2024-11-08 00:14:42.009 - [Info] Auto Access Enabled: true
2024-11-08 00:14:42.010 - [Debug] [Init] Auto Access Theshold Achieved: false
2024-11-08 00:14:42.021 - [Info] SSH man-in-the-middle server for 10.0.3.52 listening on 10.0.3.1:41915
2024-11-08 00:16:02.464 - [Debug] [Connection] Attacker connected: 180.225.174.120 | Client Identification: SSH-2.0-libssh2_1.11.0
2024-11-08 00:16:17.159 - [Debug] [Connection] Attacker closed the connection
{"level":"error","message":"Forever detected script was killed by signal: SIGKILL"}
