(node:3481358) Warning: Accessing non-existent property 'padLevels' of module exports inside circular dependency
(Use `node --trace-warnings ...` to show where the warning was created)
Started with the following options:
{
  debug: true,
  mitmIp: '10.0.3.1',
  autoAccess: true,
  autoAccessCache: 5000,
  maxAttemptsPerConnection: 6,
  sshServerIdentifier: 'SSH-2.0-OpenSSH_6.6.1p1 Ubuntu-2ubuntu2',
  containerMountPathPrefix: '/var/lib/lxc',
  containerMountPathSuffix: 'rootfs/',
  loggingAttackerStreams: '/home/student/MITM/logs/session_streams',
  loggingAuthenticationAttempts: '/home/student/MITM/logs/authentication_attempts',
  loggingLogins: '/home/student/MITM/logs/logins',
  loggingLogouts: '/home/student/MITM/logs/logouts',
  loggingKeystrokes: '/home/student/MITM/logs/keystrokes',
  containerName: 'nobanner-session-42115',
  containerIp: '10.0.3.211',
  mitmPort: 42115,
  autoAccessFixed: 1
}
2024-11-08 06:04:06.521 - [Info] MITM Version: 2
2024-11-08 06:04:06.523 - [Info] Auto Access Enabled: true
2024-11-08 06:04:06.524 - [Debug] [Init] Auto Access Theshold Achieved: false
2024-11-08 06:04:06.543 - [Info] SSH man-in-the-middle server for 10.0.3.211 listening on 10.0.3.1:42115
2024-11-08 06:13:33.174 - [Debug] [Connection] Attacker connected: 98.80.4.110 | Client Identification: SSH-2.0-paramiko_2.9.2
2024-11-08 06:13:33.504 - [Debug] [Auth] Attacker 98.80.4.110 trying to authenticate with 'none'
2024-11-08 06:13:33.505 - [Debug] [Auth] Attacker authentication error: No authentication method provided
2024-11-08 06:13:33.562 - [Debug] [Connection] Attacker closed the connection
{"level":"error","message":"Forever detected script was killed by signal: SIGKILL"}
