(node:1428467) Warning: Accessing non-existent property 'padLevels' of module exports inside circular dependency
(Use `node --trace-warnings ...` to show where the warning was created)
Started with the following options:
{
  debug: true,
  mitmIp: '10.0.3.1',
  autoAccess: true,
  autoAccessCache: 5000,
  maxAttemptsPerConnection: 6,
  sshServerIdentifier: 'SSH-2.0-OpenSSH_6.6.1p1 Ubuntu-2ubuntu2',
  containerMountPathPrefix: '/var/lib/lxc',
  containerMountPathSuffix: 'rootfs/',
  loggingAttackerStreams: '/home/student/MITM/logs/session_streams',
  loggingAuthenticationAttempts: '/home/student/MITM/logs/authentication_attempts',
  loggingLogins: '/home/student/MITM/logs/logins',
  loggingLogouts: '/home/student/MITM/logs/logouts',
  loggingKeystrokes: '/home/student/MITM/logs/keystrokes',
  containerName: 'nobanner-session-45046',
  containerIp: '10.0.3.20',
  mitmPort: 45046,
  autoAccessFixed: 1
}
2024-11-14 03:46:32.838 - [Info] MITM Version: 2
2024-11-14 03:46:32.841 - [Info] Auto Access Enabled: true
2024-11-14 03:46:32.841 - [Debug] [Init] Auto Access Theshold Achieved: false
2024-11-14 03:46:32.852 - [Info] SSH man-in-the-middle server for 10.0.3.20 listening on 10.0.3.1:45046
2024-11-14 03:47:40.475 - [Debug] [Connection] Attacker connected: 122.114.12.80 | Client Identification: SSH-2.0-libssh2_1.11.0
{"level":"error","message":"Forever detected script was killed by signal: SIGKILL"}
