(node:703238) Warning: Accessing non-existent property 'padLevels' of module exports inside circular dependency
(Use `node --trace-warnings ...` to show where the warning was created)
Started with the following options:
{
  debug: true,
  mitmIp: '10.0.3.1',
  autoAccess: true,
  autoAccessCache: 5000,
  maxAttemptsPerConnection: 6,
  sshServerIdentifier: 'SSH-2.0-OpenSSH_6.6.1p1 Ubuntu-2ubuntu2',
  containerMountPathPrefix: '/var/lib/lxc',
  containerMountPathSuffix: 'rootfs/',
  loggingAttackerStreams: '/home/student/MITM/logs/session_streams',
  loggingAuthenticationAttempts: '/home/student/MITM/logs/authentication_attempts',
  loggingLogins: '/home/student/MITM/logs/logins',
  loggingLogouts: '/home/student/MITM/logs/logouts',
  loggingKeystrokes: '/home/student/MITM/logs/keystrokes',
  containerName: 'nobanner-session-40128',
  containerIp: '10.0.3.137',
  mitmPort: 40128,
  autoAccessFixed: 1
}
2024-10-31 16:15:15.923 - [Info] MITM Version: 2
2024-10-31 16:15:15.925 - [Info] Auto Access Enabled: true
2024-10-31 16:15:15.926 - [Debug] [Init] Auto Access Theshold Achieved: false
2024-10-31 16:15:15.937 - [Info] SSH man-in-the-middle server for 10.0.3.137 listening on 10.0.3.1:40128
2024-11-02 01:59:15.503 - [Debug] [Connection] Attacker connected: 129.2.19.33 | Client Identification: SSH-2.0-libssh2_1.8.0
2024-11-02 01:59:17.830 - [Debug] [Auth] Attacker 129.2.19.33 trying to authenticate with 'keyboard-interactive'
2024-11-02 01:59:17.830 - [Debug] [Auth] Attacker authentication error: Keyboard-interactive is not supported
2024-11-02 01:59:17.832 - [Debug] [Auth] Attacker: 129.2.19.33 has so far made 1 attempts. Remaining: 5 attempts
2024-11-02 01:59:18.432 - [Debug] [Auth] Attacker 129.2.19.33 trying to authenticate with 'password'
2024-11-02 01:59:18.433 - [Debug] [Auto Access] Attacker: 129.2.19.33, Threshold: 1, Attempts: 1
2024-11-02 01:59:18.433 - [Debug] [Auto Access] Compromising the honeypot
2024-11-02 01:59:18.434 - [Debug] [Auto Access] Adding the following credentials: 'LIBRSYSISVC:fbsn-WVNdHuaE4uS!GT7mEJa'
2024-11-02 01:59:18.979 - [Debug] [Auto Access] Auto-access is now disabled for the remainder of this MITM server instance
2024-11-02 01:59:18.981 - [Debug] [Auth] Valid credentials - Password Authentication
2024-11-02 01:59:18.982 - [Debug] [LXC] Attempting to connect to the honeypot: 10.0.3.137
2024-11-02 01:59:19.101 - [Debug] [LXC-Auth] Attacker authenticated and is inside container
2024-11-02 01:59:19.673 - [Debug] [SHELL] Opened shell for attacker
2024-11-02 01:59:19.683 - [Debug] [LXC Streams] New Stream | Total Streams: 1
2024-11-02 01:59:19.894 - [Debug] [SHELL] Attacker Keystroke: PS1='__SysAidSSh2__:$'[LF]
2024-11-02 01:59:19.900 - [Debug] [SHELL] line from reader: PS1='__SysAidSSh2__:$'
2024-11-02 01:59:19.903 - [Debug] [SHELL] Keystroke buffer: 80,83,49,61,39,95,95,83,121,115,65,105,100,83,83,104,50,95,95,58,36,39,10
2024-11-02 01:59:20.096 - [Debug] [SHELL] Attacker Keystroke: hostname[LF]
2024-11-02 01:59:20.097 - [Debug] [SHELL] line from reader: hostname
2024-11-02 01:59:20.098 - [Debug] [SHELL] Keystroke buffer: 104,111,115,116,110,97,109,101,10
2024-11-02 01:59:20.299 - [Debug] [SHELL] Attacker Keystroke: uname[Space]-a[LF]
2024-11-02 01:59:20.301 - [Debug] [SHELL] line from reader: uname -a
2024-11-02 01:59:20.301 - [Debug] [SHELL] Keystroke buffer: 117,110,97,109,101,32,45,97,10
2024-11-02 01:59:20.528 - [Debug] [SHELL] Attacker Keystroke: cat[Space]/etc/*-release[LF]
2024-11-02 01:59:20.547 - [Debug] [SHELL] line from reader: cat /etc/*-release
2024-11-02 01:59:20.548 - [Debug] [SHELL] Keystroke buffer: 99,97,116,32,47,101,116,99,47,42,45,114,101,108,101,97,115,101,10
2024-11-02 01:59:20.705 - [Debug] [SHELL] Attacker Keystroke: sudo[Space]echo[Space]ok[LF]
2024-11-02 01:59:20.706 - [Debug] [SHELL] line from reader: sudo echo ok
2024-11-02 01:59:20.706 - [Debug] [SHELL] Keystroke buffer: 115,117,100,111,32,101,99,104,111,32,111,107,10
2024-11-02 01:59:20.806 - [Debug] [SHELL] Attacker Keystroke: fbsn-WVNdHuaE4uS!GT7mEJa[LF]
2024-11-02 01:59:20.808 - [Debug] [SHELL] line from reader: fbsn-WVNdHuaE4uS!GT7mEJa
2024-11-02 01:59:20.808 - [Debug] [SHELL] Keystroke buffer: 102,98,115,110,45,87,86,78,100,72,117,97,69,52,117,83,33,71,84,55,109,69,74,97,10
2024-11-02 01:59:20.914 - [Debug] [SHELL] Attacker ended the shell
2024-11-02 01:59:20.929 - [Debug] [Connection] Attacker closed connection
2024-11-02 01:59:20.972 - [Debug] [LXC] Container's OpenSSH server ended connection
2024-11-02 01:59:20.972 - [Debug] [LXC] Container's OpenSSH server closed connection
2024-11-02 01:59:20.973 - [Debug] [LXC Streams] Removed Stream | Total streams: 0
2024-11-02 01:59:20.973 - [Debug] [SHELL] Honeypot ended shell
{"level":"error","message":"Forever detected script was killed by signal: SIGKILL"}
