(node:3447488) Warning: Accessing non-existent property 'padLevels' of module exports inside circular dependency
(Use `node --trace-warnings ...` to show where the warning was created)
Started with the following options:
{
  debug: true,
  mitmIp: '10.0.3.1',
  autoAccess: true,
  autoAccessCache: 5000,
  maxAttemptsPerConnection: 6,
  sshServerIdentifier: 'SSH-2.0-OpenSSH_6.6.1p1 Ubuntu-2ubuntu2',
  containerMountPathPrefix: '/var/lib/lxc',
  containerMountPathSuffix: 'rootfs/',
  loggingAttackerStreams: '/home/student/MITM/logs/session_streams',
  loggingAuthenticationAttempts: '/home/student/MITM/logs/authentication_attempts',
  loggingLogins: '/home/student/MITM/logs/logins',
  loggingLogouts: '/home/student/MITM/logs/logouts',
  loggingKeystrokes: '/home/student/MITM/logs/keystrokes',
  containerName: 'nobanner-session-45991',
  containerIp: '10.0.3.95',
  mitmPort: 45991,
  autoAccessFixed: 1
}
2024-11-18 04:02:15.878 - [Info] MITM Version: 2
2024-11-18 04:02:15.880 - [Info] Auto Access Enabled: true
2024-11-18 04:02:15.880 - [Debug] [Init] Auto Access Theshold Achieved: false
2024-11-18 04:02:15.891 - [Info] SSH man-in-the-middle server for 10.0.3.95 listening on 10.0.3.1:45991
2024-11-18 04:03:25.798 - [Debug] [Connection] Attacker connected: 103.130.219.202 | Client Identification: SSH-2.0-libssh_0.9.6
2024-11-18 04:03:27.399 - [Debug] [Auth] Attacker 103.130.219.202 trying to authenticate with 'password'
2024-11-18 04:03:27.400 - [Debug] [Auto Access] Attacker: 103.130.219.202, Threshold: 1, Attempts: 1
2024-11-18 04:03:27.401 - [Debug] [Auto Access] Compromising the honeypot
2024-11-18 04:03:27.401 - [Debug] [Auto Access] Adding the following credentials: 'admin:ABC123'
2024-11-18 04:03:27.738 - [Debug] [Auto Access] Auto-access is now disabled for the remainder of this MITM server instance
2024-11-18 04:03:27.740 - [Debug] [Auth] Valid credentials - Password Authentication
2024-11-18 04:03:27.740 - [Debug] [LXC] Attempting to connect to the honeypot: 10.0.3.95
2024-11-18 04:03:27.838 - [Debug] [LXC-Auth] Attacker authenticated and is inside container
2024-11-18 04:03:28.941 - [Debug] [EXEC] Noninteractive mode attacker command: cd ~; chattr -ia .ssh; lockr -ia .ssh
2024-11-18 04:04:29.913 - [Debug] [Connection] Client error on ssh server
2024-11-18 04:04:29.914 - [Debug] [Connection] Attacker closed connection
2024-11-18 04:04:29.925 - [Debug] [LXC] Container's OpenSSH server ended connection
2024-11-18 04:04:29.926 - [Debug] [LXC] Container's OpenSSH server closed connection
{"level":"error","message":"Forever detected script was killed by signal: SIGKILL"}
