(node:2793744) Warning: Accessing non-existent property 'padLevels' of module exports inside circular dependency
(Use `node --trace-warnings ...` to show where the warning was created)
Started with the following options:
{
  debug: true,
  mitmIp: '10.0.3.1',
  autoAccess: true,
  autoAccessCache: 5000,
  maxAttemptsPerConnection: 6,
  sshServerIdentifier: 'SSH-2.0-OpenSSH_6.6.1p1 Ubuntu-2ubuntu2',
  containerMountPathPrefix: '/var/lib/lxc',
  containerMountPathSuffix: 'rootfs/',
  loggingAttackerStreams: '/home/student/MITM/logs/session_streams',
  loggingAuthenticationAttempts: '/home/student/MITM/logs/authentication_attempts',
  loggingLogins: '/home/student/MITM/logs/logins',
  loggingLogouts: '/home/student/MITM/logs/logouts',
  loggingKeystrokes: '/home/student/MITM/logs/keystrokes',
  containerName: 'nobanner-session-44186',
  containerIp: '10.0.3.207',
  mitmPort: 44186,
  autoAccessFixed: 1
}
2024-11-13 05:00:00.364 - [Info] MITM Version: 2
2024-11-13 05:00:00.366 - [Info] Auto Access Enabled: true
2024-11-13 05:00:00.367 - [Debug] [Init] Auto Access Theshold Achieved: false
2024-11-13 05:00:00.381 - [Info] SSH man-in-the-middle server for 10.0.3.207 listening on 10.0.3.1:44186
2024-11-13 05:07:09.408 - [Debug] [Connection] Attacker connected: 185.242.226.20 | Client Identification: SSH-2.0-Go
2024-11-13 05:07:19.409 - [Debug] [Connection] Attacker closed the connection
{"level":"error","message":"Forever detected script was killed by signal: SIGKILL"}
