(node:403525) Warning: Accessing non-existent property 'padLevels' of module exports inside circular dependency
(Use `node --trace-warnings ...` to show where the warning was created)
Started with the following options:
{
  debug: true,
  mitmIp: '10.0.3.1',
  autoAccess: true,
  autoAccessCache: 5000,
  maxAttemptsPerConnection: 6,
  sshServerIdentifier: 'SSH-2.0-OpenSSH_6.6.1p1 Ubuntu-2ubuntu2',
  containerMountPathPrefix: '/var/lib/lxc',
  containerMountPathSuffix: 'rootfs/',
  loggingAttackerStreams: '/home/student/MITM/logs/session_streams',
  loggingAuthenticationAttempts: '/home/student/MITM/logs/authentication_attempts',
  loggingLogins: '/home/student/MITM/logs/logins',
  loggingLogouts: '/home/student/MITM/logs/logouts',
  loggingKeystrokes: '/home/student/MITM/logs/keystrokes',
  containerName: 'nobanner-session-44737',
  containerIp: '10.0.3.176',
  mitmPort: 44737,
  autoAccessFixed: 1
}
2024-11-13 19:19:52.612 - [Info] MITM Version: 2
2024-11-13 19:19:52.615 - [Info] Auto Access Enabled: true
2024-11-13 19:19:52.615 - [Debug] [Init] Auto Access Theshold Achieved: false
2024-11-13 19:19:52.627 - [Info] SSH man-in-the-middle server for 10.0.3.176 listening on 10.0.3.1:44737
2024-11-13 19:22:43.995 - [Debug] [Connection] Attacker connected: 45.84.89.2 | Client Identification: SSH-2.0-Go
2024-11-13 19:22:44.425 - [Debug] [Connection] Attacker closed the connection
{"level":"error","message":"Forever detected script was killed by signal: SIGKILL"}
