(node:1962590) Warning: Accessing non-existent property 'padLevels' of module exports inside circular dependency
(Use `node --trace-warnings ...` to show where the warning was created)
Started with the following options:
{
  debug: true,
  mitmIp: '10.0.3.1',
  autoAccess: true,
  autoAccessCache: 5000,
  maxAttemptsPerConnection: 6,
  sshServerIdentifier: 'SSH-2.0-OpenSSH_6.6.1p1 Ubuntu-2ubuntu2',
  containerMountPathPrefix: '/var/lib/lxc',
  containerMountPathSuffix: 'rootfs/',
  loggingAttackerStreams: '/home/student/MITM/logs/session_streams',
  loggingAuthenticationAttempts: '/home/student/MITM/logs/authentication_attempts',
  loggingLogins: '/home/student/MITM/logs/logins',
  loggingLogouts: '/home/student/MITM/logs/logouts',
  loggingKeystrokes: '/home/student/MITM/logs/keystrokes',
  containerName: 'nobanner-session-43939',
  containerIp: '10.0.3.123',
  mitmPort: 43939,
  autoAccessFixed: 1
}
2024-11-12 20:46:12.626 - [Info] MITM Version: 2
2024-11-12 20:46:12.628 - [Info] Auto Access Enabled: true
2024-11-12 20:46:12.629 - [Debug] [Init] Auto Access Theshold Achieved: false
2024-11-12 20:46:12.650 - [Info] SSH man-in-the-middle server for 10.0.3.123 listening on 10.0.3.1:43939
2024-11-12 20:49:06.489 - [Debug] [Connection] Attacker connected: 171.8.42.112 | Client Identification: SSH-2.0-OpenSSH_7.4
2024-11-12 20:49:13.746 - [Debug] [Connection] Attacker closed the connection
{"level":"error","message":"Forever detected script was killed by signal: SIGKILL"}
