(node:3669129) Warning: Accessing non-existent property 'padLevels' of module exports inside circular dependency
(Use `node --trace-warnings ...` to show where the warning was created)
Started with the following options:
{
  debug: true,
  mitmIp: '10.0.3.1',
  autoAccess: true,
  autoAccessCache: 5000,
  maxAttemptsPerConnection: 6,
  sshServerIdentifier: 'SSH-2.0-OpenSSH_6.6.1p1 Ubuntu-2ubuntu2',
  containerMountPathPrefix: '/var/lib/lxc',
  containerMountPathSuffix: 'rootfs/',
  loggingAttackerStreams: '/home/student/MITM/logs/session_streams',
  loggingAuthenticationAttempts: '/home/student/MITM/logs/authentication_attempts',
  loggingLogins: '/home/student/MITM/logs/logins',
  loggingLogouts: '/home/student/MITM/logs/logouts',
  loggingKeystrokes: '/home/student/MITM/logs/keystrokes',
  containerName: 'nobanner-session-44456',
  containerIp: '10.0.3.89',
  mitmPort: 44456,
  autoAccessFixed: 1
}
2024-11-13 11:50:24.380 - [Info] MITM Version: 2
2024-11-13 11:50:24.382 - [Info] Auto Access Enabled: true
2024-11-13 11:50:24.383 - [Debug] [Init] Auto Access Theshold Achieved: false
2024-11-13 11:50:24.402 - [Info] SSH man-in-the-middle server for 10.0.3.89 listening on 10.0.3.1:44456
2024-11-13 11:54:22.033 - [Debug] [Connection] Attacker connected: 218.92.0.203 | Client Identification: SSH-2.0-PuTTY
2024-11-13 11:54:31.907 - [Debug] [Connection] Attacker closed the connection
{"level":"error","message":"Forever detected script was killed by signal: SIGKILL"}
