(node:1933992) Warning: Accessing non-existent property 'padLevels' of module exports inside circular dependency
(Use `node --trace-warnings ...` to show where the warning was created)
Started with the following options:
{
  debug: true,
  mitmIp: '10.0.3.1',
  autoAccess: true,
  autoAccessCache: 5000,
  maxAttemptsPerConnection: 6,
  sshServerIdentifier: 'SSH-2.0-OpenSSH_6.6.1p1 Ubuntu-2ubuntu2',
  containerMountPathPrefix: '/var/lib/lxc',
  containerMountPathSuffix: 'rootfs/',
  loggingAttackerStreams: '/home/student/MITM/logs/session_streams',
  loggingAuthenticationAttempts: '/home/student/MITM/logs/authentication_attempts',
  loggingLogins: '/home/student/MITM/logs/logins',
  loggingLogouts: '/home/student/MITM/logs/logouts',
  loggingKeystrokes: '/home/student/MITM/logs/keystrokes',
  containerName: 'nobanner-session-45837',
  containerIp: '10.0.3.84',
  mitmPort: 45837,
  autoAccessFixed: 1
}
2024-11-17 00:44:05.058 - [Info] MITM Version: 2
2024-11-17 00:44:05.061 - [Info] Auto Access Enabled: true
2024-11-17 00:44:05.061 - [Debug] [Init] Auto Access Theshold Achieved: false
2024-11-17 00:44:05.073 - [Info] SSH man-in-the-middle server for 10.0.3.84 listening on 10.0.3.1:45837
2024-11-17 00:51:40.685 - [Debug] [Connection] Attacker connected: 129.2.19.33 | Client Identification: SSH-2.0-libssh2_1.8.0
2024-11-17 00:51:43.300 - [Debug] [Auth] Attacker 129.2.19.33 trying to authenticate with 'keyboard-interactive'
2024-11-17 00:51:43.301 - [Debug] [Auth] Attacker authentication error: Keyboard-interactive is not supported
2024-11-17 00:51:43.302 - [Debug] [Auth] Attacker: 129.2.19.33 has so far made 1 attempts. Remaining: 5 attempts
2024-11-17 00:51:43.902 - [Debug] [Auth] Attacker 129.2.19.33 trying to authenticate with 'password'
2024-11-17 00:51:43.903 - [Debug] [Auto Access] Attacker: 129.2.19.33, Threshold: 1, Attempts: 1
2024-11-17 00:51:43.904 - [Debug] [Auto Access] Compromising the honeypot
2024-11-17 00:51:43.904 - [Debug] [Auto Access] Adding the following credentials: 'LIBRSYSISVC:fbsn-WVNdHuaE4uS!GT7mEJa'
2024-11-17 00:51:44.201 - [Debug] [Auto Access] Auto-access is now disabled for the remainder of this MITM server instance
2024-11-17 00:51:44.203 - [Debug] [Auth] Valid credentials - Password Authentication
2024-11-17 00:51:44.204 - [Debug] [LXC] Attempting to connect to the honeypot: 10.0.3.84
2024-11-17 00:51:44.288 - [Debug] [LXC-Auth] Attacker authenticated and is inside container
2024-11-17 00:51:44.841 - [Debug] [SHELL] Opened shell for attacker
2024-11-17 00:51:44.845 - [Debug] [LXC Streams] New Stream | Total Streams: 1
2024-11-17 00:51:45.058 - [Debug] [SHELL] Attacker Keystroke: PS1='__SysAidSSh2__:$'[LF]
2024-11-17 00:51:45.067 - [Debug] [SHELL] line from reader: PS1='__SysAidSSh2__:$'
2024-11-17 00:51:45.067 - [Debug] [SHELL] Keystroke buffer: 80,83,49,61,39,95,95,83,121,115,65,105,100,83,83,104,50,95,95,58,36,39,10
2024-11-17 00:51:45.260 - [Debug] [SHELL] Attacker Keystroke: hostname[LF]
2024-11-17 00:51:45.262 - [Debug] [SHELL] line from reader: hostname
2024-11-17 00:51:45.262 - [Debug] [SHELL] Keystroke buffer: 104,111,115,116,110,97,109,101,10
2024-11-17 00:51:45.462 - [Debug] [SHELL] Attacker Keystroke: uname[Space]-a[LF]
2024-11-17 00:51:45.464 - [Debug] [SHELL] line from reader: uname -a
2024-11-17 00:51:45.465 - [Debug] [SHELL] Keystroke buffer: 117,110,97,109,101,32,45,97,10
2024-11-17 00:51:45.664 - [Debug] [SHELL] Attacker Keystroke: cat[Space]/etc/*-release[LF]
2024-11-17 00:51:45.666 - [Debug] [SHELL] line from reader: cat /etc/*-release
2024-11-17 00:51:45.666 - [Debug] [SHELL] Keystroke buffer: 99,97,116,32,47,101,116,99,47,42,45,114,101,108,101,97,115,101,10
2024-11-17 00:51:45.869 - [Debug] [SHELL] Attacker Keystroke: sudo[Space]echo[Space]ok[LF]
2024-11-17 00:51:45.870 - [Debug] [SHELL] line from reader: sudo echo ok
2024-11-17 00:51:45.870 - [Debug] [SHELL] Keystroke buffer: 115,117,100,111,32,101,99,104,111,32,111,107,10
2024-11-17 00:51:45.969 - [Debug] [SHELL] Attacker Keystroke: fbsn-WVNdHuaE4uS!GT7mEJa[LF]
2024-11-17 00:51:45.972 - [Debug] [SHELL] line from reader: fbsn-WVNdHuaE4uS!GT7mEJa
2024-11-17 00:51:45.972 - [Debug] [SHELL] Keystroke buffer: 102,98,115,110,45,87,86,78,100,72,117,97,69,52,117,83,33,71,84,55,109,69,74,97,10
2024-11-17 00:51:46.071 - [Debug] [SHELL] Attacker ended the shell
2024-11-17 00:51:46.129 - [Debug] [Connection] Attacker closed connection
2024-11-17 00:51:46.136 - [Debug] [LXC] Container's OpenSSH server ended connection
2024-11-17 00:51:46.137 - [Debug] [LXC] Container's OpenSSH server closed connection
2024-11-17 00:51:46.144 - [Debug] [LXC Streams] Removed Stream | Total streams: 0
2024-11-17 00:51:46.145 - [Debug] [SHELL] Honeypot ended shell
{"level":"error","message":"Forever detected script was killed by signal: SIGKILL"}
