(node:1089158) Warning: Accessing non-existent property 'padLevels' of module exports inside circular dependency
(Use `node --trace-warnings ...` to show where the warning was created)
Started with the following options:
{
  debug: true,
  mitmIp: '10.0.3.1',
  autoAccess: true,
  autoAccessCache: 5000,
  maxAttemptsPerConnection: 6,
  sshServerIdentifier: 'SSH-2.0-OpenSSH_6.6.1p1 Ubuntu-2ubuntu2',
  containerMountPathPrefix: '/var/lib/lxc',
  containerMountPathSuffix: 'rootfs/',
  loggingAttackerStreams: '/home/student/MITM/logs/session_streams',
  loggingAuthenticationAttempts: '/home/student/MITM/logs/authentication_attempts',
  loggingLogins: '/home/student/MITM/logs/logins',
  loggingLogouts: '/home/student/MITM/logs/logouts',
  loggingKeystrokes: '/home/student/MITM/logs/keystrokes',
  containerName: 'nobanner-session-43567',
  containerIp: '10.0.3.222',
  mitmPort: 43567,
  autoAccessFixed: 1
}
2024-11-12 08:10:57.575 - [Info] MITM Version: 2
2024-11-12 08:10:57.578 - [Info] Auto Access Enabled: true
2024-11-12 08:10:57.578 - [Debug] [Init] Auto Access Theshold Achieved: false
2024-11-12 08:10:57.590 - [Info] SSH man-in-the-middle server for 10.0.3.222 listening on 10.0.3.1:43567
2024-11-12 08:11:42.023 - [Debug] [Connection] Attacker connected: 167.94.138.56 | Client Identification: SSH-2.0-Go
2024-11-12 08:11:57.038 - [Debug] [Connection] Attacker closed the connection
{"level":"error","message":"Forever detected script was killed by signal: SIGKILL"}
