(node:821962) Warning: Accessing non-existent property 'padLevels' of module exports inside circular dependency
(Use `node --trace-warnings ...` to show where the warning was created)
Started with the following options:
{
  debug: true,
  mitmIp: '10.0.3.1',
  autoAccess: true,
  autoAccessCache: 5000,
  maxAttemptsPerConnection: 6,
  sshServerIdentifier: 'SSH-2.0-OpenSSH_6.6.1p1 Ubuntu-2ubuntu2',
  containerMountPathPrefix: '/var/lib/lxc',
  containerMountPathSuffix: 'rootfs/',
  loggingAttackerStreams: '/home/student/MITM/logs/session_streams',
  loggingAuthenticationAttempts: '/home/student/MITM/logs/authentication_attempts',
  loggingLogins: '/home/student/MITM/logs/logins',
  loggingLogouts: '/home/student/MITM/logs/logouts',
  loggingKeystrokes: '/home/student/MITM/logs/keystrokes',
  containerName: 'nobanner-session-41222',
  containerIp: '10.0.3.180',
  mitmPort: 41222,
  autoAccessFixed: 1
}
2024-11-07 02:53:08.424 - [Info] MITM Version: 2
2024-11-07 02:53:08.427 - [Info] Auto Access Enabled: true
2024-11-07 02:53:08.427 - [Debug] [Init] Auto Access Theshold Achieved: false
2024-11-07 02:53:08.449 - [Info] SSH man-in-the-middle server for 10.0.3.180 listening on 10.0.3.1:41222
2024-11-07 02:58:20.242 - [Debug] [Connection] Attacker connected: 50.125.249.189 | Client Identification: SSH-2.0-OpenSSH_7.4
2024-11-07 02:58:21.515 - [Debug] [Auth] Attacker 50.125.249.189 trying to authenticate with 'none'
2024-11-07 02:58:21.516 - [Debug] [Auth] Attacker authentication error: No authentication method provided
2024-11-07 02:58:22.027 - [Debug] [Connection] Attacker closed the connection
{"level":"error","message":"Forever detected script was killed by signal: SIGKILL"}
