(node:1731902) Warning: Accessing non-existent property 'padLevels' of module exports inside circular dependency
(Use `node --trace-warnings ...` to show where the warning was created)
Started with the following options:
{
  debug: true,
  mitmIp: '10.0.3.1',
  autoAccess: true,
  autoAccessCache: 5000,
  maxAttemptsPerConnection: 6,
  sshServerIdentifier: 'SSH-2.0-OpenSSH_6.6.1p1 Ubuntu-2ubuntu2',
  containerMountPathPrefix: '/var/lib/lxc',
  containerMountPathSuffix: 'rootfs/',
  loggingAttackerStreams: '/home/student/MITM/logs/session_streams',
  loggingAuthenticationAttempts: '/home/student/MITM/logs/authentication_attempts',
  loggingLogins: '/home/student/MITM/logs/logins',
  loggingLogouts: '/home/student/MITM/logs/logouts',
  loggingKeystrokes: '/home/student/MITM/logs/keystrokes',
  containerName: 'nobanner-session-45145',
  containerIp: '10.0.3.12',
  mitmPort: 45145,
  autoAccessFixed: 1
}
2024-11-14 05:55:48.263 - [Info] MITM Version: 2
2024-11-14 05:55:48.272 - [Info] Auto Access Enabled: true
2024-11-14 05:55:48.273 - [Debug] [Init] Auto Access Theshold Achieved: false
2024-11-14 05:55:48.295 - [Info] SSH man-in-the-middle server for 10.0.3.12 listening on 10.0.3.1:45145
2024-11-14 05:55:54.883 - [Debug] [Connection] Attacker connected: 58.222.244.226 | Client Identification: SSH-2.0-libssh_0.9.6
{"level":"error","message":"Forever detected script was killed by signal: SIGKILL"}
