(node:339963) Warning: Accessing non-existent property 'padLevels' of module exports inside circular dependency
(Use `node --trace-warnings ...` to show where the warning was created)
Started with the following options:
{
  debug: true,
  mitmIp: '10.0.3.1',
  autoAccess: true,
  autoAccessCache: 5000,
  maxAttemptsPerConnection: 6,
  sshServerIdentifier: 'SSH-2.0-OpenSSH_6.6.1p1 Ubuntu-2ubuntu2',
  containerMountPathPrefix: '/var/lib/lxc',
  containerMountPathSuffix: 'rootfs/',
  loggingAttackerStreams: '/home/student/MITM/logs/session_streams',
  loggingAuthenticationAttempts: '/home/student/MITM/logs/authentication_attempts',
  loggingLogins: '/home/student/MITM/logs/logins',
  loggingLogouts: '/home/student/MITM/logs/logouts',
  loggingKeystrokes: '/home/student/MITM/logs/keystrokes',
  containerName: 'nobanner-session-42467',
  containerIp: '10.0.3.174',
  mitmPort: 42467,
  autoAccessFixed: 1
}
2024-11-08 16:52:16.239 - [Info] MITM Version: 2
2024-11-08 16:52:16.241 - [Info] Auto Access Enabled: true
2024-11-08 16:52:16.242 - [Debug] [Init] Auto Access Theshold Achieved: false
2024-11-08 16:52:16.256 - [Info] SSH man-in-the-middle server for 10.0.3.174 listening on 10.0.3.1:42467
2024-11-08 16:54:36.038 - [Debug] [Connection] Attacker connected: 118.35.34.59 | Client Identification: SSH-2.0-SSH-2.0-OpenSSH_6.6.1p1 Ubuntu-2ubuntu2
2024-11-08 16:54:36.492 - [Debug] [Connection] Attacker closed the connection
{"level":"error","message":"Forever detected script was killed by signal: SIGKILL"}
