(node:1652832) Warning: Accessing non-existent property 'padLevels' of module exports inside circular dependency
(Use `node --trace-warnings ...` to show where the warning was created)
Started with the following options:
{
  debug: true,
  mitmIp: '10.0.3.1',
  autoAccess: true,
  autoAccessCache: 5000,
  maxAttemptsPerConnection: 6,
  sshServerIdentifier: 'SSH-2.0-OpenSSH_6.6.1p1 Ubuntu-2ubuntu2',
  containerMountPathPrefix: '/var/lib/lxc',
  containerMountPathSuffix: 'rootfs/',
  loggingAttackerStreams: '/home/student/MITM/logs/session_streams',
  loggingAuthenticationAttempts: '/home/student/MITM/logs/authentication_attempts',
  loggingLogins: '/home/student/MITM/logs/logins',
  loggingLogouts: '/home/student/MITM/logs/logouts',
  loggingKeystrokes: '/home/student/MITM/logs/keystrokes',
  containerName: 'nobanner-session-43825',
  containerIp: '10.0.3.138',
  mitmPort: 43825,
  autoAccessFixed: 1
}
2024-11-12 15:33:56.624 - [Info] MITM Version: 2
2024-11-12 15:33:56.630 - [Info] Auto Access Enabled: true
2024-11-12 15:33:56.631 - [Debug] [Init] Auto Access Theshold Achieved: false
2024-11-12 15:33:56.643 - [Info] SSH man-in-the-middle server for 10.0.3.138 listening on 10.0.3.1:43825
2024-11-13 00:16:58.711 - [Debug] [Connection] Attacker connected: 129.2.19.33 | Client Identification: SSH-2.0-libssh2_1.8.0
2024-11-13 00:17:01.368 - [Debug] [Auth] Attacker 129.2.19.33 trying to authenticate with 'keyboard-interactive'
2024-11-13 00:17:01.369 - [Debug] [Auth] Attacker authentication error: Keyboard-interactive is not supported
2024-11-13 00:17:01.370 - [Debug] [Auth] Attacker: 129.2.19.33 has so far made 1 attempts. Remaining: 5 attempts
2024-11-13 00:17:01.971 - [Debug] [Auth] Attacker 129.2.19.33 trying to authenticate with 'password'
2024-11-13 00:17:01.973 - [Debug] [Auto Access] Attacker: 129.2.19.33, Threshold: 1, Attempts: 1
2024-11-13 00:17:01.973 - [Debug] [Auto Access] Compromising the honeypot
2024-11-13 00:17:01.973 - [Debug] [Auto Access] Adding the following credentials: 'LIBRSYSISVC:fbsn-WVNdHuaE4uS!GT7mEJa'
2024-11-13 00:17:03.019 - [Debug] [Auto Access] Auto-access is now disabled for the remainder of this MITM server instance
2024-11-13 00:17:03.021 - [Debug] [Auth] Valid credentials - Password Authentication
2024-11-13 00:17:03.022 - [Debug] [LXC] Attempting to connect to the honeypot: 10.0.3.138
2024-11-13 00:17:03.124 - [Debug] [LXC-Auth] Attacker authenticated and is inside container
2024-11-13 00:17:03.526 - [Debug] [SHELL] Opened shell for attacker
2024-11-13 00:17:03.529 - [Debug] [LXC Streams] New Stream | Total Streams: 1
2024-11-13 00:17:03.749 - [Debug] [SHELL] Attacker Keystroke: PS1='__SysAidSSh2__:$'[LF]
2024-11-13 00:17:03.754 - [Debug] [SHELL] line from reader: PS1='__SysAidSSh2__:$'
2024-11-13 00:17:03.755 - [Debug] [SHELL] Keystroke buffer: 80,83,49,61,39,95,95,83,121,115,65,105,100,83,83,104,50,95,95,58,36,39,10
2024-11-13 00:17:03.947 - [Debug] [SHELL] Attacker Keystroke: hostname[LF]
2024-11-13 00:17:03.949 - [Debug] [SHELL] line from reader: hostname
2024-11-13 00:17:03.949 - [Debug] [SHELL] Keystroke buffer: 104,111,115,116,110,97,109,101,10
2024-11-13 00:17:04.150 - [Debug] [SHELL] Attacker Keystroke: uname[Space]-a[LF]
2024-11-13 00:17:04.151 - [Debug] [SHELL] line from reader: uname -a
2024-11-13 00:17:04.151 - [Debug] [SHELL] Keystroke buffer: 117,110,97,109,101,32,45,97,10
2024-11-13 00:17:04.352 - [Debug] [SHELL] Attacker Keystroke: cat[Space]/etc/*-release[LF]
2024-11-13 00:17:04.354 - [Debug] [SHELL] line from reader: cat /etc/*-release
2024-11-13 00:17:04.354 - [Debug] [SHELL] Keystroke buffer: 99,97,116,32,47,101,116,99,47,42,45,114,101,108,101,97,115,101,10
2024-11-13 00:17:04.554 - [Debug] [SHELL] Attacker Keystroke: sudo[Space]echo[Space]ok[LF]
2024-11-13 00:17:04.555 - [Debug] [SHELL] line from reader: sudo echo ok
2024-11-13 00:17:04.555 - [Debug] [SHELL] Keystroke buffer: 115,117,100,111,32,101,99,104,111,32,111,107,10
2024-11-13 00:17:04.655 - [Debug] [SHELL] Attacker Keystroke: fbsn-WVNdHuaE4uS!GT7mEJa[LF]
2024-11-13 00:17:04.657 - [Debug] [SHELL] line from reader: fbsn-WVNdHuaE4uS!GT7mEJa
2024-11-13 00:17:04.658 - [Debug] [SHELL] Keystroke buffer: 102,98,115,110,45,87,86,78,100,72,117,97,69,52,117,83,33,71,84,55,109,69,74,97,10
2024-11-13 00:17:04.757 - [Debug] [SHELL] Attacker ended the shell
2024-11-13 00:17:04.814 - [Debug] [Connection] Attacker closed connection
2024-11-13 00:17:04.828 - [Debug] [LXC] Container's OpenSSH server ended connection
2024-11-13 00:17:04.829 - [Debug] [LXC] Container's OpenSSH server closed connection
2024-11-13 00:17:04.830 - [Debug] [LXC Streams] Removed Stream | Total streams: 0
2024-11-13 00:17:04.830 - [Debug] [SHELL] Honeypot ended shell
{"level":"error","message":"Forever detected script was killed by signal: SIGKILL"}
