(node:2431939) Warning: Accessing non-existent property 'padLevels' of module exports inside circular dependency
(Use `node --trace-warnings ...` to show where the warning was created)
Started with the following options:
{
  debug: true,
  mitmIp: '10.0.3.1',
  autoAccess: true,
  autoAccessCache: 5000,
  maxAttemptsPerConnection: 6,
  sshServerIdentifier: 'SSH-2.0-OpenSSH_6.6.1p1 Ubuntu-2ubuntu2',
  containerMountPathPrefix: '/var/lib/lxc',
  containerMountPathSuffix: 'rootfs/',
  loggingAttackerStreams: '/home/student/MITM/logs/session_streams',
  loggingAuthenticationAttempts: '/home/student/MITM/logs/authentication_attempts',
  loggingLogins: '/home/student/MITM/logs/logins',
  loggingLogouts: '/home/student/MITM/logs/logouts',
  loggingKeystrokes: '/home/student/MITM/logs/keystrokes',
  containerName: 'nobanner-session-45899',
  containerIp: '10.0.3.189',
  mitmPort: 45899,
  autoAccessFixed: 1
}
2024-11-17 09:09:57.962 - [Info] MITM Version: 2
2024-11-17 09:09:57.964 - [Info] Auto Access Enabled: true
2024-11-17 09:09:57.964 - [Debug] [Init] Auto Access Theshold Achieved: false
2024-11-17 09:09:57.975 - [Info] SSH man-in-the-middle server for 10.0.3.189 listening on 10.0.3.1:45899
2024-11-17 10:24:33.729 - [Debug] [Connection] Attacker connected: 150.223.20.12 | Client Identification: SSH-2.0-libssh_0.9.6
2024-11-17 10:25:30.039 - [Debug] [Connection] Attacker closed the connection
{"level":"error","message":"Forever detected script was killed by signal: SIGKILL"}
