(node:2469366) Warning: Accessing non-existent property 'padLevels' of module exports inside circular dependency
(Use `node --trace-warnings ...` to show where the warning was created)
Started with the following options:
{
  debug: true,
  mitmIp: '10.0.3.1',
  autoAccess: true,
  autoAccessCache: 5000,
  maxAttemptsPerConnection: 6,
  sshServerIdentifier: 'SSH-2.0-OpenSSH_6.6.1p1 Ubuntu-2ubuntu2',
  containerMountPathPrefix: '/var/lib/lxc',
  containerMountPathSuffix: 'rootfs/',
  loggingAttackerStreams: '/home/student/MITM/logs/session_streams',
  loggingAuthenticationAttempts: '/home/student/MITM/logs/authentication_attempts',
  loggingLogins: '/home/student/MITM/logs/logins',
  loggingLogouts: '/home/student/MITM/logs/logouts',
  loggingKeystrokes: '/home/student/MITM/logs/keystrokes',
  containerName: 'nobanner-session-44083',
  containerIp: '10.0.3.176',
  mitmPort: 44083,
  autoAccessFixed: 1
}
2024-11-13 02:32:41.684 - [Info] MITM Version: 2
2024-11-13 02:32:41.686 - [Info] Auto Access Enabled: true
2024-11-13 02:32:41.687 - [Debug] [Init] Auto Access Theshold Achieved: false
2024-11-13 02:32:41.699 - [Info] SSH man-in-the-middle server for 10.0.3.176 listening on 10.0.3.1:44083
2024-11-13 02:33:35.345 - [Debug] [Connection] Attacker connected: 66.240.192.85 | Client Identification: SSH-2.0-Go
2024-11-13 02:33:35.435 - [Debug] [Connection] Attacker closed the connection
{"level":"error","message":"Forever detected script was killed by signal: SIGKILL"}
