(node:16158) Warning: Accessing non-existent property 'padLevels' of module exports inside circular dependency
(Use `node --trace-warnings ...` to show where the warning was created)
Started with the following options:
{
  debug: true,
  mitmIp: '10.0.3.1',
  autoAccess: true,
  autoAccessCache: 5000,
  maxAttemptsPerConnection: 6,
  sshServerIdentifier: 'SSH-2.0-OpenSSH_6.6.1p1 Ubuntu-2ubuntu2',
  containerMountPathPrefix: '/var/lib/lxc',
  containerMountPathSuffix: 'rootfs/',
  loggingAttackerStreams: '/home/student/MITM/logs/session_streams',
  loggingAuthenticationAttempts: '/home/student/MITM/logs/authentication_attempts',
  loggingLogins: '/home/student/MITM/logs/logins',
  loggingLogouts: '/home/student/MITM/logs/logouts',
  loggingKeystrokes: '/home/student/MITM/logs/keystrokes',
  containerName: 'nobanner-session-40119',
  containerIp: '10.0.3.137',
  mitmPort: 40119,
  autoAccessFixed: 1
}
2024-10-29 17:00:52.676 - [Info] MITM Version: 2
2024-10-29 17:00:52.678 - [Info] Auto Access Enabled: true
2024-10-29 17:00:52.679 - [Debug] [Init] Auto Access Theshold Achieved: false
2024-10-29 17:00:52.711 - [Info] SSH man-in-the-middle server for 10.0.3.137 listening on 10.0.3.1:40119
2024-10-29 21:32:54.755 - [Debug] [Connection] Attacker connected: 10.173.188.171 | Client Identification: SSH-2.0-OpenSSH_9.6
2024-10-29 21:32:56.771 - [Debug] [Connection] Attacker closed the connection
{"level":"error","message":"Forever detected script was killed by signal: SIGKILL"}
