(node:667573) Warning: Accessing non-existent property 'padLevels' of module exports inside circular dependency
(Use `node --trace-warnings ...` to show where the warning was created)
Started with the following options:
{
  debug: true,
  mitmIp: '10.0.3.1',
  autoAccess: true,
  autoAccessCache: 5000,
  maxAttemptsPerConnection: 6,
  sshServerIdentifier: 'SSH-2.0-OpenSSH_6.6.1p1 Ubuntu-2ubuntu2',
  containerMountPathPrefix: '/var/lib/lxc',
  containerMountPathSuffix: 'rootfs/',
  loggingAttackerStreams: '/home/student/MITM/logs/session_streams',
  loggingAuthenticationAttempts: '/home/student/MITM/logs/authentication_attempts',
  loggingLogins: '/home/student/MITM/logs/logins',
  loggingLogouts: '/home/student/MITM/logs/logouts',
  loggingKeystrokes: '/home/student/MITM/logs/keystrokes',
  containerName: 'nobanner-session-46141',
  containerIp: '10.0.3.110',
  mitmPort: 46141,
  autoAccessFixed: 1
}
2024-11-19 05:01:01.350 - [Info] MITM Version: 2
2024-11-19 05:01:01.352 - [Info] Auto Access Enabled: true
2024-11-19 05:01:01.353 - [Debug] [Init] Auto Access Theshold Achieved: false
2024-11-19 05:01:01.363 - [Info] SSH man-in-the-middle server for 10.0.3.110 listening on 10.0.3.1:46141
2024-11-19 05:06:29.072 - [Debug] [Connection] Attacker connected: 198.235.24.153 | Client Identification: SSH-2.0-ZGrab ZGrab SSH Survey
2024-11-19 05:06:31.196 - [Debug] [Connection] Attacker closed the connection
{"level":"error","message":"Forever detected script was killed by signal: SIGKILL"}
