(node:3452208) Warning: Accessing non-existent property 'padLevels' of module exports inside circular dependency
(Use `node --trace-warnings ...` to show where the warning was created)
Started with the following options:
{
  debug: true,
  mitmIp: '10.0.3.1',
  autoAccess: true,
  autoAccessCache: 5000,
  maxAttemptsPerConnection: 6,
  sshServerIdentifier: 'SSH-2.0-OpenSSH_6.6.1p1 Ubuntu-2ubuntu2',
  containerMountPathPrefix: '/var/lib/lxc',
  containerMountPathSuffix: 'rootfs/',
  loggingAttackerStreams: '/home/student/MITM/logs/session_streams',
  loggingAuthenticationAttempts: '/home/student/MITM/logs/authentication_attempts',
  loggingLogins: '/home/student/MITM/logs/logins',
  loggingLogouts: '/home/student/MITM/logs/logouts',
  loggingKeystrokes: '/home/student/MITM/logs/keystrokes',
  containerName: 'nobanner-session-45992',
  containerIp: '10.0.3.61',
  mitmPort: 45992,
  autoAccessFixed: 1
}
2024-11-18 04:05:28.991 - [Info] MITM Version: 2
2024-11-18 04:05:28.994 - [Info] Auto Access Enabled: true
2024-11-18 04:05:28.994 - [Debug] [Init] Auto Access Theshold Achieved: false
2024-11-18 04:05:29.029 - [Info] SSH man-in-the-middle server for 10.0.3.61 listening on 10.0.3.1:45992
2024-11-18 05:28:12.672 - [Debug] [Connection] Attacker connected: 42.93.164.29 | Client Identification: SSH-2.0-libssh_0.9.6
{"level":"error","message":"Forever detected script was killed by signal: SIGKILL"}
