(node:1147376) Warning: Accessing non-existent property 'padLevels' of module exports inside circular dependency
(Use `node --trace-warnings ...` to show where the warning was created)
Started with the following options:
{
  debug: true,
  mitmIp: '10.0.3.1',
  autoAccess: true,
  autoAccessCache: 5000,
  maxAttemptsPerConnection: 6,
  sshServerIdentifier: 'SSH-2.0-OpenSSH_6.6.1p1 Ubuntu-2ubuntu2',
  containerMountPathPrefix: '/var/lib/lxc',
  containerMountPathSuffix: 'rootfs/',
  loggingAttackerStreams: '/home/student/MITM/logs/session_streams',
  loggingAuthenticationAttempts: '/home/student/MITM/logs/authentication_attempts',
  loggingLogins: '/home/student/MITM/logs/logins',
  loggingLogouts: '/home/student/MITM/logs/logouts',
  loggingKeystrokes: '/home/student/MITM/logs/keystrokes',
  containerName: 'nobanner-session-45760',
  containerIp: '10.0.3.201',
  mitmPort: 45760,
  autoAccessFixed: 1
}
2024-11-16 10:19:55.337 - [Info] MITM Version: 2
2024-11-16 10:19:55.339 - [Info] Auto Access Enabled: true
2024-11-16 10:19:55.340 - [Debug] [Init] Auto Access Theshold Achieved: false
2024-11-16 10:19:55.359 - [Info] SSH man-in-the-middle server for 10.0.3.201 listening on 10.0.3.1:45760
2024-11-16 10:23:50.977 - [Debug] [Connection] Attacker connected: 218.78.23.234 | Client Identification: SSH-2.0-libssh_0.9.6
{"level":"error","message":"Forever detected script was killed by signal: SIGKILL"}
