(node:5704) Warning: Accessing non-existent property 'padLevels' of module exports inside circular dependency
(Use `node --trace-warnings ...` to show where the warning was created)
Started with the following options:
{
  debug: true,
  mitmIp: '10.0.3.1',
  autoAccess: true,
  autoAccessCache: 5000,
  maxAttemptsPerConnection: 6,
  sshServerIdentifier: 'SSH-2.0-OpenSSH_6.6.1p1 Ubuntu-2ubuntu2',
  containerMountPathPrefix: '/var/lib/lxc',
  containerMountPathSuffix: 'rootfs/',
  loggingAttackerStreams: '/home/student/MITM/logs/session_streams',
  loggingAuthenticationAttempts: '/home/student/MITM/logs/authentication_attempts',
  loggingLogins: '/home/student/MITM/logs/logins',
  loggingLogouts: '/home/student/MITM/logs/logouts',
  loggingKeystrokes: '/home/student/MITM/logs/keystrokes',
  containerName: 'nobanner-session-40114',
  containerIp: '10.0.3.184',
  mitmPort: 40114,
  autoAccessFixed: 1
}
2024-10-29 16:51:20.986 - [Info] MITM Version: 2
2024-10-29 16:51:20.988 - [Info] Auto Access Enabled: true
2024-10-29 16:51:20.988 - [Debug] [Init] Auto Access Theshold Achieved: false
2024-10-29 16:51:21.002 - [Info] SSH man-in-the-middle server for 10.0.3.184 listening on 10.0.3.1:40114
2024-10-31 16:13:26.276 - [Debug] [Connection] Attacker connected: 10.174.123.84 | Client Identification: SSH-2.0-OpenSSH_9.6
2024-10-31 16:13:27.546 - [Debug] [Auth] Attacker 10.174.123.84 trying to authenticate with 'none'
2024-10-31 16:13:27.546 - [Debug] [Auth] Attacker authentication error: No authentication method provided
2024-10-31 16:13:28.908 - [Debug] [Auth] Attacker 10.174.123.84 trying to authenticate with 'password'
2024-10-31 16:13:28.909 - [Debug] [Auto Access] Attacker: 10.174.123.84, Threshold: 1, Attempts: 1
2024-10-31 16:13:28.910 - [Debug] [Auto Access] Compromising the honeypot
2024-10-31 16:13:28.910 - [Debug] [Auto Access] Adding the following credentials: 'gitikasaravanan:1234'
2024-10-31 16:13:29.215 - [Debug] [Auto Access] Auto-access is now disabled for the remainder of this MITM server instance
2024-10-31 16:13:29.217 - [Debug] [Auth] Valid credentials - Password Authentication
2024-10-31 16:13:29.217 - [Debug] [LXC] Attempting to connect to the honeypot: 10.0.3.184
2024-10-31 16:13:29.326 - [Debug] [LXC-Auth] Attacker authenticated and is inside container
2024-10-31 16:13:29.696 - [Debug] [SHELL] Opened shell for attacker
2024-10-31 16:13:29.699 - [Debug] [LXC Streams] New Stream | Total Streams: 1
2024-10-31 16:13:30.755 - [Debug] [SHELL] Attacker Keystroke: l
2024-10-31 16:13:30.850 - [Debug] [SHELL] Attacker Keystroke: s
2024-10-31 16:13:30.960 - [Debug] [SHELL] Attacker Keystroke: [CR]
2024-10-31 16:13:30.962 - [Debug] [SHELL] line from reader: ls
2024-10-31 16:13:30.962 - [Debug] [SHELL] Keystroke buffer: 108,115,13
2024-10-31 16:13:31.724 - [Debug] [SHELL] Attacker Keystroke: l
2024-10-31 16:13:31.846 - [Debug] [SHELL] Attacker Keystroke: s
2024-10-31 16:13:31.871 - [Debug] [SHELL] Attacker Keystroke: [Space]
2024-10-31 16:13:32.208 - [Debug] [SHELL] Attacker Keystroke: [CR]
2024-10-31 16:13:32.209 - [Debug] [SHELL] line from reader: ls 
2024-10-31 16:13:32.209 - [Debug] [SHELL] Keystroke buffer: 108,115,32,13
2024-10-31 16:13:33.134 - [Debug] [SHELL] Attacker Keystroke: l
2024-10-31 16:13:33.226 - [Debug] [SHELL] Attacker Keystroke: s
2024-10-31 16:13:33.285 - [Debug] [SHELL] Attacker Keystroke: [Space]
2024-10-31 16:13:34.062 - [Debug] [SHELL] Attacker Keystroke: /
2024-10-31 16:13:34.264 - [Debug] [SHELL] Attacker Keystroke: u
2024-10-31 16:13:34.309 - [Debug] [SHELL] Attacker Keystroke: s
2024-10-31 16:13:34.374 - [Debug] [SHELL] Attacker Keystroke: r
2024-10-31 16:13:34.490 - [Debug] [SHELL] Attacker Keystroke: [CR]
2024-10-31 16:13:34.491 - [Debug] [SHELL] line from reader: ls /usr
2024-10-31 16:13:34.491 - [Debug] [SHELL] Keystroke buffer: 108,115,32,47,117,115,114,13
2024-10-31 16:13:56.466 - [Debug] [SHELL] Attacker Keystroke: l
2024-10-31 16:13:56.480 - [Debug] [SHELL] Attacker Keystroke: s
2024-10-31 16:13:56.611 - [Debug] [SHELL] Attacker Keystroke: [CR]
2024-10-31 16:13:56.612 - [Debug] [SHELL] line from reader: ls
2024-10-31 16:13:56.612 - [Debug] [SHELL] Keystroke buffer: 108,115,13
2024-10-31 16:13:57.374 - [Debug] [SHELL] Attacker Keystroke: e
2024-10-31 16:13:57.634 - [Debug] [SHELL] Attacker Keystroke: x
2024-10-31 16:13:57.714 - [Debug] [SHELL] Attacker Keystroke: i
2024-10-31 16:13:57.823 - [Debug] [SHELL] Attacker Keystroke: t
2024-10-31 16:13:58.109 - [Debug] [SHELL] Attacker Keystroke: [CR]
2024-10-31 16:13:58.110 - [Debug] [SHELL] line from reader: exit
2024-10-31 16:13:58.110 - [Debug] [SHELL] Keystroke buffer: 101,120,105,116,13
2024-10-31 16:13:58.161 - [Debug] [LXC Streams] Removed Stream | Total streams: 0
2024-10-31 16:13:58.161 - [Debug] [SHELL] Honeypot ended shell
2024-10-31 16:13:58.170 - [Debug] [SHELL] Attacker ended the shell
2024-10-31 16:13:58.172 - [Debug] [Connection] Attacker closed connection
2024-10-31 16:13:58.179 - [Debug] [LXC] Container's OpenSSH server ended connection
2024-10-31 16:13:58.193 - [Debug] [LXC] Container's OpenSSH server closed connection
{"level":"error","message":"Forever detected script was killed by signal: SIGKILL"}
