(node:228953) Warning: Accessing non-existent property 'padLevels' of module exports inside circular dependency
(Use `node --trace-warnings ...` to show where the warning was created)
Started with the following options:
{
  debug: true,
  mitmIp: '10.0.3.1',
  autoAccess: true,
  autoAccessCache: 5000,
  maxAttemptsPerConnection: 6,
  sshServerIdentifier: 'SSH-2.0-OpenSSH_6.6.1p1 Ubuntu-2ubuntu2',
  containerMountPathPrefix: '/var/lib/lxc',
  containerMountPathSuffix: 'rootfs/',
  loggingAttackerStreams: '/home/student/MITM/logs/session_streams',
  loggingAuthenticationAttempts: '/home/student/MITM/logs/authentication_attempts',
  loggingLogins: '/home/student/MITM/logs/logins',
  loggingLogouts: '/home/student/MITM/logs/logouts',
  loggingKeystrokes: '/home/student/MITM/logs/keystrokes',
  containerName: 'nobanner-nosession-43164',
  containerIp: '10.0.3.99',
  mitmPort: 43164,
  autoAccessFixed: 1
}
2024-11-11 19:30:38.631 - [Info] MITM Version: 2
2024-11-11 19:30:38.633 - [Info] Auto Access Enabled: true
2024-11-11 19:30:38.634 - [Debug] [Init] Auto Access Theshold Achieved: false
2024-11-11 19:30:38.643 - [Info] SSH man-in-the-middle server for 10.0.3.99 listening on 10.0.3.1:43164
2024-11-11 19:31:27.995 - [Debug] [Connection] Attacker connected: 45.159.209.78 | Client Identification: SSH-2.0-libssh_0.9.6
2024-11-11 19:31:32.993 - [Debug] [Connection] Attacker closed the connection
{"level":"error","message":"Forever detected script was killed by signal: SIGKILL"}
