(node:4145387) Warning: Accessing non-existent property 'padLevels' of module exports inside circular dependency
(Use `node --trace-warnings ...` to show where the warning was created)
Started with the following options:
{
  debug: true,
  mitmIp: '10.0.3.1',
  autoAccess: true,
  autoAccessCache: 5000,
  maxAttemptsPerConnection: 6,
  sshServerIdentifier: 'SSH-2.0-OpenSSH_6.6.1p1 Ubuntu-2ubuntu2',
  containerMountPathPrefix: '/var/lib/lxc',
  containerMountPathSuffix: 'rootfs/',
  loggingAttackerStreams: '/home/student/MITM/logs/session_streams',
  loggingAuthenticationAttempts: '/home/student/MITM/logs/authentication_attempts',
  loggingLogins: '/home/student/MITM/logs/logins',
  loggingLogouts: '/home/student/MITM/logs/logouts',
  loggingKeystrokes: '/home/student/MITM/logs/keystrokes',
  containerName: 'nobanner-nosession-42341',
  containerIp: '10.0.3.201',
  mitmPort: 42341,
  autoAccessFixed: 1
}
2024-11-08 12:37:09.519 - [Info] MITM Version: 2
2024-11-08 12:37:09.521 - [Info] Auto Access Enabled: true
2024-11-08 12:37:09.521 - [Debug] [Init] Auto Access Theshold Achieved: false
2024-11-08 12:37:09.532 - [Info] SSH man-in-the-middle server for 10.0.3.201 listening on 10.0.3.1:42341
2024-11-08 12:40:20.129 - [Debug] [Connection] Attacker connected: 47.250.81.7 | Client Identification: SSH-2.0-Go
2024-11-08 12:40:21.559 - [Debug] [Auth] Attacker 47.250.81.7 trying to authenticate with 'none'
2024-11-08 12:40:21.560 - [Debug] [Auth] Attacker authentication error: No authentication method provided
2024-11-08 12:40:22.063 - [Debug] [Connection] Attacker closed the connection
{"level":"error","message":"Forever detected script was killed by signal: SIGKILL"}
