(node:4183725) Warning: Accessing non-existent property 'padLevels' of module exports inside circular dependency
(Use `node --trace-warnings ...` to show where the warning was created)
Started with the following options:
{
  debug: true,
  mitmIp: '10.0.3.1',
  autoAccess: true,
  autoAccessCache: 5000,
  maxAttemptsPerConnection: 6,
  sshServerIdentifier: 'SSH-2.0-OpenSSH_6.6.1p1 Ubuntu-2ubuntu2',
  containerMountPathPrefix: '/var/lib/lxc',
  containerMountPathSuffix: 'rootfs/',
  loggingAttackerStreams: '/home/student/MITM/logs/session_streams',
  loggingAuthenticationAttempts: '/home/student/MITM/logs/authentication_attempts',
  loggingLogins: '/home/student/MITM/logs/logins',
  loggingLogouts: '/home/student/MITM/logs/logouts',
  loggingKeystrokes: '/home/student/MITM/logs/keystrokes',
  containerName: 'nobanner-nosession-40943',
  containerIp: '10.0.3.216',
  mitmPort: 40943,
  autoAccessFixed: 1
}
2024-11-06 18:03:18.293 - [Info] MITM Version: 2
2024-11-06 18:03:18.295 - [Info] Auto Access Enabled: true
2024-11-06 18:03:18.296 - [Debug] [Init] Auto Access Theshold Achieved: false
2024-11-06 18:03:18.310 - [Info] SSH man-in-the-middle server for 10.0.3.216 listening on 10.0.3.1:40943
2024-11-06 18:08:40.320 - [Debug] [Connection] Attacker connected: 24.187.253.67 | Client Identification: SSH-2.0-OpenSSH_7.4
2024-11-06 18:08:42.984 - [Debug] [Connection] Attacker closed the connection
{"level":"error","message":"Forever detected script was killed by signal: SIGKILL"}
