(node:272218) Warning: Accessing non-existent property 'padLevels' of module exports inside circular dependency
(Use `node --trace-warnings ...` to show where the warning was created)
Started with the following options:
{
  debug: true,
  mitmIp: '10.0.3.1',
  autoAccess: true,
  autoAccessCache: 5000,
  maxAttemptsPerConnection: 6,
  sshServerIdentifier: 'SSH-2.0-OpenSSH_6.6.1p1 Ubuntu-2ubuntu2',
  containerMountPathPrefix: '/var/lib/lxc',
  containerMountPathSuffix: 'rootfs/',
  loggingAttackerStreams: '/home/student/MITM/logs/session_streams',
  loggingAuthenticationAttempts: '/home/student/MITM/logs/authentication_attempts',
  loggingLogins: '/home/student/MITM/logs/logins',
  loggingLogouts: '/home/student/MITM/logs/logouts',
  loggingKeystrokes: '/home/student/MITM/logs/keystrokes',
  containerName: 'nobanner-nosession-41033',
  containerIp: '10.0.3.34',
  mitmPort: 41033,
  autoAccessFixed: 1
}
2024-11-06 21:19:56.325 - [Info] MITM Version: 2
2024-11-06 21:19:56.327 - [Info] Auto Access Enabled: true
2024-11-06 21:19:56.335 - [Debug] [Init] Auto Access Theshold Achieved: false
2024-11-06 21:19:56.357 - [Info] SSH man-in-the-middle server for 10.0.3.34 listening on 10.0.3.1:41033
2024-11-06 21:20:35.679 - [Debug] [Connection] Attacker connected: 222.110.220.110 | Client Identification: SSH-2.0-OpenSSH_7.4
2024-11-06 21:20:38.780 - [Debug] [Connection] Attacker closed the connection
{"level":"error","message":"Forever detected script was killed by signal: SIGKILL"}
