(node:3154857) Warning: Accessing non-existent property 'padLevels' of module exports inside circular dependency
(Use `node --trace-warnings ...` to show where the warning was created)
Started with the following options:
{
  debug: true,
  mitmIp: '10.0.3.1',
  autoAccess: true,
  autoAccessCache: 5000,
  maxAttemptsPerConnection: 6,
  sshServerIdentifier: 'SSH-2.0-OpenSSH_6.6.1p1 Ubuntu-2ubuntu2',
  containerMountPathPrefix: '/var/lib/lxc',
  containerMountPathSuffix: 'rootfs/',
  loggingAttackerStreams: '/home/student/MITM/logs/session_streams',
  loggingAuthenticationAttempts: '/home/student/MITM/logs/authentication_attempts',
  loggingLogins: '/home/student/MITM/logs/logins',
  loggingLogouts: '/home/student/MITM/logs/logouts',
  loggingKeystrokes: '/home/student/MITM/logs/keystrokes',
  containerName: 'nobanner-nosession-45958',
  containerIp: '10.0.3.120',
  mitmPort: 45958,
  autoAccessFixed: 1
}
2024-11-17 22:58:38.988 - [Info] MITM Version: 2
2024-11-17 22:58:38.990 - [Info] Auto Access Enabled: true
2024-11-17 22:58:38.991 - [Debug] [Init] Auto Access Theshold Achieved: false
2024-11-17 22:58:39.019 - [Info] SSH man-in-the-middle server for 10.0.3.120 listening on 10.0.3.1:45958
2024-11-17 22:59:35.680 - [Debug] [Connection] Attacker connected: 41.185.26.213 | Client Identification: SSH-2.0-libssh_0.9.6
2024-11-17 22:59:39.038 - [Debug] [Connection] Attacker closed the connection
{"level":"error","message":"Forever detected script was killed by signal: SIGKILL"}
