(node:426523) Warning: Accessing non-existent property 'padLevels' of module exports inside circular dependency
(Use `node --trace-warnings ...` to show where the warning was created)
Started with the following options:
{
  debug: true,
  mitmIp: '10.0.3.1',
  autoAccess: true,
  autoAccessCache: 5000,
  maxAttemptsPerConnection: 6,
  sshServerIdentifier: 'SSH-2.0-OpenSSH_6.6.1p1 Ubuntu-2ubuntu2',
  containerMountPathPrefix: '/var/lib/lxc',
  containerMountPathSuffix: 'rootfs/',
  loggingAttackerStreams: '/home/student/MITM/logs/session_streams',
  loggingAuthenticationAttempts: '/home/student/MITM/logs/authentication_attempts',
  loggingLogins: '/home/student/MITM/logs/logins',
  loggingLogouts: '/home/student/MITM/logs/logouts',
  loggingKeystrokes: '/home/student/MITM/logs/keystrokes',
  containerName: 'nobanner-nosession-40177',
  containerIp: '10.0.3.85',
  mitmPort: 40177,
  autoAccessFixed: 1
}
2024-11-03 17:37:43.844 - [Info] MITM Version: 2
2024-11-03 17:37:43.846 - [Info] Auto Access Enabled: true
2024-11-03 17:37:43.846 - [Debug] [Init] Auto Access Theshold Achieved: false
2024-11-03 17:37:43.872 - [Info] SSH man-in-the-middle server for 10.0.3.85 listening on 10.0.3.1:40177
2024-11-03 17:42:23.580 - [Debug] [Connection] Attacker connected: 203.205.37.233 | Client Identification: SSH-2.0-libssh_0.9.6
2024-11-03 17:42:32.529 - [Debug] [Connection] Attacker closed the connection
{"level":"error","message":"Forever detected script was killed by signal: SIGKILL"}
