(node:1784031) Warning: Accessing non-existent property 'padLevels' of module exports inside circular dependency
(Use `node --trace-warnings ...` to show where the warning was created)
Started with the following options:
{
  debug: true,
  mitmIp: '10.0.3.1',
  autoAccess: true,
  autoAccessCache: 5000,
  maxAttemptsPerConnection: 6,
  sshServerIdentifier: 'SSH-2.0-OpenSSH_6.6.1p1 Ubuntu-2ubuntu2',
  containerMountPathPrefix: '/var/lib/lxc',
  containerMountPathSuffix: 'rootfs/',
  loggingAttackerStreams: '/home/student/MITM/logs/session_streams',
  loggingAuthenticationAttempts: '/home/student/MITM/logs/authentication_attempts',
  loggingLogins: '/home/student/MITM/logs/logins',
  loggingLogouts: '/home/student/MITM/logs/logouts',
  loggingKeystrokes: '/home/student/MITM/logs/keystrokes',
  containerName: 'nobanner-nosession-45161',
  containerIp: '10.0.3.190',
  mitmPort: 45161,
  autoAccessFixed: 1
}
2024-11-14 06:19:09.858 - [Info] MITM Version: 2
2024-11-14 06:19:09.860 - [Info] Auto Access Enabled: true
2024-11-14 06:19:09.861 - [Debug] [Init] Auto Access Theshold Achieved: false
2024-11-14 06:19:09.884 - [Info] SSH man-in-the-middle server for 10.0.3.190 listening on 10.0.3.1:45161
2024-11-14 06:19:31.539 - [Debug] [Connection] Attacker connected: 134.209.10.97 | Client Identification: SSH-2.0-OpenSSH_8.9p1
2024-11-14 06:19:41.535 - [Debug] [Connection] Attacker closed the connection
{"level":"error","message":"Forever detected script was killed by signal: SIGKILL"}
