(node:1562915) Warning: Accessing non-existent property 'padLevels' of module exports inside circular dependency
(Use `node --trace-warnings ...` to show where the warning was created)
Started with the following options:
{
  debug: true,
  mitmIp: '10.0.3.1',
  autoAccess: true,
  autoAccessCache: 5000,
  maxAttemptsPerConnection: 6,
  sshServerIdentifier: 'SSH-2.0-OpenSSH_6.6.1p1 Ubuntu-2ubuntu2',
  containerMountPathPrefix: '/var/lib/lxc',
  containerMountPathSuffix: 'rootfs/',
  loggingAttackerStreams: '/home/student/MITM/logs/session_streams',
  loggingAuthenticationAttempts: '/home/student/MITM/logs/authentication_attempts',
  loggingLogins: '/home/student/MITM/logs/logins',
  loggingLogouts: '/home/student/MITM/logs/logouts',
  loggingKeystrokes: '/home/student/MITM/logs/keystrokes',
  containerName: 'nobanner-nosession-41472',
  containerIp: '10.0.3.49',
  mitmPort: 41472,
  autoAccessFixed: 1
}
2024-11-07 10:24:51.464 - [Info] MITM Version: 2
2024-11-07 10:24:51.475 - [Info] Auto Access Enabled: true
2024-11-07 10:24:51.476 - [Debug] [Init] Auto Access Theshold Achieved: false
2024-11-07 10:24:51.488 - [Info] SSH man-in-the-middle server for 10.0.3.49 listening on 10.0.3.1:41472
2024-11-07 10:24:57.413 - [Debug] [Connection] Attacker connected: 117.50.46.202 | Client Identification: SSH-2.0-libssh_0.9.6
{"level":"error","message":"Forever detected script was killed by signal: SIGKILL"}
