(node:1352382) Warning: Accessing non-existent property 'padLevels' of module exports inside circular dependency
(Use `node --trace-warnings ...` to show where the warning was created)
Started with the following options:
{
  debug: true,
  mitmIp: '10.0.3.1',
  autoAccess: true,
  autoAccessCache: 5000,
  maxAttemptsPerConnection: 6,
  sshServerIdentifier: 'SSH-2.0-OpenSSH_6.6.1p1 Ubuntu-2ubuntu2',
  containerMountPathPrefix: '/var/lib/lxc',
  containerMountPathSuffix: 'rootfs/',
  loggingAttackerStreams: '/home/student/MITM/logs/session_streams',
  loggingAuthenticationAttempts: '/home/student/MITM/logs/authentication_attempts',
  loggingLogins: '/home/student/MITM/logs/logins',
  loggingLogouts: '/home/student/MITM/logs/logouts',
  loggingKeystrokes: '/home/student/MITM/logs/keystrokes',
  containerName: 'nobanner-nosession-42811',
  containerIp: '10.0.3.110',
  mitmPort: 42811,
  autoAccessFixed: 1
}
2024-11-09 03:06:43.157 - [Info] MITM Version: 2
2024-11-09 03:06:43.159 - [Info] Auto Access Enabled: true
2024-11-09 03:06:43.160 - [Debug] [Init] Auto Access Theshold Achieved: false
2024-11-09 03:06:43.169 - [Info] SSH man-in-the-middle server for 10.0.3.110 listening on 10.0.3.1:42811
2024-11-09 03:11:07.785 - [Debug] [Connection] Attacker connected: 179.61.18.4 | Client Identification: SSH-2.0-OpenSSH_7.4
2024-11-09 03:11:23.023 - [Debug] [Connection] Attacker closed the connection
{"level":"error","message":"Forever detected script was killed by signal: SIGKILL"}
