(node:1984652) Warning: Accessing non-existent property 'padLevels' of module exports inside circular dependency
(Use `node --trace-warnings ...` to show where the warning was created)
Started with the following options:
{
  debug: true,
  mitmIp: '10.0.3.1',
  autoAccess: true,
  autoAccessCache: 5000,
  maxAttemptsPerConnection: 6,
  sshServerIdentifier: 'SSH-2.0-OpenSSH_6.6.1p1 Ubuntu-2ubuntu2',
  containerMountPathPrefix: '/var/lib/lxc',
  containerMountPathSuffix: 'rootfs/',
  loggingAttackerStreams: '/home/student/MITM/logs/session_streams',
  loggingAuthenticationAttempts: '/home/student/MITM/logs/authentication_attempts',
  loggingLogins: '/home/student/MITM/logs/logins',
  loggingLogouts: '/home/student/MITM/logs/logouts',
  loggingKeystrokes: '/home/student/MITM/logs/keystrokes',
  containerName: 'nobanner-nosession-40249',
  containerIp: '10.0.3.247',
  mitmPort: 40249,
  autoAccessFixed: 1
}
2024-11-05 16:41:21.492 - [Info] MITM Version: 2
2024-11-05 16:41:21.494 - [Info] Auto Access Enabled: true
2024-11-05 16:41:21.494 - [Debug] [Init] Auto Access Theshold Achieved: false
2024-11-05 16:41:21.506 - [Info] SSH man-in-the-middle server for 10.0.3.247 listening on 10.0.3.1:40249
2024-11-05 16:41:27.700 - [Debug] [Connection] Attacker connected: 167.94.138.37 | Client Identification: SSH-2.0-Go
2024-11-05 16:41:42.701 - [Debug] [Connection] Attacker closed the connection
{"level":"error","message":"Forever detected script was killed by signal: SIGKILL"}
