(node:227703) Warning: Accessing non-existent property 'padLevels' of module exports inside circular dependency
(Use `node --trace-warnings ...` to show where the warning was created)
Started with the following options:
{
  debug: true,
  mitmIp: '10.0.3.1',
  autoAccess: true,
  autoAccessCache: 5000,
  maxAttemptsPerConnection: 6,
  sshServerIdentifier: 'SSH-2.0-OpenSSH_6.6.1p1 Ubuntu-2ubuntu2',
  containerMountPathPrefix: '/var/lib/lxc',
  containerMountPathSuffix: 'rootfs/',
  loggingAttackerStreams: '/home/student/MITM/logs/session_streams',
  loggingAuthenticationAttempts: '/home/student/MITM/logs/authentication_attempts',
  loggingLogins: '/home/student/MITM/logs/logins',
  loggingLogouts: '/home/student/MITM/logs/logouts',
  loggingKeystrokes: '/home/student/MITM/logs/keystrokes',
  containerName: 'nobanner-nosession-43163',
  containerIp: '10.0.3.227',
  mitmPort: 43163,
  autoAccessFixed: 1
}
2024-11-11 19:30:11.816 - [Info] MITM Version: 2
2024-11-11 19:30:11.819 - [Info] Auto Access Enabled: true
2024-11-11 19:30:11.819 - [Debug] [Init] Auto Access Theshold Achieved: false
2024-11-11 19:30:11.832 - [Info] SSH man-in-the-middle server for 10.0.3.227 listening on 10.0.3.1:43163
2024-11-11 19:30:54.187 - [Debug] [Connection] Attacker connected: 5.101.0.66 | Client Identification: SSH-2.0-Go
2024-11-11 19:30:54.588 - [Debug] [Connection] Attacker closed the connection
{"level":"error","message":"Forever detected script was killed by signal: SIGKILL"}
