(node:1696437) Warning: Accessing non-existent property 'padLevels' of module exports inside circular dependency
(Use `node --trace-warnings ...` to show where the warning was created)
Started with the following options:
{
  debug: true,
  mitmIp: '10.0.3.1',
  autoAccess: true,
  autoAccessCache: 5000,
  maxAttemptsPerConnection: 6,
  sshServerIdentifier: 'SSH-2.0-OpenSSH_6.6.1p1 Ubuntu-2ubuntu2',
  containerMountPathPrefix: '/var/lib/lxc',
  containerMountPathSuffix: 'rootfs/',
  loggingAttackerStreams: '/home/student/MITM/logs/session_streams',
  loggingAuthenticationAttempts: '/home/student/MITM/logs/authentication_attempts',
  loggingLogins: '/home/student/MITM/logs/logins',
  loggingLogouts: '/home/student/MITM/logs/logouts',
  loggingKeystrokes: '/home/student/MITM/logs/keystrokes',
  containerName: 'nobanner-nosession-41515',
  containerIp: '10.0.3.70',
  mitmPort: 41515,
  autoAccessFixed: 1
}
2024-11-07 11:54:00.027 - [Info] MITM Version: 2
2024-11-07 11:54:00.030 - [Info] Auto Access Enabled: true
2024-11-07 11:54:00.030 - [Debug] [Init] Auto Access Theshold Achieved: false
2024-11-07 11:54:00.056 - [Info] SSH man-in-the-middle server for 10.0.3.70 listening on 10.0.3.1:41515
2024-11-07 12:01:28.667 - [Debug] [Connection] Attacker connected: 198.235.24.253 | Client Identification: SSH-2.0-ZGrab ZGrab SSH Survey
2024-11-07 12:01:30.988 - [Debug] [Connection] Attacker closed the connection
{"level":"error","message":"Forever detected script was killed by signal: SIGKILL"}
