(node:1109748) Warning: Accessing non-existent property 'padLevels' of module exports inside circular dependency
(Use `node --trace-warnings ...` to show where the warning was created)
Started with the following options:
{
  debug: true,
  mitmIp: '10.0.3.1',
  autoAccess: true,
  autoAccessCache: 5000,
  maxAttemptsPerConnection: 6,
  sshServerIdentifier: 'SSH-2.0-OpenSSH_6.6.1p1 Ubuntu-2ubuntu2',
  containerMountPathPrefix: '/var/lib/lxc',
  containerMountPathSuffix: 'rootfs/',
  loggingAttackerStreams: '/home/student/MITM/logs/session_streams',
  loggingAuthenticationAttempts: '/home/student/MITM/logs/authentication_attempts',
  loggingLogins: '/home/student/MITM/logs/logins',
  loggingLogouts: '/home/student/MITM/logs/logouts',
  loggingKeystrokes: '/home/student/MITM/logs/keystrokes',
  containerName: 'nobanner-nosession-44948',
  containerIp: '10.0.3.36',
  mitmPort: 44948,
  autoAccessFixed: 1
}
2024-11-14 01:14:10.821 - [Info] MITM Version: 2
2024-11-14 01:14:10.824 - [Info] Auto Access Enabled: true
2024-11-14 01:14:10.825 - [Debug] [Init] Auto Access Theshold Achieved: false
2024-11-14 01:14:10.849 - [Info] SSH man-in-the-middle server for 10.0.3.36 listening on 10.0.3.1:44948
2024-11-14 01:24:28.337 - [Debug] [Connection] Attacker connected: 218.78.62.201 | Client Identification: SSH-2.0-libssh_0.9.6
2024-11-14 01:24:28.862 - [Debug] [Connection] Attacker closed the connection
{"level":"error","message":"Forever detected script was killed by signal: SIGKILL"}
