(node:39978) Warning: Accessing non-existent property 'padLevels' of module exports inside circular dependency
(Use `node --trace-warnings ...` to show where the warning was created)
Started with the following options:
{
  debug: true,
  mitmIp: '10.0.3.1',
  autoAccess: true,
  autoAccessCache: 5000,
  maxAttemptsPerConnection: 6,
  sshServerIdentifier: 'SSH-2.0-OpenSSH_6.6.1p1 Ubuntu-2ubuntu2',
  containerMountPathPrefix: '/var/lib/lxc',
  containerMountPathSuffix: 'rootfs/',
  loggingAttackerStreams: '/home/student/MITM/logs/session_streams',
  loggingAuthenticationAttempts: '/home/student/MITM/logs/authentication_attempts',
  loggingLogins: '/home/student/MITM/logs/logins',
  loggingLogouts: '/home/student/MITM/logs/logouts',
  loggingKeystrokes: '/home/student/MITM/logs/keystrokes',
  containerName: 'nobanner-nosession-40148',
  containerIp: '10.0.3.14',
  mitmPort: 40148,
  autoAccessFixed: 1
}
2024-11-03 13:29:13.816 - [Info] MITM Version: 2
2024-11-03 13:29:13.818 - [Info] Auto Access Enabled: true
2024-11-03 13:29:13.819 - [Debug] [Init] Auto Access Theshold Achieved: false
2024-11-03 13:29:13.842 - [Info] SSH man-in-the-middle server for 10.0.3.14 listening on 10.0.3.1:40148
2024-11-03 13:30:58.190 - [Debug] [Connection] Attacker connected: 211.39.130.134 | Client Identification: SSH-2.0-OpenSSH_7.4
2024-11-03 13:31:02.275 - [Debug] [Connection] Attacker closed the connection
{"level":"error","message":"Forever detected script was killed by signal: SIGKILL"}
