(node:2714348) Warning: Accessing non-existent property 'padLevels' of module exports inside circular dependency
(Use `node --trace-warnings ...` to show where the warning was created)
Started with the following options:
{
  debug: true,
  mitmIp: '10.0.3.1',
  autoAccess: true,
  autoAccessCache: 5000,
  maxAttemptsPerConnection: 6,
  sshServerIdentifier: 'SSH-2.0-OpenSSH_6.6.1p1 Ubuntu-2ubuntu2',
  containerMountPathPrefix: '/var/lib/lxc',
  containerMountPathSuffix: 'rootfs/',
  loggingAttackerStreams: '/home/student/MITM/logs/session_streams',
  loggingAuthenticationAttempts: '/home/student/MITM/logs/authentication_attempts',
  loggingLogins: '/home/student/MITM/logs/logins',
  loggingLogouts: '/home/student/MITM/logs/logouts',
  loggingKeystrokes: '/home/student/MITM/logs/keystrokes',
  containerName: 'nobanner-nosession-40436',
  containerIp: '10.0.3.111',
  mitmPort: 40436,
  autoAccessFixed: 1
}
2024-11-06 04:00:36.419 - [Info] MITM Version: 2
2024-11-06 04:00:36.422 - [Info] Auto Access Enabled: true
2024-11-06 04:00:36.422 - [Debug] [Init] Auto Access Theshold Achieved: false
2024-11-06 04:00:36.445 - [Info] SSH man-in-the-middle server for 10.0.3.111 listening on 10.0.3.1:40436
2024-11-06 04:03:06.021 - [Debug] [Connection] Attacker connected: 164.52.24.187 | Client Identification: SSH-2.0-OpenSSH_8.0
2024-11-06 04:03:06.351 - [Debug] [Connection] Attacker closed the connection
{"level":"error","message":"Forever detected script was killed by signal: SIGKILL"}
