(node:2318768) Warning: Accessing non-existent property 'padLevels' of module exports inside circular dependency
(Use `node --trace-warnings ...` to show where the warning was created)
Started with the following options:
{
  debug: true,
  mitmIp: '10.0.3.1',
  autoAccess: true,
  autoAccessCache: 5000,
  maxAttemptsPerConnection: 6,
  sshServerIdentifier: 'SSH-2.0-OpenSSH_6.6.1p1 Ubuntu-2ubuntu2',
  containerMountPathPrefix: '/var/lib/lxc',
  containerMountPathSuffix: 'rootfs/',
  loggingAttackerStreams: '/home/student/MITM/logs/session_streams',
  loggingAuthenticationAttempts: '/home/student/MITM/logs/authentication_attempts',
  loggingLogins: '/home/student/MITM/logs/logins',
  loggingLogouts: '/home/student/MITM/logs/logouts',
  loggingKeystrokes: '/home/student/MITM/logs/keystrokes',
  containerName: 'nobanner-nosession-41722',
  containerIp: '10.0.3.212',
  mitmPort: 41722,
  autoAccessFixed: 1
}
2024-11-07 18:19:52.193 - [Info] MITM Version: 2
2024-11-07 18:19:52.200 - [Info] Auto Access Enabled: true
2024-11-07 18:19:52.201 - [Debug] [Init] Auto Access Theshold Achieved: false
2024-11-07 18:19:52.212 - [Info] SSH man-in-the-middle server for 10.0.3.212 listening on 10.0.3.1:41722
2024-11-07 18:21:48.005 - [Debug] [Connection] Attacker connected: 101.37.85.27 | Client Identification: SSH-2.0-libssh_0.7.4
2024-11-07 18:21:59.559 - [Debug] [Connection] Attacker closed the connection
{"level":"error","message":"Forever detected script was killed by signal: SIGKILL"}
