(node:1264134) Warning: Accessing non-existent property 'padLevels' of module exports inside circular dependency
(Use `node --trace-warnings ...` to show where the warning was created)
Started with the following options:
{
  debug: true,
  mitmIp: '10.0.3.1',
  autoAccess: true,
  autoAccessCache: 5000,
  maxAttemptsPerConnection: 6,
  sshServerIdentifier: 'SSH-2.0-OpenSSH_6.6.1p1 Ubuntu-2ubuntu2',
  containerMountPathPrefix: '/var/lib/lxc',
  containerMountPathSuffix: 'rootfs/',
  loggingAttackerStreams: '/home/student/MITM/logs/session_streams',
  loggingAuthenticationAttempts: '/home/student/MITM/logs/authentication_attempts',
  loggingLogins: '/home/student/MITM/logs/logins',
  loggingLogouts: '/home/student/MITM/logs/logouts',
  loggingKeystrokes: '/home/student/MITM/logs/keystrokes',
  containerName: 'nobanner-nosession-42780',
  containerIp: '10.0.3.128',
  mitmPort: 42780,
  autoAccessFixed: 1
}
2024-11-09 02:17:20.474 - [Info] MITM Version: 2
2024-11-09 02:17:20.489 - [Info] Auto Access Enabled: true
2024-11-09 02:17:20.490 - [Debug] [Init] Auto Access Theshold Achieved: false
2024-11-09 02:17:20.501 - [Info] SSH man-in-the-middle server for 10.0.3.128 listening on 10.0.3.1:42780
2024-11-09 02:18:35.056 - [Debug] [Connection] Attacker connected: 124.101.251.12 | Client Identification: SSH-2.0-OpenSSH_7.4
2024-11-09 02:18:35.826 - [Debug] [Connection] Attacker closed the connection
{"level":"error","message":"Forever detected script was killed by signal: SIGKILL"}
