(node:2906124) Warning: Accessing non-existent property 'padLevels' of module exports inside circular dependency
(Use `node --trace-warnings ...` to show where the warning was created)
Started with the following options:
{
  debug: true,
  mitmIp: '10.0.3.1',
  autoAccess: true,
  autoAccessCache: 5000,
  maxAttemptsPerConnection: 6,
  sshServerIdentifier: 'SSH-2.0-OpenSSH_6.6.1p1 Ubuntu-2ubuntu2',
  containerMountPathPrefix: '/var/lib/lxc',
  containerMountPathSuffix: 'rootfs/',
  loggingAttackerStreams: '/home/student/MITM/logs/session_streams',
  loggingAuthenticationAttempts: '/home/student/MITM/logs/authentication_attempts',
  loggingLogins: '/home/student/MITM/logs/logins',
  loggingLogouts: '/home/student/MITM/logs/logouts',
  loggingKeystrokes: '/home/student/MITM/logs/keystrokes',
  containerName: 'nobanner-nosession-45506',
  containerIp: '10.0.3.130',
  mitmPort: 45506,
  autoAccessFixed: 1
}
2024-11-14 15:12:43.182 - [Info] MITM Version: 2
2024-11-14 15:12:43.184 - [Info] Auto Access Enabled: true
2024-11-14 15:12:43.185 - [Debug] [Init] Auto Access Theshold Achieved: false
2024-11-14 15:12:43.203 - [Info] SSH man-in-the-middle server for 10.0.3.130 listening on 10.0.3.1:45506
2024-11-14 15:12:49.817 - [Debug] [Connection] Attacker connected: 112.163.119.199 | Client Identification: SSH-2.0-Go
2024-11-14 15:12:56.376 - [Debug] [Connection] Attacker closed the connection
{"level":"error","message":"Forever detected script was killed by signal: SIGKILL"}
