(node:11769) Warning: Accessing non-existent property 'padLevels' of module exports inside circular dependency
(Use `node --trace-warnings ...` to show where the warning was created)
Started with the following options:
{
  debug: true,
  mitmIp: '10.0.3.1',
  autoAccess: true,
  autoAccessCache: 5000,
  maxAttemptsPerConnection: 6,
  sshServerIdentifier: 'SSH-2.0-OpenSSH_6.6.1p1 Ubuntu-2ubuntu2',
  containerMountPathPrefix: '/var/lib/lxc',
  containerMountPathSuffix: 'rootfs/',
  loggingAttackerStreams: '/home/student/MITM/logs/session_streams',
  loggingAuthenticationAttempts: '/home/student/MITM/logs/authentication_attempts',
  loggingLogins: '/home/student/MITM/logs/logins',
  loggingLogouts: '/home/student/MITM/logs/logouts',
  loggingKeystrokes: '/home/student/MITM/logs/keystrokes',
  containerName: 'nobanner-nosession-40117',
  containerIp: '10.0.3.126',
  mitmPort: 40117,
  autoAccessFixed: 1
}
2024-10-29 16:59:06.576 - [Info] MITM Version: 2
2024-10-29 16:59:06.578 - [Info] Auto Access Enabled: true
2024-10-29 16:59:06.578 - [Debug] [Init] Auto Access Theshold Achieved: false
2024-10-29 16:59:06.589 - [Info] SSH man-in-the-middle server for 10.0.3.126 listening on 10.0.3.1:40117
2024-10-29 16:59:20.022 - [Debug] [Connection] Attacker connected: 10.175.29.212 | Client Identification: SSH-2.0-OpenSSH_9.6
2024-10-29 16:59:21.155 - [Debug] [Auth] Attacker 10.175.29.212 trying to authenticate with 'none'
2024-10-29 16:59:21.156 - [Debug] [Auth] Attacker authentication error: No authentication method provided
2024-10-29 16:59:22.652 - [Debug] [Auth] Attacker 10.175.29.212 trying to authenticate with 'password'
2024-10-29 16:59:22.653 - [Debug] [Auto Access] Attacker: 10.175.29.212, Threshold: 1, Attempts: 1
2024-10-29 16:59:22.653 - [Debug] [Auto Access] Compromising the honeypot
2024-10-29 16:59:22.653 - [Debug] [Auto Access] Adding the following credentials: 'gitikasaravanan:1234'
2024-10-29 16:59:22.935 - [Debug] [Auto Access] Auto-access is now disabled for the remainder of this MITM server instance
2024-10-29 16:59:22.943 - [Debug] [Auth] Valid credentials - Password Authentication
2024-10-29 16:59:22.943 - [Debug] [LXC] Attempting to connect to the honeypot: 10.0.3.126
2024-10-29 16:59:23.025 - [Debug] [LXC-Auth] Attacker authenticated and is inside container
2024-10-29 16:59:23.220 - [Debug] [SHELL] Opened shell for attacker
2024-10-29 16:59:23.227 - [Debug] [LXC Streams] New Stream | Total Streams: 1
2024-10-29 16:59:27.419 - [Debug] [SHELL] Attacker Keystroke: e
2024-10-29 16:59:27.692 - [Debug] [SHELL] Attacker Keystroke: x
2024-10-29 16:59:27.887 - [Debug] [SHELL] Attacker Keystroke: i
2024-10-29 16:59:27.930 - [Debug] [SHELL] Attacker Keystroke: t
2024-10-29 16:59:28.486 - [Debug] [SHELL] Attacker Keystroke: [CR]
2024-10-29 16:59:28.488 - [Debug] [SHELL] line from reader: exit
2024-10-29 16:59:28.488 - [Debug] [SHELL] Keystroke buffer: 101,120,105,116,13
2024-10-29 16:59:28.492 - [Debug] [LXC Streams] Removed Stream | Total streams: 0
2024-10-29 16:59:28.492 - [Debug] [SHELL] Honeypot ended shell
2024-10-29 16:59:28.503 - [Debug] [SHELL] Attacker ended the shell
2024-10-29 16:59:28.512 - [Debug] [Connection] Attacker closed connection
2024-10-29 16:59:28.524 - [Debug] [LXC] Container's OpenSSH server ended connection
2024-10-29 16:59:28.525 - [Debug] [LXC] Container's OpenSSH server closed connection
{"level":"error","message":"Forever detected script was killed by signal: SIGKILL"}
