(node:2494708) Warning: Accessing non-existent property 'padLevels' of module exports inside circular dependency
(Use `node --trace-warnings ...` to show where the warning was created)
Started with the following options:
{
  debug: true,
  mitmIp: '10.0.3.1',
  autoAccess: true,
  autoAccessCache: 5000,
  maxAttemptsPerConnection: 6,
  sshServerIdentifier: 'SSH-2.0-OpenSSH_6.6.1p1 Ubuntu-2ubuntu2',
  containerMountPathPrefix: '/var/lib/lxc',
  containerMountPathSuffix: 'rootfs/',
  loggingAttackerStreams: '/home/student/MITM/logs/session_streams',
  loggingAuthenticationAttempts: '/home/student/MITM/logs/authentication_attempts',
  loggingLogins: '/home/student/MITM/logs/logins',
  loggingLogouts: '/home/student/MITM/logs/logouts',
  loggingKeystrokes: '/home/student/MITM/logs/keystrokes',
  containerName: 'nobanner-nosession-40371',
  containerIp: '10.0.3.113',
  mitmPort: 40371,
  autoAccessFixed: 1
}
2024-11-06 01:09:33.155 - [Info] MITM Version: 2
2024-11-06 01:09:33.157 - [Info] Auto Access Enabled: true
2024-11-06 01:09:33.158 - [Debug] [Init] Auto Access Theshold Achieved: false
2024-11-06 01:09:33.169 - [Info] SSH man-in-the-middle server for 10.0.3.113 listening on 10.0.3.1:40371
2024-11-06 01:21:51.116 - [Debug] [Connection] Attacker connected: 220.87.52.76 | Client Identification: SSH-2.0-SSH-2.0-OpenSSH_6.6.1p1 Ubuntu-2ubuntu2
2024-11-06 01:21:53.987 - [Debug] [Connection] Attacker closed the connection
{"level":"error","message":"Forever detected script was killed by signal: SIGKILL"}
