(node:1169260) Warning: Accessing non-existent property 'padLevels' of module exports inside circular dependency
(Use `node --trace-warnings ...` to show where the warning was created)
Started with the following options:
{
  debug: true,
  mitmIp: '10.0.3.1',
  autoAccess: true,
  autoAccessCache: 5000,
  maxAttemptsPerConnection: 6,
  sshServerIdentifier: 'SSH-2.0-OpenSSH_6.6.1p1 Ubuntu-2ubuntu2',
  containerMountPathPrefix: '/var/lib/lxc',
  containerMountPathSuffix: 'rootfs/',
  loggingAttackerStreams: '/home/student/MITM/logs/session_streams',
  loggingAuthenticationAttempts: '/home/student/MITM/logs/authentication_attempts',
  loggingLogins: '/home/student/MITM/logs/logins',
  loggingLogouts: '/home/student/MITM/logs/logouts',
  loggingKeystrokes: '/home/student/MITM/logs/keystrokes',
  containerName: 'nobanner-nosession-41344',
  containerIp: '10.0.3.133',
  mitmPort: 41344,
  autoAccessFixed: 1
}
2024-11-07 06:01:35.740 - [Info] MITM Version: 2
2024-11-07 06:01:35.743 - [Info] Auto Access Enabled: true
2024-11-07 06:01:35.744 - [Debug] [Init] Auto Access Theshold Achieved: false
2024-11-07 06:01:35.758 - [Info] SSH man-in-the-middle server for 10.0.3.133 listening on 10.0.3.1:41344
2024-11-07 06:01:37.884 - [Debug] [Connection] Attacker connected: 205.210.31.74 | Client Identification: SSH-2.0-ZGrab ZGrab SSH Survey
2024-11-07 06:01:39.776 - [Debug] [Connection] Attacker closed the connection
{"level":"error","message":"Forever detected script was killed by signal: SIGKILL"}
