(node:1782669) Warning: Accessing non-existent property 'padLevels' of module exports inside circular dependency
(Use `node --trace-warnings ...` to show where the warning was created)
Started with the following options:
{
  debug: true,
  mitmIp: '10.0.3.1',
  autoAccess: true,
  autoAccessCache: 5000,
  maxAttemptsPerConnection: 6,
  sshServerIdentifier: 'SSH-2.0-OpenSSH_6.6.1p1 Ubuntu-2ubuntu2',
  containerMountPathPrefix: '/var/lib/lxc',
  containerMountPathSuffix: 'rootfs/',
  loggingAttackerStreams: '/home/student/MITM/logs/session_streams',
  loggingAuthenticationAttempts: '/home/student/MITM/logs/authentication_attempts',
  loggingLogins: '/home/student/MITM/logs/logins',
  loggingLogouts: '/home/student/MITM/logs/logouts',
  loggingKeystrokes: '/home/student/MITM/logs/keystrokes',
  containerName: 'nobanner-nosession-43877',
  containerIp: '10.0.3.46',
  mitmPort: 43877,
  autoAccessFixed: 1
}
2024-11-12 17:41:07.651 - [Info] MITM Version: 2
2024-11-12 17:41:07.652 - [Info] Auto Access Enabled: true
2024-11-12 17:41:07.653 - [Debug] [Init] Auto Access Theshold Achieved: false
2024-11-12 17:41:07.663 - [Info] SSH man-in-the-middle server for 10.0.3.46 listening on 10.0.3.1:43877
2024-11-12 17:42:34.725 - [Debug] [Connection] Attacker connected: 194.169.175.106 | Client Identification: SSH-2.0-Go
2024-11-12 17:42:35.498 - [Debug] [Auth] Attacker 194.169.175.106 trying to authenticate with 'none'
2024-11-12 17:42:35.498 - [Debug] [Auth] Attacker authentication error: No authentication method provided
2024-11-12 17:42:44.722 - [Debug] [Connection] Attacker closed the connection
{"level":"error","message":"Forever detected script was killed by signal: SIGKILL"}
