(node:4013435) Warning: Accessing non-existent property 'padLevels' of module exports inside circular dependency
(Use `node --trace-warnings ...` to show where the warning was created)
Started with the following options:
{
  debug: true,
  mitmIp: '10.0.3.1',
  autoAccess: true,
  autoAccessCache: 5000,
  maxAttemptsPerConnection: 6,
  sshServerIdentifier: 'SSH-2.0-OpenSSH_6.6.1p1 Ubuntu-2ubuntu2',
  containerMountPathPrefix: '/var/lib/lxc',
  containerMountPathSuffix: 'rootfs/',
  loggingAttackerStreams: '/home/student/MITM/logs/session_streams',
  loggingAuthenticationAttempts: '/home/student/MITM/logs/authentication_attempts',
  loggingLogins: '/home/student/MITM/logs/logins',
  loggingLogouts: '/home/student/MITM/logs/logouts',
  loggingKeystrokes: '/home/student/MITM/logs/keystrokes',
  containerName: 'nobanner-nosession-42298',
  containerIp: '10.0.3.210',
  mitmPort: 42298,
  autoAccessFixed: 1
}
2024-11-08 11:07:33.072 - [Info] MITM Version: 2
2024-11-08 11:07:33.084 - [Info] Auto Access Enabled: true
2024-11-08 11:07:33.085 - [Debug] [Init] Auto Access Theshold Achieved: false
2024-11-08 11:07:33.096 - [Info] SSH man-in-the-middle server for 10.0.3.210 listening on 10.0.3.1:42298
2024-11-08 11:08:23.644 - [Debug] [Connection] Attacker connected: 64.62.197.40 | Client Identification: SSH-2.0-Go
2024-11-08 11:08:24.105 - [Debug] [Auth] Attacker 64.62.197.40 trying to authenticate with 'none'
2024-11-08 11:08:24.105 - [Debug] [Auth] Attacker authentication error: No authentication method provided
2024-11-08 11:08:27.640 - [Debug] [Connection] Attacker closed the connection
{"level":"error","message":"Forever detected script was killed by signal: SIGKILL"}
