(node:248407) Warning: Accessing non-existent property 'padLevels' of module exports inside circular dependency
(Use `node --trace-warnings ...` to show where the warning was created)
Started with the following options:
{
  debug: true,
  mitmIp: '10.0.3.1',
  autoAccess: true,
  autoAccessCache: 5000,
  maxAttemptsPerConnection: 6,
  sshServerIdentifier: 'SSH-2.0-OpenSSH_6.6.1p1 Ubuntu-2ubuntu2',
  containerMountPathPrefix: '/var/lib/lxc',
  containerMountPathSuffix: 'rootfs/',
  loggingAttackerStreams: '/home/student/MITM/logs/session_streams',
  loggingAuthenticationAttempts: '/home/student/MITM/logs/authentication_attempts',
  loggingLogins: '/home/student/MITM/logs/logins',
  loggingLogouts: '/home/student/MITM/logs/logouts',
  loggingKeystrokes: '/home/student/MITM/logs/keystrokes',
  containerName: 'nobanner-nosession-43173',
  containerIp: '10.0.3.170',
  mitmPort: 43173,
  autoAccessFixed: 1
}
2024-11-11 19:46:26.687 - [Info] MITM Version: 2
2024-11-11 19:46:26.690 - [Info] Auto Access Enabled: true
2024-11-11 19:46:26.691 - [Debug] [Init] Auto Access Theshold Achieved: false
2024-11-11 19:46:26.704 - [Info] SSH man-in-the-middle server for 10.0.3.170 listening on 10.0.3.1:43173
2024-11-11 19:47:44.959 - [Debug] [Connection] Attacker connected: 45.159.209.78 | Client Identification: SSH-2.0-libssh_0.9.6
2024-11-11 19:47:48.950 - [Debug] [Connection] Attacker closed the connection
{"level":"error","message":"Forever detected script was killed by signal: SIGKILL"}
