(node:4106593) Warning: Accessing non-existent property 'padLevels' of module exports inside circular dependency
(Use `node --trace-warnings ...` to show where the warning was created)
Started with the following options:
{
  debug: true,
  mitmIp: '10.0.3.1',
  autoAccess: true,
  autoAccessCache: 5000,
  maxAttemptsPerConnection: 6,
  sshServerIdentifier: 'SSH-2.0-OpenSSH_6.6.1p1 Ubuntu-2ubuntu2',
  containerMountPathPrefix: '/var/lib/lxc',
  containerMountPathSuffix: 'rootfs/',
  loggingAttackerStreams: '/home/student/MITM/logs/session_streams',
  loggingAuthenticationAttempts: '/home/student/MITM/logs/authentication_attempts',
  loggingLogins: '/home/student/MITM/logs/logins',
  loggingLogouts: '/home/student/MITM/logs/logouts',
  loggingKeystrokes: '/home/student/MITM/logs/keystrokes',
  containerName: 'nobanner-nosession-42328',
  containerIp: '10.0.3.194',
  mitmPort: 42328,
  autoAccessFixed: 1
}
2024-11-08 12:09:57.696 - [Info] MITM Version: 2
2024-11-08 12:09:57.699 - [Info] Auto Access Enabled: true
2024-11-08 12:09:57.701 - [Debug] [Init] Auto Access Theshold Achieved: false
2024-11-08 12:09:57.712 - [Info] SSH man-in-the-middle server for 10.0.3.194 listening on 10.0.3.1:42328
2024-11-08 12:22:20.271 - [Debug] [Connection] Attacker connected: 124.71.77.206 | Client Identification: SSH-2.0-Go
2024-11-08 12:22:22.680 - [Debug] [Connection] Attacker closed the connection
{"level":"error","message":"Forever detected script was killed by signal: SIGKILL"}
