(node:268438) Warning: Accessing non-existent property 'padLevels' of module exports inside circular dependency
(Use `node --trace-warnings ...` to show where the warning was created)
Started with the following options:
{
  debug: true,
  mitmIp: '10.0.3.1',
  autoAccess: true,
  autoAccessCache: 5000,
  maxAttemptsPerConnection: 6,
  sshServerIdentifier: 'SSH-2.0-OpenSSH_6.6.1p1 Ubuntu-2ubuntu2',
  containerMountPathPrefix: '/var/lib/lxc',
  containerMountPathSuffix: 'rootfs/',
  loggingAttackerStreams: '/home/student/MITM/logs/session_streams',
  loggingAuthenticationAttempts: '/home/student/MITM/logs/authentication_attempts',
  loggingLogins: '/home/student/MITM/logs/logins',
  loggingLogouts: '/home/student/MITM/logs/logouts',
  loggingKeystrokes: '/home/student/MITM/logs/keystrokes',
  containerName: 'nobanner-nosession-45660',
  containerIp: '10.0.3.57',
  mitmPort: 45660,
  autoAccessFixed: 1
}
2024-11-15 19:09:03.024 - [Info] MITM Version: 2
2024-11-15 19:09:03.026 - [Info] Auto Access Enabled: true
2024-11-15 19:09:03.027 - [Debug] [Init] Auto Access Theshold Achieved: false
2024-11-15 19:09:03.051 - [Info] SSH man-in-the-middle server for 10.0.3.57 listening on 10.0.3.1:45660
2024-11-15 19:09:18.301 - [Debug] [Connection] Attacker connected: 206.168.34.40 | Client Identification: SSH-2.0-Go
2024-11-15 19:09:33.313 - [Debug] [Connection] Attacker closed the connection
{"level":"error","message":"Forever detected script was killed by signal: SIGKILL"}
