(node:1676144) Warning: Accessing non-existent property 'padLevels' of module exports inside circular dependency
(Use `node --trace-warnings ...` to show where the warning was created)
Started with the following options:
{
  debug: true,
  mitmIp: '10.0.3.1',
  autoAccess: true,
  autoAccessCache: 5000,
  maxAttemptsPerConnection: 6,
  sshServerIdentifier: 'SSH-2.0-OpenSSH_6.6.1p1 Ubuntu-2ubuntu2',
  containerMountPathPrefix: '/var/lib/lxc',
  containerMountPathSuffix: 'rootfs/',
  loggingAttackerStreams: '/home/student/MITM/logs/session_streams',
  loggingAuthenticationAttempts: '/home/student/MITM/logs/authentication_attempts',
  loggingLogins: '/home/student/MITM/logs/logins',
  loggingLogouts: '/home/student/MITM/logs/logouts',
  loggingKeystrokes: '/home/student/MITM/logs/keystrokes',
  containerName: 'nobanner-nosession-41509',
  containerIp: '10.0.3.77',
  mitmPort: 41509,
  autoAccessFixed: 1
}
2024-11-07 11:38:04.329 - [Info] MITM Version: 2
2024-11-07 11:38:04.331 - [Info] Auto Access Enabled: true
2024-11-07 11:38:04.331 - [Debug] [Init] Auto Access Theshold Achieved: false
2024-11-07 11:38:04.342 - [Info] SSH man-in-the-middle server for 10.0.3.77 listening on 10.0.3.1:41509
2024-11-07 11:43:25.191 - [Debug] [Connection] Attacker connected: 205.210.31.76 | Client Identification: SSH-2.0-ZGrab ZGrab SSH Survey
2024-11-07 11:43:27.095 - [Debug] [Connection] Attacker closed the connection
{"level":"error","message":"Forever detected script was killed by signal: SIGKILL"}
