(node:2752285) Warning: Accessing non-existent property 'padLevels' of module exports inside circular dependency
(Use `node --trace-warnings ...` to show where the warning was created)
Started with the following options:
{
  debug: true,
  mitmIp: '10.0.3.1',
  autoAccess: true,
  autoAccessCache: 5000,
  maxAttemptsPerConnection: 6,
  sshServerIdentifier: 'SSH-2.0-OpenSSH_6.6.1p1 Ubuntu-2ubuntu2',
  containerMountPathPrefix: '/var/lib/lxc',
  containerMountPathSuffix: 'rootfs/',
  loggingAttackerStreams: '/home/student/MITM/logs/session_streams',
  loggingAuthenticationAttempts: '/home/student/MITM/logs/authentication_attempts',
  loggingLogins: '/home/student/MITM/logs/logins',
  loggingLogouts: '/home/student/MITM/logs/logouts',
  loggingKeystrokes: '/home/student/MITM/logs/keystrokes',
  containerName: 'nobanner-nosession-41866',
  containerIp: '10.0.3.177',
  mitmPort: 41866,
  autoAccessFixed: 1
}
2024-11-07 22:52:05.781 - [Info] MITM Version: 2
2024-11-07 22:52:05.783 - [Info] Auto Access Enabled: true
2024-11-07 22:52:05.784 - [Debug] [Init] Auto Access Theshold Achieved: false
2024-11-07 22:52:05.805 - [Info] SSH man-in-the-middle server for 10.0.3.177 listening on 10.0.3.1:41866
2024-11-07 22:57:39.603 - [Debug] [Connection] Attacker connected: 210.99.223.203 | Client Identification: SSH-2.0-OpenSSH_7.4
2024-11-07 22:57:42.833 - [Debug] [Auth] Attacker 210.99.223.203 trying to authenticate with 'none'
2024-11-07 22:57:42.833 - [Debug] [Auth] Attacker authentication error: No authentication method provided
2024-11-07 22:57:44.012 - [Debug] [Connection] Attacker closed the connection
{"level":"error","message":"Forever detected script was killed by signal: SIGKILL"}
