(node:887267) Warning: Accessing non-existent property 'padLevels' of module exports inside circular dependency
(Use `node --trace-warnings ...` to show where the warning was created)
Started with the following options:
{
  debug: true,
  mitmIp: '10.0.3.1',
  autoAccess: true,
  autoAccessCache: 5000,
  maxAttemptsPerConnection: 6,
  sshServerIdentifier: 'SSH-2.0-OpenSSH_6.6.1p1 Ubuntu-2ubuntu2',
  containerMountPathPrefix: '/var/lib/lxc',
  containerMountPathSuffix: 'rootfs/',
  loggingAttackerStreams: '/home/student/MITM/logs/session_streams',
  loggingAuthenticationAttempts: '/home/student/MITM/logs/authentication_attempts',
  loggingLogins: '/home/student/MITM/logs/logins',
  loggingLogouts: '/home/student/MITM/logs/logouts',
  loggingKeystrokes: '/home/student/MITM/logs/keystrokes',
  containerName: 'nobanner-nosession-43474',
  containerIp: '10.0.3.132',
  mitmPort: 43474,
  autoAccessFixed: 1
}
2024-11-12 05:24:27.369 - [Info] MITM Version: 2
2024-11-12 05:24:27.371 - [Info] Auto Access Enabled: true
2024-11-12 05:24:27.371 - [Debug] [Init] Auto Access Theshold Achieved: false
2024-11-12 05:24:27.382 - [Info] SSH man-in-the-middle server for 10.0.3.132 listening on 10.0.3.1:43474
2024-11-12 05:27:10.089 - [Debug] [Connection] Attacker connected: 125.124.191.116 | Client Identification: SSH-2.0-libssh_0.9.6
{"level":"error","message":"Forever detected script was killed by signal: SIGKILL"}
