(node:513039) Warning: Accessing non-existent property 'padLevels' of module exports inside circular dependency
(Use `node --trace-warnings ...` to show where the warning was created)
Started with the following options:
{
  debug: true,
  mitmIp: '10.0.3.1',
  autoAccess: true,
  autoAccessCache: 5000,
  maxAttemptsPerConnection: 6,
  sshServerIdentifier: 'SSH-2.0-OpenSSH_6.6.1p1 Ubuntu-2ubuntu2',
  containerMountPathPrefix: '/var/lib/lxc',
  containerMountPathSuffix: 'rootfs/',
  loggingAttackerStreams: '/home/student/MITM/logs/session_streams',
  loggingAuthenticationAttempts: '/home/student/MITM/logs/authentication_attempts',
  loggingLogins: '/home/student/MITM/logs/logins',
  loggingLogouts: '/home/student/MITM/logs/logouts',
  loggingKeystrokes: '/home/student/MITM/logs/keystrokes',
  containerName: 'nobanner-nosession-41114',
  containerIp: '10.0.3.68',
  mitmPort: 41114,
  autoAccessFixed: 1
}
2024-11-06 23:50:56.294 - [Info] MITM Version: 2
2024-11-06 23:50:56.296 - [Info] Auto Access Enabled: true
2024-11-06 23:50:56.297 - [Debug] [Init] Auto Access Theshold Achieved: false
2024-11-06 23:50:56.308 - [Info] SSH man-in-the-middle server for 10.0.3.68 listening on 10.0.3.1:41114
2024-11-06 23:55:58.233 - [Debug] [Connection] Attacker connected: 139.177.207.114 | Client Identification: SSH-2.0-OpenSSH_7.4
2024-11-06 23:55:59.103 - [Debug] [Auth] Attacker 139.177.207.114 trying to authenticate with 'none'
2024-11-06 23:55:59.104 - [Debug] [Auth] Attacker authentication error: No authentication method provided
2024-11-06 23:55:59.391 - [Debug] [Connection] Attacker closed the connection
{"level":"error","message":"Forever detected script was killed by signal: SIGKILL"}
