(node:912645) Warning: Accessing non-existent property 'padLevels' of module exports inside circular dependency
(Use `node --trace-warnings ...` to show where the warning was created)
Started with the following options:
{
  debug: true,
  mitmIp: '10.0.3.1',
  autoAccess: true,
  autoAccessCache: 5000,
  maxAttemptsPerConnection: 6,
  sshServerIdentifier: 'SSH-2.0-OpenSSH_6.6.1p1 Ubuntu-2ubuntu2',
  containerMountPathPrefix: '/var/lib/lxc',
  containerMountPathSuffix: 'rootfs/',
  loggingAttackerStreams: '/home/student/MITM/logs/session_streams',
  loggingAuthenticationAttempts: '/home/student/MITM/logs/authentication_attempts',
  loggingLogins: '/home/student/MITM/logs/logins',
  loggingLogouts: '/home/student/MITM/logs/logouts',
  loggingKeystrokes: '/home/student/MITM/logs/keystrokes',
  containerName: 'nobanner-nosession-42653',
  containerIp: '10.0.3.177',
  mitmPort: 42653,
  autoAccessFixed: 1
}
2024-11-08 23:13:32.133 - [Info] MITM Version: 2
2024-11-08 23:13:32.135 - [Info] Auto Access Enabled: true
2024-11-08 23:13:32.136 - [Debug] [Init] Auto Access Theshold Achieved: false
2024-11-08 23:13:32.152 - [Info] SSH man-in-the-middle server for 10.0.3.177 listening on 10.0.3.1:42653
2024-11-08 23:17:06.615 - [Debug] [Connection] Attacker connected: 81.215.228.18 | Client Identification: SSH-2.0-OpenSSH_7.4
2024-11-08 23:17:08.047 - [Debug] [Auth] Attacker 81.215.228.18 trying to authenticate with 'none'
2024-11-08 23:17:08.047 - [Debug] [Auth] Attacker authentication error: No authentication method provided
2024-11-08 23:17:08.467 - [Debug] [Connection] Attacker closed the connection
{"level":"error","message":"Forever detected script was killed by signal: SIGKILL"}
