(node:2009730) Warning: Accessing non-existent property 'padLevels' of module exports inside circular dependency
(Use `node --trace-warnings ...` to show where the warning was created)
Started with the following options:
{
  debug: true,
  mitmIp: '10.0.3.1',
  autoAccess: true,
  autoAccessCache: 5000,
  maxAttemptsPerConnection: 6,
  sshServerIdentifier: 'SSH-2.0-OpenSSH_6.6.1p1 Ubuntu-2ubuntu2',
  containerMountPathPrefix: '/var/lib/lxc',
  containerMountPathSuffix: 'rootfs/',
  loggingAttackerStreams: '/home/student/MITM/logs/session_streams',
  loggingAuthenticationAttempts: '/home/student/MITM/logs/authentication_attempts',
  loggingLogins: '/home/student/MITM/logs/logins',
  loggingLogouts: '/home/student/MITM/logs/logouts',
  loggingKeystrokes: '/home/student/MITM/logs/keystrokes',
  containerName: 'nobanner-nosession-40254',
  containerIp: '10.0.3.248',
  mitmPort: 40254,
  autoAccessFixed: 1
}
2024-11-05 17:10:32.579 - [Info] MITM Version: 2
2024-11-05 17:10:32.581 - [Info] Auto Access Enabled: true
2024-11-05 17:10:32.581 - [Debug] [Init] Auto Access Theshold Achieved: false
2024-11-05 17:10:32.592 - [Info] SSH man-in-the-middle server for 10.0.3.248 listening on 10.0.3.1:40254
2024-11-05 17:10:39.959 - [Debug] [Connection] Attacker connected: 87.236.176.157 | Client Identification: SSH-2.0-Go
2024-11-05 17:10:40.449 - [Debug] [Connection] Attacker closed the connection
{"level":"error","message":"Forever detected script was killed by signal: SIGKILL"}
