(node:1633957) Warning: Accessing non-existent property 'padLevels' of module exports inside circular dependency
(Use `node --trace-warnings ...` to show where the warning was created)
Started with the following options:
{
  debug: true,
  mitmIp: '10.0.3.1',
  autoAccess: true,
  autoAccessCache: 5000,
  maxAttemptsPerConnection: 6,
  sshServerIdentifier: 'SSH-2.0-OpenSSH_6.6.1p1 Ubuntu-2ubuntu2',
  containerMountPathPrefix: '/var/lib/lxc',
  containerMountPathSuffix: 'rootfs/',
  loggingAttackerStreams: '/home/student/MITM/logs/session_streams',
  loggingAuthenticationAttempts: '/home/student/MITM/logs/authentication_attempts',
  loggingLogins: '/home/student/MITM/logs/logins',
  loggingLogouts: '/home/student/MITM/logs/logouts',
  loggingKeystrokes: '/home/student/MITM/logs/keystrokes',
  containerName: 'nobanner-nosession-45813',
  containerIp: '10.0.3.236',
  mitmPort: 45813,
  autoAccessFixed: 1
}
2024-11-16 18:58:54.771 - [Info] MITM Version: 2
2024-11-16 18:58:54.774 - [Info] Auto Access Enabled: true
2024-11-16 18:58:54.774 - [Debug] [Init] Auto Access Theshold Achieved: false
2024-11-16 18:58:54.785 - [Info] SSH man-in-the-middle server for 10.0.3.236 listening on 10.0.3.1:45813
2024-11-16 21:17:36.192 - [Debug] [Connection] Attacker connected: 140.246.127.23 | Client Identification: SSH-2.0-libssh_0.9.6
{"level":"error","message":"Forever detected script was killed by signal: SIGKILL"}
