(node:2207045) Warning: Accessing non-existent property 'padLevels' of module exports inside circular dependency
(Use `node --trace-warnings ...` to show where the warning was created)
Started with the following options:
{
  debug: true,
  mitmIp: '10.0.3.1',
  autoAccess: true,
  autoAccessCache: 5000,
  maxAttemptsPerConnection: 6,
  sshServerIdentifier: 'SSH-2.0-OpenSSH_6.6.1p1 Ubuntu-2ubuntu2',
  containerMountPathPrefix: '/var/lib/lxc',
  containerMountPathSuffix: 'rootfs/',
  loggingAttackerStreams: '/home/student/MITM/logs/session_streams',
  loggingAuthenticationAttempts: '/home/student/MITM/logs/authentication_attempts',
  loggingLogins: '/home/student/MITM/logs/logins',
  loggingLogouts: '/home/student/MITM/logs/logouts',
  loggingKeystrokes: '/home/student/MITM/logs/keystrokes',
  containerName: 'nobanner-nosession-44000',
  containerIp: '10.0.3.16',
  mitmPort: 44000,
  autoAccessFixed: 1
}
2024-11-13 00:32:58.363 - [Info] MITM Version: 2
2024-11-13 00:32:58.365 - [Info] Auto Access Enabled: true
2024-11-13 00:32:58.366 - [Debug] [Init] Auto Access Theshold Achieved: false
2024-11-13 00:32:58.378 - [Info] SSH man-in-the-middle server for 10.0.3.16 listening on 10.0.3.1:44000
2024-11-13 00:37:39.579 - [Debug] [Connection] Attacker connected: 121.202.196.6 | Client Identification: SSH-2.0-OpenSSH_7.4
2024-11-13 00:37:40.049 - [Debug] [Connection] Attacker closed the connection
{"level":"error","message":"Forever detected script was killed by signal: SIGKILL"}
