(node:3479679) Warning: Accessing non-existent property 'padLevels' of module exports inside circular dependency
(Use `node --trace-warnings ...` to show where the warning was created)
Started with the following options:
{
  debug: true,
  mitmIp: '10.0.3.1',
  autoAccess: true,
  autoAccessCache: 5000,
  maxAttemptsPerConnection: 6,
  sshServerIdentifier: 'SSH-2.0-OpenSSH_6.6.1p1 Ubuntu-2ubuntu2',
  containerMountPathPrefix: '/var/lib/lxc',
  containerMountPathSuffix: 'rootfs/',
  loggingAttackerStreams: '/home/student/MITM/logs/session_streams',
  loggingAuthenticationAttempts: '/home/student/MITM/logs/authentication_attempts',
  loggingLogins: '/home/student/MITM/logs/logins',
  loggingLogouts: '/home/student/MITM/logs/logouts',
  loggingKeystrokes: '/home/student/MITM/logs/keystrokes',
  containerName: 'nobanner-nosession-45561',
  containerIp: '10.0.3.185',
  mitmPort: 45561,
  autoAccessFixed: 1
}
2024-11-15 01:42:13.177 - [Info] MITM Version: 2
2024-11-15 01:42:13.179 - [Info] Auto Access Enabled: true
2024-11-15 01:42:13.179 - [Debug] [Init] Auto Access Theshold Achieved: false
2024-11-15 01:42:13.201 - [Info] SSH man-in-the-middle server for 10.0.3.185 listening on 10.0.3.1:45561
2024-11-15 01:59:05.874 - [Debug] [Connection] Attacker connected: 8.213.32.23 | Client Identification: SSH-2.0-libssh_0.9.6
2024-11-15 01:59:13.882 - [Debug] [Connection] Attacker closed the connection
{"level":"error","message":"Forever detected script was killed by signal: SIGKILL"}
